30-Apr-2023 23:18:38.130 ADVERTENCIA [http-nio-8080-exec-87] org.apache.catalina.loader.WebappClassLoaderBase.clearReferencesJdbc La aplicación web [SecondWeaponLife] registró el conductor JDBC [com.mysql.cj.jdbc.Driver] pero falló al anular el registro mientras la aplicación web estaba parada. Para prevenir un fallo de memoria, se ha anulado el registro del conductor JDBC por la fuerza.
30-Apr-2023 23:18:38.131 ADVERTENCIA [http-nio-8080-exec-87] org.apache.catalina.loader.WebappClassLoaderBase.clearReferencesThreads The web application [SecondWeaponLife] appears to have started a thread named [mysql-cj-abandoned-connection-cleanup] but has failed to stop it. This is very likely to create a memory leak. Stack trace of thread:
 java.lang.Object.wait(Native Method)
 java.lang.ref.ReferenceQueue.remove(ReferenceQueue.java:144)
 com.mysql.cj.jdbc.AbandonedConnectionCleanupThread.run(AbandonedConnectionCleanupThread.java:85)
 java.util.concurrent.ThreadPoolExecutor.runWorker(ThreadPoolExecutor.java:1149)
 java.util.concurrent.ThreadPoolExecutor$Worker.run(ThreadPoolExecutor.java:624)
 java.lang.Thread.run(Thread.java:748)
30-Apr-2023 23:18:38.647 INFORMACIÓN [http-nio-8080-exec-87] org.apache.catalina.startup.HostConfig.undeploy Repliegue (undeploy) de la aplicación web que tiene como trayectoria de contexto [/SecondWeaponLife]
30-Apr-2023 23:18:38.664 INFORMACIÓN [http-nio-8080-exec-85] org.apache.catalina.startup.HostConfig.deployDescriptor Desplieque del descriptor de configuración [C:\tomcat9\conf\Catalina\localhost\SecondWeaponLife.xml]
30-Apr-2023 23:18:38.665 ADVERTENCIA [http-nio-8080-exec-85] org.apache.catalina.startup.HostConfig.deployDescriptor The path attribute with value [/SecondWeaponLife] in deployment descriptor [C:\tomcat9\conf\Catalina\localhost\SecondWeaponLife.xml] has been ignored
30-Apr-2023 23:18:40.455 INFORMACIÓN [mysql-cj-abandoned-connection-cleanup] org.apache.catalina.loader.WebappClassLoaderBase.checkStateForResourceLoading Acceso ilegal: esta instancia de aplicación web ya ha sido parada.  Could not load [].  La eventual traza de pila que sigue ha sido motivada por un error lanzado con motivos de depuración así como para intentar terminar el hilo que motivó el acceso ilegal y no tiene impacto funcional.
	java.lang.IllegalStateException: Acceso ilegal: esta instancia de aplicación web ya ha sido parada.  Could not load [].  La eventual traza de pila que sigue ha sido motivada por un error lanzado con motivos de depuración así como para intentar terminar el hilo que motivó el acceso ilegal y no tiene impacto funcional.
		at org.apache.catalina.loader.WebappClassLoaderBase.checkStateForResourceLoading(WebappClassLoaderBase.java:1432)
		at org.apache.catalina.loader.WebappClassLoaderBase.getResource(WebappClassLoaderBase.java:1057)
		at com.mysql.cj.jdbc.AbandonedConnectionCleanupThread.checkThreadContextClassLoader(AbandonedConnectionCleanupThread.java:117)
		at com.mysql.cj.jdbc.AbandonedConnectionCleanupThread.run(AbandonedConnectionCleanupThread.java:84)
		at java.util.concurrent.ThreadPoolExecutor.runWorker(ThreadPoolExecutor.java:1149)
		at java.util.concurrent.ThreadPoolExecutor$Worker.run(ThreadPoolExecutor.java:624)
		at java.lang.Thread.run(Thread.java:748)
30-Apr-2023 23:18:41.017 INFORMACIÓN [http-nio-8080-exec-85] org.apache.jasper.servlet.TldScanner.scanJars Al menos un JAR, que se ha explorado buscando TLDs, aún no contenía TLDs. Activar historial de depuración para este historiador para una completa lista de los JARs que fueron explorados y de los que nos se halló TLDs. Saltarse JARs no necesarios durante la exploración puede dar lugar a una mejora de tiempo significativa en el arranque y compilación de JSP .
30-Apr-2023 23:18:42.169 INFORMACIÓN [http-nio-8080-exec-85] org.apache.catalina.startup.HostConfig.deployDescriptor Deployment of deployment descriptor [C:\tomcat9\conf\Catalina\localhost\SecondWeaponLife.xml] has finished in [3.505] ms
30-Apr-2023 23:18:42.172 INFORMACIÓN [http-nio-8080-exec-82] org.apache.catalina.util.LifecycleBase.start The start() method was called on component [StandardEngine[Catalina].StandardHost[localhost].StandardContext[/SecondWeaponLife]] after start() had already been called. The second call will be ignored.
30-Apr-2023 23:18:46.359 INFORMACIÓN [http-nio-8080-exec-93] org.apache.catalina.startup.HostConfig.undeploy Repliegue (undeploy) de la aplicación web que tiene como trayectoria de contexto [/SecondWeaponLife]
30-Apr-2023 23:18:46.370 INFORMACIÓN [http-nio-8080-exec-84] org.apache.catalina.startup.HostConfig.deployDescriptor Desplieque del descriptor de configuración [C:\tomcat9\conf\Catalina\localhost\SecondWeaponLife.xml]
30-Apr-2023 23:18:46.371 ADVERTENCIA [http-nio-8080-exec-84] org.apache.catalina.startup.HostConfig.deployDescriptor The path attribute with value [/SecondWeaponLife] in deployment descriptor [C:\tomcat9\conf\Catalina\localhost\SecondWeaponLife.xml] has been ignored
30-Apr-2023 23:18:48.451 INFORMACIÓN [http-nio-8080-exec-84] org.apache.jasper.servlet.TldScanner.scanJars Al menos un JAR, que se ha explorado buscando TLDs, aún no contenía TLDs. Activar historial de depuración para este historiador para una completa lista de los JARs que fueron explorados y de los que nos se halló TLDs. Saltarse JARs no necesarios durante la exploración puede dar lugar a una mejora de tiempo significativa en el arranque y compilación de JSP .
30-Apr-2023 23:18:49.554 INFORMACIÓN [http-nio-8080-exec-84] org.apache.catalina.startup.HostConfig.deployDescriptor Deployment of deployment descriptor [C:\tomcat9\conf\Catalina\localhost\SecondWeaponLife.xml] has finished in [3.184] ms
30-Apr-2023 23:18:49.558 INFORMACIÓN [http-nio-8080-exec-91] org.apache.catalina.util.LifecycleBase.start The start() method was called on component [StandardEngine[Catalina].StandardHost[localhost].StandardContext[/SecondWeaponLife]] after start() had already been called. The second call will be ignored.
30-Apr-2023 23:33:32.372 INFORMACIÓN [http-nio-8080-exec-96] org.apache.catalina.core.StandardContext.reload Ha comenzado la recarga de Contexto [/SecondWeaponLife]
30-Apr-2023 23:33:32.425 ADVERTENCIA [http-nio-8080-exec-96] org.apache.catalina.loader.WebappClassLoaderBase.clearReferencesJdbc La aplicación web [SecondWeaponLife] registró el conductor JDBC [com.mysql.cj.jdbc.Driver] pero falló al anular el registro mientras la aplicación web estaba parada. Para prevenir un fallo de memoria, se ha anulado el registro del conductor JDBC por la fuerza.
30-Apr-2023 23:33:32.427 ADVERTENCIA [http-nio-8080-exec-96] org.apache.catalina.loader.WebappClassLoaderBase.clearReferencesThreads The web application [SecondWeaponLife] appears to have started a thread named [mysql-cj-abandoned-connection-cleanup] but has failed to stop it. This is very likely to create a memory leak. Stack trace of thread:
 java.lang.Object.wait(Native Method)
 java.lang.ref.ReferenceQueue.remove(ReferenceQueue.java:144)
 com.mysql.cj.jdbc.AbandonedConnectionCleanupThread.run(AbandonedConnectionCleanupThread.java:85)
 java.util.concurrent.ThreadPoolExecutor.runWorker(ThreadPoolExecutor.java:1149)
 java.util.concurrent.ThreadPoolExecutor$Worker.run(ThreadPoolExecutor.java:624)
 java.lang.Thread.run(Thread.java:748)
30-Apr-2023 23:33:33.206 INFORMACIÓN [mysql-cj-abandoned-connection-cleanup] org.apache.catalina.loader.WebappClassLoaderBase.checkStateForResourceLoading Acceso ilegal: esta instancia de aplicación web ya ha sido parada.  Could not load [].  La eventual traza de pila que sigue ha sido motivada por un error lanzado con motivos de depuración así como para intentar terminar el hilo que motivó el acceso ilegal y no tiene impacto funcional.
	java.lang.IllegalStateException: Acceso ilegal: esta instancia de aplicación web ya ha sido parada.  Could not load [].  La eventual traza de pila que sigue ha sido motivada por un error lanzado con motivos de depuración así como para intentar terminar el hilo que motivó el acceso ilegal y no tiene impacto funcional.
		at org.apache.catalina.loader.WebappClassLoaderBase.checkStateForResourceLoading(WebappClassLoaderBase.java:1432)
		at org.apache.catalina.loader.WebappClassLoaderBase.getResource(WebappClassLoaderBase.java:1057)
		at com.mysql.cj.jdbc.AbandonedConnectionCleanupThread.checkThreadContextClassLoader(AbandonedConnectionCleanupThread.java:117)
		at com.mysql.cj.jdbc.AbandonedConnectionCleanupThread.run(AbandonedConnectionCleanupThread.java:84)
		at java.util.concurrent.ThreadPoolExecutor.runWorker(ThreadPoolExecutor.java:1149)
		at java.util.concurrent.ThreadPoolExecutor$Worker.run(ThreadPoolExecutor.java:624)
		at java.lang.Thread.run(Thread.java:748)
30-Apr-2023 23:33:34.645 INFORMACIÓN [http-nio-8080-exec-96] org.apache.jasper.servlet.TldScanner.scanJars Al menos un JAR, que se ha explorado buscando TLDs, aún no contenía TLDs. Activar historial de depuración para este historiador para una completa lista de los JARs que fueron explorados y de los que nos se halló TLDs. Saltarse JARs no necesarios durante la exploración puede dar lugar a una mejora de tiempo significativa en el arranque y compilación de JSP .
30-Apr-2023 23:33:35.842 INFORMACIÓN [http-nio-8080-exec-96] org.apache.catalina.core.StandardContext.reload Se ha completado la recarga de este Contexto
30-Apr-2023 23:33:36.171 INFORMACIÓN [http-nio-8080-exec-95] org.apache.catalina.core.StandardContext.reload Ha comenzado la recarga de Contexto [/SecondWeaponLife]
30-Apr-2023 23:33:38.413 INFORMACIÓN [http-nio-8080-exec-95] org.apache.jasper.servlet.TldScanner.scanJars Al menos un JAR, que se ha explorado buscando TLDs, aún no contenía TLDs. Activar historial de depuración para este historiador para una completa lista de los JARs que fueron explorados y de los que nos se halló TLDs. Saltarse JARs no necesarios durante la exploración puede dar lugar a una mejora de tiempo significativa en el arranque y compilación de JSP .
30-Apr-2023 23:33:39.618 INFORMACIÓN [http-nio-8080-exec-95] org.apache.catalina.core.StandardContext.reload Se ha completado la recarga de este Contexto
30-Apr-2023 23:45:49.040 INFORMACIÓN [http-nio-8080-exec-110] org.apache.catalina.core.StandardContext.reload Ha comenzado la recarga de Contexto [/SecondWeaponLife]
30-Apr-2023 23:45:51.250 INFORMACIÓN [http-nio-8080-exec-110] org.apache.jasper.servlet.TldScanner.scanJars Al menos un JAR, que se ha explorado buscando TLDs, aún no contenía TLDs. Activar historial de depuración para este historiador para una completa lista de los JARs que fueron explorados y de los que nos se halló TLDs. Saltarse JARs no necesarios durante la exploración puede dar lugar a una mejora de tiempo significativa en el arranque y compilación de JSP .
30-Apr-2023 23:45:52.503 INFORMACIÓN [http-nio-8080-exec-110] org.apache.catalina.core.StandardContext.reload Se ha completado la recarga de este Contexto
30-Apr-2023 23:53:59.447 INFORMACIÓN [http-nio-8080-exec-122] org.apache.catalina.core.StandardContext.reload Ha comenzado la recarga de Contexto [/SecondWeaponLife]
30-Apr-2023 23:54:02.053 INFORMACIÓN [http-nio-8080-exec-122] org.apache.jasper.servlet.TldScanner.scanJars Al menos un JAR, que se ha explorado buscando TLDs, aún no contenía TLDs. Activar historial de depuración para este historiador para una completa lista de los JARs que fueron explorados y de los que nos se halló TLDs. Saltarse JARs no necesarios durante la exploración puede dar lugar a una mejora de tiempo significativa en el arranque y compilación de JSP .
30-Apr-2023 23:54:03.144 INFORMACIÓN [http-nio-8080-exec-122] org.apache.catalina.core.StandardContext.reload Se ha completado la recarga de este Contexto
30-Apr-2023 23:57:56.683 INFORMACIÓN [http-nio-8080-exec-133] org.apache.catalina.startup.HostConfig.undeploy Repliegue (undeploy) de la aplicación web que tiene como trayectoria de contexto [/SecondWeaponLife]
30-Apr-2023 23:58:01.170 INFORMACIÓN [http-nio-8080-exec-130] org.apache.catalina.startup.HostConfig.deployDescriptor Desplieque del descriptor de configuración [C:\tomcat9\conf\Catalina\localhost\SecondWeaponLife.xml]
30-Apr-2023 23:58:01.172 ADVERTENCIA [http-nio-8080-exec-130] org.apache.catalina.startup.HostConfig.deployDescriptor The path attribute with value [/SecondWeaponLife] in deployment descriptor [C:\tomcat9\conf\Catalina\localhost\SecondWeaponLife.xml] has been ignored
30-Apr-2023 23:58:03.448 INFORMACIÓN [http-nio-8080-exec-130] org.apache.jasper.servlet.TldScanner.scanJars Al menos un JAR, que se ha explorado buscando TLDs, aún no contenía TLDs. Activar historial de depuración para este historiador para una completa lista de los JARs que fueron explorados y de los que nos se halló TLDs. Saltarse JARs no necesarios durante la exploración puede dar lugar a una mejora de tiempo significativa en el arranque y compilación de JSP .
30-Apr-2023 23:58:04.562 INFORMACIÓN [http-nio-8080-exec-130] org.apache.catalina.startup.HostConfig.deployDescriptor Deployment of deployment descriptor [C:\tomcat9\conf\Catalina\localhost\SecondWeaponLife.xml] has finished in [3.392] ms
30-Apr-2023 23:58:04.564 INFORMACIÓN [http-nio-8080-exec-133] org.apache.catalina.util.LifecycleBase.start The start() method was called on component [StandardEngine[Catalina].StandardHost[localhost].StandardContext[/SecondWeaponLife]] after start() had already been called. The second call will be ignored.
