14-Apr-2023 01:07:54.907 INFORMACIÓN [main] org.apache.catalina.core.StandardServer.await Se ha recibido un comando de apagado a través del puerto de apagado. Parando la instancia del Servidor.
14-Apr-2023 01:07:54.907 INFORMACIÓN [main] org.apache.coyote.AbstractProtocol.pause Pausing ProtocolHandler ["http-nio-8080"]
14-Apr-2023 01:07:55.166 INFORMACIÓN [main] org.apache.catalina.core.StandardService.stopInternal Parando servicio [Catalina]
14-Apr-2023 01:07:55.190 INFORMACIÓN [main] org.apache.coyote.AbstractProtocol.stop Stopping ProtocolHandler ["http-nio-8080"]
14-Apr-2023 01:07:55.202 INFORMACIÓN [main] org.apache.coyote.AbstractProtocol.destroy Destroying ProtocolHandler ["http-nio-8080"]
14-Apr-2023 01:07:59.984 INFORMACIÓN [main] org.apache.catalina.startup.VersionLoggerListener.log Nombre de la versión del servidor: Apache Tomcat/9.0.71
14-Apr-2023 01:07:59.987 INFORMACIÓN [main] org.apache.catalina.startup.VersionLoggerListener.log Server built:                      Jan 9 2023 22:33:01 UTC
14-Apr-2023 01:07:59.987 INFORMACIÓN [main] org.apache.catalina.startup.VersionLoggerListener.log Número de versión de servidor:     9.0.71.0
14-Apr-2023 01:07:59.987 INFORMACIÓN [main] org.apache.catalina.startup.VersionLoggerListener.log OS Name:                           Windows 10
14-Apr-2023 01:07:59.987 INFORMACIÓN [main] org.apache.catalina.startup.VersionLoggerListener.log Versión de Systema Operativo:      10.0
14-Apr-2023 01:07:59.987 INFORMACIÓN [main] org.apache.catalina.startup.VersionLoggerListener.log Arquitectura:                      amd64
14-Apr-2023 01:07:59.987 INFORMACIÓN [main] org.apache.catalina.startup.VersionLoggerListener.log Java Home:                         C:\Program Files\Java\jdk1.8.0_192\jre
14-Apr-2023 01:07:59.987 INFORMACIÓN [main] org.apache.catalina.startup.VersionLoggerListener.log JVM Version:                       1.8.0_192-b12
14-Apr-2023 01:07:59.987 INFORMACIÓN [main] org.apache.catalina.startup.VersionLoggerListener.log Vededor JVM:                       Oracle Corporation
14-Apr-2023 01:07:59.987 INFORMACIÓN [main] org.apache.catalina.startup.VersionLoggerListener.log CATALINA_BASE:                     C:\tomcat9
14-Apr-2023 01:07:59.987 INFORMACIÓN [main] org.apache.catalina.startup.VersionLoggerListener.log CATALINA_HOME:                     C:\tomcat9
14-Apr-2023 01:07:59.989 INFORMACIÓN [main] org.apache.catalina.startup.VersionLoggerListener.log Command line argument:             -Djava.util.logging.config.file=C:\tomcat9\conf\logging.properties
14-Apr-2023 01:07:59.989 INFORMACIÓN [main] org.apache.catalina.startup.VersionLoggerListener.log Command line argument:             -Djava.util.logging.manager=org.apache.juli.ClassLoaderLogManager
14-Apr-2023 01:07:59.989 INFORMACIÓN [main] org.apache.catalina.startup.VersionLoggerListener.log Command line argument:             -Djdk.tls.ephemeralDHKeySize=2048
14-Apr-2023 01:07:59.989 INFORMACIÓN [main] org.apache.catalina.startup.VersionLoggerListener.log Command line argument:             -Djava.protocol.handler.pkgs=org.apache.catalina.webresources
14-Apr-2023 01:07:59.989 INFORMACIÓN [main] org.apache.catalina.startup.VersionLoggerListener.log Command line argument:             -agentlib:jdwp=transport=dt_shmem,address=tomcat_shared_memory_id,server=y,suspend=n
14-Apr-2023 01:07:59.989 INFORMACIÓN [main] org.apache.catalina.startup.VersionLoggerListener.log Command line argument:             -Dignore.endorsed.dirs=
14-Apr-2023 01:07:59.989 INFORMACIÓN [main] org.apache.catalina.startup.VersionLoggerListener.log Command line argument:             -Dcatalina.base=C:\tomcat9
14-Apr-2023 01:07:59.989 INFORMACIÓN [main] org.apache.catalina.startup.VersionLoggerListener.log Command line argument:             -Dcatalina.home=C:\tomcat9
14-Apr-2023 01:07:59.990 INFORMACIÓN [main] org.apache.catalina.startup.VersionLoggerListener.log Command line argument:             -Djava.io.tmpdir=C:\tomcat9\temp
14-Apr-2023 01:08:00.010 INFORMACIÓN [main] org.apache.catalina.core.AprLifecycleListener.lifecycleEvent La biblioteca nativa de Apache Tomcat basada en ARP que permite un rendimiento óptimo en entornos de desarrollo no ha sido hallada en java.library.path: [C:\Program Files\Java\jdk1.8.0_192\bin;C:\Windows\Sun\Java\bin;C:\Windows\system32;C:\Windows;C:\Program Files\Common Files\Oracle\Java\javapath;C:\Program Files\Microsoft\jdk-11.0.16.101-hotspot\bin;C:\Program Files (x86)\Common Files\Oracle\Java\javapath;C:\Ruby32-x64\bin;C:\Windows\system32;C:\Windows;C:\Windows\System32\Wbem;C:\Windows\System32\WindowsPowerShell\v1.0\;C:\Windows\System32\OpenSSH\;C:\Program Files (x86)\NVIDIA Corporation\PhysX\Common;C:\Program Files\Microsoft SQL Server\Client SDK\ODBC\170\Tools\Binn\;C:\Program Files (x86)\Microsoft SQL Server\150\Tools\Binn\;C:\Program Files\Microsoft SQL Server\150\Tools\Binn\;C:\Program Files\Microsoft SQL Server\150\DTS\Binn\;C:\Program Files\Git\cmd;C:\Program Files\dotnet\;C:\Users\Zatonio\AppData\Local\Android\Sdk\platforms;C:\Users\Zatonio\AppData\Local\Android\Sdk\platform-tools;C:\Users\Zatonio\AppData\Local\Android\Sdk\tools;C:\Users\Zatonio\AppData\Local\Android\Sdk\emulator;C:\Users\Zatonio\AppData\Local\Microsoft\WindowsApps;C:\Users\Zatonio\AppData\Local\Programs\Microsoft VS Code\bin;C:\Program Files\Java\jdk-19\bin.;C:\Users\Zatonio\AppData\Local\Android\Sdk;C:\flutter\bin;C:\Program Files\Git\bin\git.exe;C:\Program Files\Git\bin\cmd;C:\Users\Zatonio\AppData\Local\GitHubDesktop\bin;C:\Users\Zatonio\.dotnet\tools;;.]
14-Apr-2023 01:08:00.430 INFORMACIÓN [main] org.apache.coyote.AbstractProtocol.init Inicializando el manejador de protocolo ["http-nio-8080"]

14-Apr-2023 01:08:00.453 INFORMACIÓN [main] org.apache.catalina.startup.Catalina.load Server initialization in [729] milliseconds
14-Apr-2023 01:08:00.501 INFORMACIÓN [main] org.apache.catalina.core.StandardService.startInternal Arrancando servicio [Catalina]
14-Apr-2023 01:08:00.501 INFORMACIÓN [main] org.apache.catalina.core.StandardEngine.startInternal Starting Servlet engine: [Apache Tomcat/9.0.71]
14-Apr-2023 01:08:00.512 INFORMACIÓN [main] org.apache.catalina.startup.HostConfig.deployDescriptor Desplieque del descriptor de configuración [C:\tomcat9\conf\Catalina\localhost\Empresa2022.xml]
14-Apr-2023 01:08:00.535 ADVERTENCIA [main] org.apache.catalina.startup.HostConfig.deployDescriptor The path attribute with value [/Empresa2022] in deployment descriptor [C:\tomcat9\conf\Catalina\localhost\Empresa2022.xml] has been ignored
14-Apr-2023 01:08:00.570 GRAVE [main] org.apache.catalina.startup.HostConfig.deployDescriptor Error durante el despliegue del descriptor de configuración [C:\tomcat9\conf\Catalina\localhost\Empresa2022.xml]
	java.lang.IllegalStateException: Error starting child
		at org.apache.catalina.core.ContainerBase.addChildInternal(ContainerBase.java:729)
		at org.apache.catalina.core.ContainerBase.addChild(ContainerBase.java:698)
		at org.apache.catalina.core.StandardHost.addChild(StandardHost.java:696)
		at org.apache.catalina.startup.HostConfig.deployDescriptor(HostConfig.java:689)
		at org.apache.catalina.startup.HostConfig$DeployDescriptor.run(HostConfig.java:1888)
		at java.util.concurrent.Executors$RunnableAdapter.call(Executors.java:511)
		at java.util.concurrent.FutureTask.run(FutureTask.java:266)
		at org.apache.tomcat.util.threads.InlineExecutorService.execute(InlineExecutorService.java:75)
		at java.util.concurrent.AbstractExecutorService.submit(AbstractExecutorService.java:112)
		at org.apache.catalina.startup.HostConfig.deployDescriptors(HostConfig.java:582)
		at org.apache.catalina.startup.HostConfig.deployApps(HostConfig.java:472)
		at org.apache.catalina.startup.HostConfig.start(HostConfig.java:1617)
		at org.apache.catalina.startup.HostConfig.lifecycleEvent(HostConfig.java:318)
		at org.apache.catalina.util.LifecycleBase.fireLifecycleEvent(LifecycleBase.java:123)
		at org.apache.catalina.util.LifecycleBase.setStateInternal(LifecycleBase.java:423)
		at org.apache.catalina.util.LifecycleBase.setState(LifecycleBase.java:366)
		at org.apache.catalina.core.ContainerBase.startInternal(ContainerBase.java:943)
		at org.apache.catalina.core.StandardHost.startInternal(StandardHost.java:835)
		at org.apache.catalina.util.LifecycleBase.start(LifecycleBase.java:183)
		at org.apache.catalina.core.ContainerBase$StartChild.call(ContainerBase.java:1393)
		at org.apache.catalina.core.ContainerBase$StartChild.call(ContainerBase.java:1383)
		at java.util.concurrent.FutureTask.run(FutureTask.java:266)
		at org.apache.tomcat.util.threads.InlineExecutorService.execute(InlineExecutorService.java:75)
		at java.util.concurrent.AbstractExecutorService.submit(AbstractExecutorService.java:134)
		at org.apache.catalina.core.ContainerBase.startInternal(ContainerBase.java:916)
		at org.apache.catalina.core.StandardEngine.startInternal(StandardEngine.java:265)
		at org.apache.catalina.util.LifecycleBase.start(LifecycleBase.java:183)
		at org.apache.catalina.core.StandardService.startInternal(StandardService.java:430)
		at org.apache.catalina.util.LifecycleBase.start(LifecycleBase.java:183)
		at org.apache.catalina.core.StandardServer.startInternal(StandardServer.java:930)
		at org.apache.catalina.util.LifecycleBase.start(LifecycleBase.java:183)
		at org.apache.catalina.startup.Catalina.start(Catalina.java:772)
		at sun.reflect.NativeMethodAccessorImpl.invoke0(Native Method)
		at sun.reflect.NativeMethodAccessorImpl.invoke(NativeMethodAccessorImpl.java:62)
		at sun.reflect.DelegatingMethodAccessorImpl.invoke(DelegatingMethodAccessorImpl.java:43)
		at java.lang.reflect.Method.invoke(Method.java:498)
		at org.apache.catalina.startup.Bootstrap.start(Bootstrap.java:347)
		at org.apache.catalina.startup.Bootstrap.main(Bootstrap.java:478)
	Caused by: org.apache.catalina.LifecycleException: Failed to start component [org.apache.catalina.webresources.StandardRoot@506ae4d4]
		at org.apache.catalina.util.LifecycleBase.handleSubClassException(LifecycleBase.java:440)
		at org.apache.catalina.util.LifecycleBase.start(LifecycleBase.java:198)
		at org.apache.catalina.core.StandardContext.resourcesStart(StandardContext.java:4881)
		at org.apache.catalina.core.StandardContext.startInternal(StandardContext.java:5014)
		at org.apache.catalina.util.LifecycleBase.start(LifecycleBase.java:183)
		at org.apache.catalina.core.ContainerBase.addChildInternal(ContainerBase.java:726)
		... 37 more
	Caused by: java.lang.IllegalArgumentException: The main resource set specified [C:\Users\Zatonio\Documents\NetBeansProjects\Empresa2022\build\web] is not valid
		at org.apache.catalina.webresources.StandardRoot.createMainResourceSet(StandardRoot.java:777)
		at org.apache.catalina.webresources.StandardRoot.startInternal(StandardRoot.java:734)
		at org.apache.catalina.util.LifecycleBase.start(LifecycleBase.java:183)
		... 41 more
14-Apr-2023 01:08:00.592 INFORMACIÓN [main] org.apache.catalina.startup.HostConfig.deployDescriptor Deployment of deployment descriptor [C:\tomcat9\conf\Catalina\localhost\Empresa2022.xml] has finished in [79] ms
14-Apr-2023 01:08:00.592 INFORMACIÓN [main] org.apache.catalina.startup.HostConfig.deployDescriptor Desplieque del descriptor de configuración [C:\tomcat9\conf\Catalina\localhost\SecondWeaponLife.xml]
14-Apr-2023 01:08:00.594 ADVERTENCIA [main] org.apache.catalina.startup.HostConfig.deployDescriptor The path attribute with value [/SecondWeaponLife] in deployment descriptor [C:\tomcat9\conf\Catalina\localhost\SecondWeaponLife.xml] has been ignored
14-Apr-2023 01:08:03.617 INFORMACIÓN [main] org.apache.jasper.servlet.TldScanner.scanJars Al menos un JAR, que se ha explorado buscando TLDs, aún no contenía TLDs. Activar historial de depuración para este historiador para una completa lista de los JARs que fueron explorados y de los que nos se halló TLDs. Saltarse JARs no necesarios durante la exploración puede dar lugar a una mejora de tiempo significativa en el arranque y compilación de JSP .
14-Apr-2023 01:08:04.001 ADVERTENCIA [main] org.apache.catalina.util.SessionIdGeneratorBase.createSecureRandom Creation of SecureRandom instance for session ID generation using [SHA1PRNG] took [292] milliseconds.
14-Apr-2023 01:08:04.039 INFORMACIÓN [main] org.apache.catalina.startup.HostConfig.deployDescriptor Deployment of deployment descriptor [C:\tomcat9\conf\Catalina\localhost\SecondWeaponLife.xml] has finished in [3.447] ms
14-Apr-2023 01:08:04.040 INFORMACIÓN [main] org.apache.catalina.startup.HostConfig.deployDirectory Desplegando el directorio [C:\tomcat9\webapps\docs] de la aplicación web
14-Apr-2023 01:08:04.059 INFORMACIÓN [main] org.apache.catalina.startup.HostConfig.deployDirectory Deployment of web application directory [C:\tomcat9\webapps\docs] has finished in [20] ms
14-Apr-2023 01:08:04.059 INFORMACIÓN [main] org.apache.catalina.startup.HostConfig.deployDirectory Desplegando el directorio [C:\tomcat9\webapps\examples] de la aplicación web
14-Apr-2023 01:08:04.638 INFORMACIÓN [main] org.apache.catalina.startup.HostConfig.deployDirectory Deployment of web application directory [C:\tomcat9\webapps\examples] has finished in [579] ms
14-Apr-2023 01:08:04.638 INFORMACIÓN [main] org.apache.catalina.startup.HostConfig.deployDirectory Desplegando el directorio [C:\tomcat9\webapps\host-manager] de la aplicación web
14-Apr-2023 01:08:04.670 INFORMACIÓN [main] org.apache.catalina.startup.HostConfig.deployDirectory Deployment of web application directory [C:\tomcat9\webapps\host-manager] has finished in [31] ms
14-Apr-2023 01:08:04.670 INFORMACIÓN [main] org.apache.catalina.startup.HostConfig.deployDirectory Desplegando el directorio [C:\tomcat9\webapps\manager] de la aplicación web
14-Apr-2023 01:08:04.689 INFORMACIÓN [main] org.apache.catalina.startup.HostConfig.deployDirectory Deployment of web application directory [C:\tomcat9\webapps\manager] has finished in [19] ms
14-Apr-2023 01:08:04.689 INFORMACIÓN [main] org.apache.catalina.startup.HostConfig.deployDirectory Desplegando el directorio [C:\tomcat9\webapps\ROOT] de la aplicación web
14-Apr-2023 01:08:04.721 INFORMACIÓN [main] org.apache.catalina.startup.HostConfig.deployDirectory Deployment of web application directory [C:\tomcat9\webapps\ROOT] has finished in [32] ms
14-Apr-2023 01:08:04.727 INFORMACIÓN [main] org.apache.coyote.AbstractProtocol.start Starting ProtocolHandler ["http-nio-8080"]
14-Apr-2023 01:08:04.750 INFORMACIÓN [main] org.apache.catalina.startup.Catalina.start Server startup in [4295] milliseconds
14-Apr-2023 01:08:06.132 INFORMACIÓN [http-nio-8080-exec-8] org.apache.catalina.startup.HostConfig.undeploy Repliegue (undeploy) de la aplicación web que tiene como trayectoria de contexto [/SecondWeaponLife]
14-Apr-2023 01:08:06.158 INFORMACIÓN [http-nio-8080-exec-5] org.apache.catalina.startup.HostConfig.deployDescriptor Desplieque del descriptor de configuración [C:\tomcat9\conf\Catalina\localhost\SecondWeaponLife.xml]
14-Apr-2023 01:08:06.160 ADVERTENCIA [http-nio-8080-exec-5] org.apache.catalina.startup.HostConfig.deployDescriptor The path attribute with value [/SecondWeaponLife] in deployment descriptor [C:\tomcat9\conf\Catalina\localhost\SecondWeaponLife.xml] has been ignored
14-Apr-2023 01:08:08.658 INFORMACIÓN [http-nio-8080-exec-5] org.apache.jasper.servlet.TldScanner.scanJars Al menos un JAR, que se ha explorado buscando TLDs, aún no contenía TLDs. Activar historial de depuración para este historiador para una completa lista de los JARs que fueron explorados y de los que nos se halló TLDs. Saltarse JARs no necesarios durante la exploración puede dar lugar a una mejora de tiempo significativa en el arranque y compilación de JSP .
14-Apr-2023 01:08:08.730 INFORMACIÓN [http-nio-8080-exec-5] org.apache.catalina.startup.HostConfig.deployDescriptor Deployment of deployment descriptor [C:\tomcat9\conf\Catalina\localhost\SecondWeaponLife.xml] has finished in [2.572] ms
14-Apr-2023 01:08:08.734 INFORMACIÓN [http-nio-8080-exec-2] org.apache.catalina.util.LifecycleBase.start The start() method was called on component [StandardEngine[Catalina].StandardHost[localhost].StandardContext[/SecondWeaponLife]] after start() had already been called. The second call will be ignored.
14-Apr-2023 01:46:02.565 INFORMACIÓN [http-nio-8080-exec-13] org.apache.catalina.startup.HostConfig.undeploy Repliegue (undeploy) de la aplicación web que tiene como trayectoria de contexto [/SecondWeaponLife]
14-Apr-2023 01:46:02.583 INFORMACIÓN [http-nio-8080-exec-19] org.apache.catalina.startup.HostConfig.deployDescriptor Desplieque del descriptor de configuración [C:\tomcat9\conf\Catalina\localhost\SecondWeaponLife.xml]
14-Apr-2023 01:46:02.585 ADVERTENCIA [http-nio-8080-exec-19] org.apache.catalina.startup.HostConfig.deployDescriptor The path attribute with value [/SecondWeaponLife] in deployment descriptor [C:\tomcat9\conf\Catalina\localhost\SecondWeaponLife.xml] has been ignored
14-Apr-2023 01:46:04.807 INFORMACIÓN [http-nio-8080-exec-19] org.apache.jasper.servlet.TldScanner.scanJars Al menos un JAR, que se ha explorado buscando TLDs, aún no contenía TLDs. Activar historial de depuración para este historiador para una completa lista de los JARs que fueron explorados y de los que nos se halló TLDs. Saltarse JARs no necesarios durante la exploración puede dar lugar a una mejora de tiempo significativa en el arranque y compilación de JSP .
14-Apr-2023 01:46:04.872 INFORMACIÓN [http-nio-8080-exec-19] org.apache.catalina.startup.HostConfig.deployDescriptor Deployment of deployment descriptor [C:\tomcat9\conf\Catalina\localhost\SecondWeaponLife.xml] has finished in [2.289] ms
14-Apr-2023 01:46:04.875 INFORMACIÓN [http-nio-8080-exec-17] org.apache.catalina.util.LifecycleBase.start The start() method was called on component [StandardEngine[Catalina].StandardHost[localhost].StandardContext[/SecondWeaponLife]] after start() had already been called. The second call will be ignored.
14-Apr-2023 02:27:07.932 INFORMACIÓN [main] org.apache.catalina.core.StandardServer.await Se ha recibido un comando de apagado a través del puerto de apagado. Parando la instancia del Servidor.
14-Apr-2023 02:27:07.932 INFORMACIÓN [main] org.apache.coyote.AbstractProtocol.pause Pausing ProtocolHandler ["http-nio-8080"]
14-Apr-2023 02:27:08.203 INFORMACIÓN [main] org.apache.catalina.core.StandardService.stopInternal Parando servicio [Catalina]
14-Apr-2023 02:27:08.230 INFORMACIÓN [main] org.apache.coyote.AbstractProtocol.stop Stopping ProtocolHandler ["http-nio-8080"]
14-Apr-2023 02:27:08.238 INFORMACIÓN [main] org.apache.coyote.AbstractProtocol.destroy Destroying ProtocolHandler ["http-nio-8080"]
14-Apr-2023 10:54:41.885 INFORMACIÓN [main] org.apache.catalina.startup.VersionLoggerListener.log Nombre de la versión del servidor: Apache Tomcat/9.0.71
14-Apr-2023 10:54:41.888 INFORMACIÓN [main] org.apache.catalina.startup.VersionLoggerListener.log Server built:                      Jan 9 2023 22:33:01 UTC
14-Apr-2023 10:54:41.888 INFORMACIÓN [main] org.apache.catalina.startup.VersionLoggerListener.log Número de versión de servidor:     9.0.71.0
14-Apr-2023 10:54:41.888 INFORMACIÓN [main] org.apache.catalina.startup.VersionLoggerListener.log OS Name:                           Windows 10
14-Apr-2023 10:54:41.889 INFORMACIÓN [main] org.apache.catalina.startup.VersionLoggerListener.log Versión de Systema Operativo:      10.0
14-Apr-2023 10:54:41.889 INFORMACIÓN [main] org.apache.catalina.startup.VersionLoggerListener.log Arquitectura:                      amd64
14-Apr-2023 10:54:41.889 INFORMACIÓN [main] org.apache.catalina.startup.VersionLoggerListener.log Java Home:                         C:\Program Files\Java\jdk1.8.0_192\jre
14-Apr-2023 10:54:41.889 INFORMACIÓN [main] org.apache.catalina.startup.VersionLoggerListener.log JVM Version:                       1.8.0_192-b12
14-Apr-2023 10:54:41.889 INFORMACIÓN [main] org.apache.catalina.startup.VersionLoggerListener.log Vededor JVM:                       Oracle Corporation
14-Apr-2023 10:54:41.889 INFORMACIÓN [main] org.apache.catalina.startup.VersionLoggerListener.log CATALINA_BASE:                     C:\tomcat9
14-Apr-2023 10:54:41.889 INFORMACIÓN [main] org.apache.catalina.startup.VersionLoggerListener.log CATALINA_HOME:                     C:\tomcat9
14-Apr-2023 10:54:41.890 INFORMACIÓN [main] org.apache.catalina.startup.VersionLoggerListener.log Command line argument:             -Djava.util.logging.config.file=C:\tomcat9\conf\logging.properties
14-Apr-2023 10:54:41.890 INFORMACIÓN [main] org.apache.catalina.startup.VersionLoggerListener.log Command line argument:             -Djava.util.logging.manager=org.apache.juli.ClassLoaderLogManager
14-Apr-2023 10:54:41.891 INFORMACIÓN [main] org.apache.catalina.startup.VersionLoggerListener.log Command line argument:             -Djdk.tls.ephemeralDHKeySize=2048
14-Apr-2023 10:54:41.891 INFORMACIÓN [main] org.apache.catalina.startup.VersionLoggerListener.log Command line argument:             -Djava.protocol.handler.pkgs=org.apache.catalina.webresources
14-Apr-2023 10:54:41.891 INFORMACIÓN [main] org.apache.catalina.startup.VersionLoggerListener.log Command line argument:             -Dignore.endorsed.dirs=
14-Apr-2023 10:54:41.891 INFORMACIÓN [main] org.apache.catalina.startup.VersionLoggerListener.log Command line argument:             -Dcatalina.base=C:\tomcat9
14-Apr-2023 10:54:41.891 INFORMACIÓN [main] org.apache.catalina.startup.VersionLoggerListener.log Command line argument:             -Dcatalina.home=C:\tomcat9
14-Apr-2023 10:54:41.891 INFORMACIÓN [main] org.apache.catalina.startup.VersionLoggerListener.log Command line argument:             -Djava.io.tmpdir=C:\tomcat9\temp
14-Apr-2023 10:54:41.907 INFORMACIÓN [main] org.apache.catalina.core.AprLifecycleListener.lifecycleEvent La biblioteca nativa de Apache Tomcat basada en ARP que permite un rendimiento óptimo en entornos de desarrollo no ha sido hallada en java.library.path: [C:\Program Files\Java\jdk1.8.0_192\bin;C:\Windows\Sun\Java\bin;C:\Windows\system32;C:\Windows;C:\Program Files\Common Files\Oracle\Java\javapath;C:\Program Files\Microsoft\jdk-11.0.16.101-hotspot\bin;C:\Program Files (x86)\Common Files\Oracle\Java\javapath;C:\Ruby32-x64\bin;C:\Windows\system32;C:\Windows;C:\Windows\System32\Wbem;C:\Windows\System32\WindowsPowerShell\v1.0\;C:\Windows\System32\OpenSSH\;C:\Program Files (x86)\NVIDIA Corporation\PhysX\Common;C:\Program Files\Microsoft SQL Server\Client SDK\ODBC\170\Tools\Binn\;C:\Program Files (x86)\Microsoft SQL Server\150\Tools\Binn\;C:\Program Files\Microsoft SQL Server\150\Tools\Binn\;C:\Program Files\Microsoft SQL Server\150\DTS\Binn\;C:\Program Files\Git\cmd;C:\Program Files\dotnet\;C:\Users\Zatonio\AppData\Local\Android\Sdk\platforms;C:\Users\Zatonio\AppData\Local\Android\Sdk\platform-tools;C:\Users\Zatonio\AppData\Local\Android\Sdk\tools;C:\Users\Zatonio\AppData\Local\Android\Sdk\emulator;C:\Users\Zatonio\AppData\Local\Microsoft\WindowsApps;C:\Users\Zatonio\AppData\Local\Programs\Microsoft VS Code\bin;C:\Program Files\Java\jdk-19\bin.;C:\Users\Zatonio\AppData\Local\Android\Sdk;C:\flutter\bin;C:\Program Files\Git\bin\git.exe;C:\Program Files\Git\bin\cmd;C:\Users\Zatonio\AppData\Local\GitHubDesktop\bin;C:\Users\Zatonio\.dotnet\tools;;.]
14-Apr-2023 10:54:42.373 INFORMACIÓN [main] org.apache.coyote.AbstractProtocol.init Inicializando el manejador de protocolo ["http-nio-8080"]

14-Apr-2023 10:54:42.405 INFORMACIÓN [main] org.apache.catalina.startup.Catalina.load Server initialization in [755] milliseconds
14-Apr-2023 10:54:42.443 INFORMACIÓN [main] org.apache.catalina.core.StandardService.startInternal Arrancando servicio [Catalina]
14-Apr-2023 10:54:42.443 INFORMACIÓN [main] org.apache.catalina.core.StandardEngine.startInternal Starting Servlet engine: [Apache Tomcat/9.0.71]
14-Apr-2023 10:54:42.454 INFORMACIÓN [main] org.apache.catalina.startup.HostConfig.deployDescriptor Desplieque del descriptor de configuración [C:\tomcat9\conf\Catalina\localhost\Empresa2022.xml]
14-Apr-2023 10:54:42.478 ADVERTENCIA [main] org.apache.catalina.startup.HostConfig.deployDescriptor The path attribute with value [/Empresa2022] in deployment descriptor [C:\tomcat9\conf\Catalina\localhost\Empresa2022.xml] has been ignored
14-Apr-2023 10:54:42.515 GRAVE [main] org.apache.catalina.startup.HostConfig.deployDescriptor Error durante el despliegue del descriptor de configuración [C:\tomcat9\conf\Catalina\localhost\Empresa2022.xml]
	java.lang.IllegalStateException: Error starting child
		at org.apache.catalina.core.ContainerBase.addChildInternal(ContainerBase.java:729)
		at org.apache.catalina.core.ContainerBase.addChild(ContainerBase.java:698)
		at org.apache.catalina.core.StandardHost.addChild(StandardHost.java:696)
		at org.apache.catalina.startup.HostConfig.deployDescriptor(HostConfig.java:689)
		at org.apache.catalina.startup.HostConfig$DeployDescriptor.run(HostConfig.java:1888)
		at java.util.concurrent.Executors$RunnableAdapter.call(Executors.java:511)
		at java.util.concurrent.FutureTask.run(FutureTask.java:266)
		at org.apache.tomcat.util.threads.InlineExecutorService.execute(InlineExecutorService.java:75)
		at java.util.concurrent.AbstractExecutorService.submit(AbstractExecutorService.java:112)
		at org.apache.catalina.startup.HostConfig.deployDescriptors(HostConfig.java:582)
		at org.apache.catalina.startup.HostConfig.deployApps(HostConfig.java:472)
		at org.apache.catalina.startup.HostConfig.start(HostConfig.java:1617)
		at org.apache.catalina.startup.HostConfig.lifecycleEvent(HostConfig.java:318)
		at org.apache.catalina.util.LifecycleBase.fireLifecycleEvent(LifecycleBase.java:123)
		at org.apache.catalina.util.LifecycleBase.setStateInternal(LifecycleBase.java:423)
		at org.apache.catalina.util.LifecycleBase.setState(LifecycleBase.java:366)
		at org.apache.catalina.core.ContainerBase.startInternal(ContainerBase.java:943)
		at org.apache.catalina.core.StandardHost.startInternal(StandardHost.java:835)
		at org.apache.catalina.util.LifecycleBase.start(LifecycleBase.java:183)
		at org.apache.catalina.core.ContainerBase$StartChild.call(ContainerBase.java:1393)
		at org.apache.catalina.core.ContainerBase$StartChild.call(ContainerBase.java:1383)
		at java.util.concurrent.FutureTask.run(FutureTask.java:266)
		at org.apache.tomcat.util.threads.InlineExecutorService.execute(InlineExecutorService.java:75)
		at java.util.concurrent.AbstractExecutorService.submit(AbstractExecutorService.java:134)
		at org.apache.catalina.core.ContainerBase.startInternal(ContainerBase.java:916)
		at org.apache.catalina.core.StandardEngine.startInternal(StandardEngine.java:265)
		at org.apache.catalina.util.LifecycleBase.start(LifecycleBase.java:183)
		at org.apache.catalina.core.StandardService.startInternal(StandardService.java:430)
		at org.apache.catalina.util.LifecycleBase.start(LifecycleBase.java:183)
		at org.apache.catalina.core.StandardServer.startInternal(StandardServer.java:930)
		at org.apache.catalina.util.LifecycleBase.start(LifecycleBase.java:183)
		at org.apache.catalina.startup.Catalina.start(Catalina.java:772)
		at sun.reflect.NativeMethodAccessorImpl.invoke0(Native Method)
		at sun.reflect.NativeMethodAccessorImpl.invoke(NativeMethodAccessorImpl.java:62)
		at sun.reflect.DelegatingMethodAccessorImpl.invoke(DelegatingMethodAccessorImpl.java:43)
		at java.lang.reflect.Method.invoke(Method.java:498)
		at org.apache.catalina.startup.Bootstrap.start(Bootstrap.java:347)
		at org.apache.catalina.startup.Bootstrap.main(Bootstrap.java:478)
	Caused by: org.apache.catalina.LifecycleException: Failed to start component [org.apache.catalina.webresources.StandardRoot@782663d3]
		at org.apache.catalina.util.LifecycleBase.handleSubClassException(LifecycleBase.java:440)
		at org.apache.catalina.util.LifecycleBase.start(LifecycleBase.java:198)
		at org.apache.catalina.core.StandardContext.resourcesStart(StandardContext.java:4881)
		at org.apache.catalina.core.StandardContext.startInternal(StandardContext.java:5014)
		at org.apache.catalina.util.LifecycleBase.start(LifecycleBase.java:183)
		at org.apache.catalina.core.ContainerBase.addChildInternal(ContainerBase.java:726)
		... 37 more
	Caused by: java.lang.IllegalArgumentException: The main resource set specified [C:\Users\Zatonio\Documents\NetBeansProjects\Empresa2022\build\web] is not valid
		at org.apache.catalina.webresources.StandardRoot.createMainResourceSet(StandardRoot.java:777)
		at org.apache.catalina.webresources.StandardRoot.startInternal(StandardRoot.java:734)
		at org.apache.catalina.util.LifecycleBase.start(LifecycleBase.java:183)
		... 41 more
14-Apr-2023 10:54:42.582 INFORMACIÓN [main] org.apache.catalina.startup.HostConfig.deployDescriptor Deployment of deployment descriptor [C:\tomcat9\conf\Catalina\localhost\Empresa2022.xml] has finished in [126] ms
14-Apr-2023 10:54:42.582 INFORMACIÓN [main] org.apache.catalina.startup.HostConfig.deployDescriptor Desplieque del descriptor de configuración [C:\tomcat9\conf\Catalina\localhost\SecondWeaponLife.xml]
14-Apr-2023 10:54:42.584 ADVERTENCIA [main] org.apache.catalina.startup.HostConfig.deployDescriptor The path attribute with value [/SecondWeaponLife] in deployment descriptor [C:\tomcat9\conf\Catalina\localhost\SecondWeaponLife.xml] has been ignored
14-Apr-2023 10:54:45.732 INFORMACIÓN [main] org.apache.jasper.servlet.TldScanner.scanJars Al menos un JAR, que se ha explorado buscando TLDs, aún no contenía TLDs. Activar historial de depuración para este historiador para una completa lista de los JARs que fueron explorados y de los que nos se halló TLDs. Saltarse JARs no necesarios durante la exploración puede dar lugar a una mejora de tiempo significativa en el arranque y compilación de JSP .
14-Apr-2023 10:54:46.110 ADVERTENCIA [main] org.apache.catalina.util.SessionIdGeneratorBase.createSecureRandom Creation of SecureRandom instance for session ID generation using [SHA1PRNG] took [289] milliseconds.
14-Apr-2023 10:54:46.145 INFORMACIÓN [main] org.apache.catalina.startup.HostConfig.deployDescriptor Deployment of deployment descriptor [C:\tomcat9\conf\Catalina\localhost\SecondWeaponLife.xml] has finished in [3.562] ms
14-Apr-2023 10:54:46.145 INFORMACIÓN [main] org.apache.catalina.startup.HostConfig.deployDirectory Desplegando el directorio [C:\tomcat9\webapps\docs] de la aplicación web
14-Apr-2023 10:54:46.165 INFORMACIÓN [main] org.apache.catalina.startup.HostConfig.deployDirectory Deployment of web application directory [C:\tomcat9\webapps\docs] has finished in [20] ms
14-Apr-2023 10:54:46.166 INFORMACIÓN [main] org.apache.catalina.startup.HostConfig.deployDirectory Desplegando el directorio [C:\tomcat9\webapps\examples] de la aplicación web
14-Apr-2023 10:54:46.740 INFORMACIÓN [main] org.apache.catalina.startup.HostConfig.deployDirectory Deployment of web application directory [C:\tomcat9\webapps\examples] has finished in [574] ms
14-Apr-2023 10:54:46.740 INFORMACIÓN [main] org.apache.catalina.startup.HostConfig.deployDirectory Desplegando el directorio [C:\tomcat9\webapps\host-manager] de la aplicación web
14-Apr-2023 10:54:46.766 INFORMACIÓN [main] org.apache.catalina.startup.HostConfig.deployDirectory Deployment of web application directory [C:\tomcat9\webapps\host-manager] has finished in [26] ms
14-Apr-2023 10:54:46.766 INFORMACIÓN [main] org.apache.catalina.startup.HostConfig.deployDirectory Desplegando el directorio [C:\tomcat9\webapps\manager] de la aplicación web
14-Apr-2023 10:54:46.809 INFORMACIÓN [main] org.apache.catalina.startup.HostConfig.deployDirectory Deployment of web application directory [C:\tomcat9\webapps\manager] has finished in [43] ms
14-Apr-2023 10:54:46.809 INFORMACIÓN [main] org.apache.catalina.startup.HostConfig.deployDirectory Desplegando el directorio [C:\tomcat9\webapps\ROOT] de la aplicación web
14-Apr-2023 10:54:46.831 INFORMACIÓN [main] org.apache.catalina.startup.HostConfig.deployDirectory Deployment of web application directory [C:\tomcat9\webapps\ROOT] has finished in [22] ms
14-Apr-2023 10:54:46.835 INFORMACIÓN [main] org.apache.coyote.AbstractProtocol.start Starting ProtocolHandler ["http-nio-8080"]
14-Apr-2023 10:54:46.862 INFORMACIÓN [main] org.apache.catalina.startup.Catalina.start Server startup in [4457] milliseconds
14-Apr-2023 10:54:50.456 INFORMACIÓN [http-nio-8080-exec-10] org.apache.catalina.startup.HostConfig.undeploy Repliegue (undeploy) de la aplicación web que tiene como trayectoria de contexto [/SecondWeaponLife]
14-Apr-2023 10:54:50.487 INFORMACIÓN [http-nio-8080-exec-2] org.apache.catalina.startup.HostConfig.deployDescriptor Desplieque del descriptor de configuración [C:\tomcat9\conf\Catalina\localhost\SecondWeaponLife.xml]
14-Apr-2023 10:54:50.489 ADVERTENCIA [http-nio-8080-exec-2] org.apache.catalina.startup.HostConfig.deployDescriptor The path attribute with value [/SecondWeaponLife] in deployment descriptor [C:\tomcat9\conf\Catalina\localhost\SecondWeaponLife.xml] has been ignored
14-Apr-2023 10:54:52.693 INFORMACIÓN [http-nio-8080-exec-2] org.apache.jasper.servlet.TldScanner.scanJars Al menos un JAR, que se ha explorado buscando TLDs, aún no contenía TLDs. Activar historial de depuración para este historiador para una completa lista de los JARs que fueron explorados y de los que nos se halló TLDs. Saltarse JARs no necesarios durante la exploración puede dar lugar a una mejora de tiempo significativa en el arranque y compilación de JSP .
14-Apr-2023 10:54:52.829 INFORMACIÓN [http-nio-8080-exec-2] org.apache.catalina.startup.HostConfig.deployDescriptor Deployment of deployment descriptor [C:\tomcat9\conf\Catalina\localhost\SecondWeaponLife.xml] has finished in [2.341] ms
14-Apr-2023 10:54:52.832 INFORMACIÓN [http-nio-8080-exec-8] org.apache.catalina.util.LifecycleBase.start The start() method was called on component [StandardEngine[Catalina].StandardHost[localhost].StandardContext[/SecondWeaponLife]] after start() had already been called. The second call will be ignored.
14-Apr-2023 12:25:33.117 INFORMACIÓN [main] org.apache.catalina.core.StandardServer.await Se ha recibido un comando de apagado a través del puerto de apagado. Parando la instancia del Servidor.
14-Apr-2023 12:25:33.117 INFORMACIÓN [main] org.apache.coyote.AbstractProtocol.pause Pausing ProtocolHandler ["http-nio-8080"]
14-Apr-2023 12:25:33.390 INFORMACIÓN [main] org.apache.catalina.core.StandardService.stopInternal Parando servicio [Catalina]
14-Apr-2023 12:25:33.414 INFORMACIÓN [main] org.apache.coyote.AbstractProtocol.stop Stopping ProtocolHandler ["http-nio-8080"]
14-Apr-2023 12:25:33.421 INFORMACIÓN [main] org.apache.coyote.AbstractProtocol.destroy Destroying ProtocolHandler ["http-nio-8080"]
14-Apr-2023 12:25:36.389 INFORMACIÓN [main] org.apache.catalina.startup.VersionLoggerListener.log Nombre de la versión del servidor: Apache Tomcat/9.0.71
14-Apr-2023 12:25:36.392 INFORMACIÓN [main] org.apache.catalina.startup.VersionLoggerListener.log Server built:                      Jan 9 2023 22:33:01 UTC
14-Apr-2023 12:25:36.392 INFORMACIÓN [main] org.apache.catalina.startup.VersionLoggerListener.log Número de versión de servidor:     9.0.71.0
14-Apr-2023 12:25:36.392 INFORMACIÓN [main] org.apache.catalina.startup.VersionLoggerListener.log OS Name:                           Windows 10
14-Apr-2023 12:25:36.392 INFORMACIÓN [main] org.apache.catalina.startup.VersionLoggerListener.log Versión de Systema Operativo:      10.0
14-Apr-2023 12:25:36.392 INFORMACIÓN [main] org.apache.catalina.startup.VersionLoggerListener.log Arquitectura:                      amd64
14-Apr-2023 12:25:36.392 INFORMACIÓN [main] org.apache.catalina.startup.VersionLoggerListener.log Java Home:                         C:\Program Files\Java\jdk1.8.0_192\jre
14-Apr-2023 12:25:36.392 INFORMACIÓN [main] org.apache.catalina.startup.VersionLoggerListener.log JVM Version:                       1.8.0_192-b12
14-Apr-2023 12:25:36.392 INFORMACIÓN [main] org.apache.catalina.startup.VersionLoggerListener.log Vededor JVM:                       Oracle Corporation
14-Apr-2023 12:25:36.392 INFORMACIÓN [main] org.apache.catalina.startup.VersionLoggerListener.log CATALINA_BASE:                     C:\tomcat9
14-Apr-2023 12:25:36.393 INFORMACIÓN [main] org.apache.catalina.startup.VersionLoggerListener.log CATALINA_HOME:                     C:\tomcat9
14-Apr-2023 12:25:36.394 INFORMACIÓN [main] org.apache.catalina.startup.VersionLoggerListener.log Command line argument:             -Djava.util.logging.config.file=C:\tomcat9\conf\logging.properties
14-Apr-2023 12:25:36.395 INFORMACIÓN [main] org.apache.catalina.startup.VersionLoggerListener.log Command line argument:             -Djava.util.logging.manager=org.apache.juli.ClassLoaderLogManager
14-Apr-2023 12:25:36.395 INFORMACIÓN [main] org.apache.catalina.startup.VersionLoggerListener.log Command line argument:             -Djdk.tls.ephemeralDHKeySize=2048
14-Apr-2023 12:25:36.395 INFORMACIÓN [main] org.apache.catalina.startup.VersionLoggerListener.log Command line argument:             -Djava.protocol.handler.pkgs=org.apache.catalina.webresources
14-Apr-2023 12:25:36.395 INFORMACIÓN [main] org.apache.catalina.startup.VersionLoggerListener.log Command line argument:             -agentlib:jdwp=transport=dt_shmem,address=tomcat_shared_memory_id,server=y,suspend=n
14-Apr-2023 12:25:36.395 INFORMACIÓN [main] org.apache.catalina.startup.VersionLoggerListener.log Command line argument:             -Dignore.endorsed.dirs=
14-Apr-2023 12:25:36.395 INFORMACIÓN [main] org.apache.catalina.startup.VersionLoggerListener.log Command line argument:             -Dcatalina.base=C:\tomcat9
14-Apr-2023 12:25:36.395 INFORMACIÓN [main] org.apache.catalina.startup.VersionLoggerListener.log Command line argument:             -Dcatalina.home=C:\tomcat9
14-Apr-2023 12:25:36.396 INFORMACIÓN [main] org.apache.catalina.startup.VersionLoggerListener.log Command line argument:             -Djava.io.tmpdir=C:\tomcat9\temp
14-Apr-2023 12:25:36.409 INFORMACIÓN [main] org.apache.catalina.core.AprLifecycleListener.lifecycleEvent La biblioteca nativa de Apache Tomcat basada en ARP que permite un rendimiento óptimo en entornos de desarrollo no ha sido hallada en java.library.path: [C:\Program Files\Java\jdk1.8.0_192\bin;C:\Windows\Sun\Java\bin;C:\Windows\system32;C:\Windows;C:\Program Files\Common Files\Oracle\Java\javapath;C:\Program Files\Microsoft\jdk-11.0.16.101-hotspot\bin;C:\Program Files (x86)\Common Files\Oracle\Java\javapath;C:\Ruby32-x64\bin;C:\Windows\system32;C:\Windows;C:\Windows\System32\Wbem;C:\Windows\System32\WindowsPowerShell\v1.0\;C:\Windows\System32\OpenSSH\;C:\Program Files (x86)\NVIDIA Corporation\PhysX\Common;C:\Program Files\Microsoft SQL Server\Client SDK\ODBC\170\Tools\Binn\;C:\Program Files (x86)\Microsoft SQL Server\150\Tools\Binn\;C:\Program Files\Microsoft SQL Server\150\Tools\Binn\;C:\Program Files\Microsoft SQL Server\150\DTS\Binn\;C:\Program Files\Git\cmd;C:\Program Files\dotnet\;C:\Users\Zatonio\AppData\Local\Android\Sdk\platforms;C:\Users\Zatonio\AppData\Local\Android\Sdk\platform-tools;C:\Users\Zatonio\AppData\Local\Android\Sdk\tools;C:\Users\Zatonio\AppData\Local\Android\Sdk\emulator;C:\Users\Zatonio\AppData\Local\Microsoft\WindowsApps;C:\Users\Zatonio\AppData\Local\Programs\Microsoft VS Code\bin;C:\Program Files\Java\jdk-19\bin.;C:\Users\Zatonio\AppData\Local\Android\Sdk;C:\flutter\bin;C:\Program Files\Git\bin\git.exe;C:\Program Files\Git\bin\cmd;C:\Users\Zatonio\AppData\Local\GitHubDesktop\bin;C:\Users\Zatonio\.dotnet\tools;;.]
14-Apr-2023 12:25:36.794 INFORMACIÓN [main] org.apache.coyote.AbstractProtocol.init Inicializando el manejador de protocolo ["http-nio-8080"]

14-Apr-2023 12:25:36.820 INFORMACIÓN [main] org.apache.catalina.startup.Catalina.load Server initialization in [683] milliseconds
14-Apr-2023 12:25:36.863 INFORMACIÓN [main] org.apache.catalina.core.StandardService.startInternal Arrancando servicio [Catalina]
14-Apr-2023 12:25:36.863 INFORMACIÓN [main] org.apache.catalina.core.StandardEngine.startInternal Starting Servlet engine: [Apache Tomcat/9.0.71]
14-Apr-2023 12:25:36.874 INFORMACIÓN [main] org.apache.catalina.startup.HostConfig.deployDescriptor Desplieque del descriptor de configuración [C:\tomcat9\conf\Catalina\localhost\Empresa2022.xml]
14-Apr-2023 12:25:36.901 ADVERTENCIA [main] org.apache.catalina.startup.HostConfig.deployDescriptor The path attribute with value [/Empresa2022] in deployment descriptor [C:\tomcat9\conf\Catalina\localhost\Empresa2022.xml] has been ignored
14-Apr-2023 12:25:36.933 GRAVE [main] org.apache.catalina.startup.HostConfig.deployDescriptor Error durante el despliegue del descriptor de configuración [C:\tomcat9\conf\Catalina\localhost\Empresa2022.xml]
	java.lang.IllegalStateException: Error starting child
		at org.apache.catalina.core.ContainerBase.addChildInternal(ContainerBase.java:729)
		at org.apache.catalina.core.ContainerBase.addChild(ContainerBase.java:698)
		at org.apache.catalina.core.StandardHost.addChild(StandardHost.java:696)
		at org.apache.catalina.startup.HostConfig.deployDescriptor(HostConfig.java:689)
		at org.apache.catalina.startup.HostConfig$DeployDescriptor.run(HostConfig.java:1888)
		at java.util.concurrent.Executors$RunnableAdapter.call(Executors.java:511)
		at java.util.concurrent.FutureTask.run(FutureTask.java:266)
		at org.apache.tomcat.util.threads.InlineExecutorService.execute(InlineExecutorService.java:75)
		at java.util.concurrent.AbstractExecutorService.submit(AbstractExecutorService.java:112)
		at org.apache.catalina.startup.HostConfig.deployDescriptors(HostConfig.java:582)
		at org.apache.catalina.startup.HostConfig.deployApps(HostConfig.java:472)
		at org.apache.catalina.startup.HostConfig.start(HostConfig.java:1617)
		at org.apache.catalina.startup.HostConfig.lifecycleEvent(HostConfig.java:318)
		at org.apache.catalina.util.LifecycleBase.fireLifecycleEvent(LifecycleBase.java:123)
		at org.apache.catalina.util.LifecycleBase.setStateInternal(LifecycleBase.java:423)
		at org.apache.catalina.util.LifecycleBase.setState(LifecycleBase.java:366)
		at org.apache.catalina.core.ContainerBase.startInternal(ContainerBase.java:943)
		at org.apache.catalina.core.StandardHost.startInternal(StandardHost.java:835)
		at org.apache.catalina.util.LifecycleBase.start(LifecycleBase.java:183)
		at org.apache.catalina.core.ContainerBase$StartChild.call(ContainerBase.java:1393)
		at org.apache.catalina.core.ContainerBase$StartChild.call(ContainerBase.java:1383)
		at java.util.concurrent.FutureTask.run(FutureTask.java:266)
		at org.apache.tomcat.util.threads.InlineExecutorService.execute(InlineExecutorService.java:75)
		at java.util.concurrent.AbstractExecutorService.submit(AbstractExecutorService.java:134)
		at org.apache.catalina.core.ContainerBase.startInternal(ContainerBase.java:916)
		at org.apache.catalina.core.StandardEngine.startInternal(StandardEngine.java:265)
		at org.apache.catalina.util.LifecycleBase.start(LifecycleBase.java:183)
		at org.apache.catalina.core.StandardService.startInternal(StandardService.java:430)
		at org.apache.catalina.util.LifecycleBase.start(LifecycleBase.java:183)
		at org.apache.catalina.core.StandardServer.startInternal(StandardServer.java:930)
		at org.apache.catalina.util.LifecycleBase.start(LifecycleBase.java:183)
		at org.apache.catalina.startup.Catalina.start(Catalina.java:772)
		at sun.reflect.NativeMethodAccessorImpl.invoke0(Native Method)
		at sun.reflect.NativeMethodAccessorImpl.invoke(NativeMethodAccessorImpl.java:62)
		at sun.reflect.DelegatingMethodAccessorImpl.invoke(DelegatingMethodAccessorImpl.java:43)
		at java.lang.reflect.Method.invoke(Method.java:498)
		at org.apache.catalina.startup.Bootstrap.start(Bootstrap.java:347)
		at org.apache.catalina.startup.Bootstrap.main(Bootstrap.java:478)
	Caused by: org.apache.catalina.LifecycleException: Failed to start component [org.apache.catalina.webresources.StandardRoot@506ae4d4]
		at org.apache.catalina.util.LifecycleBase.handleSubClassException(LifecycleBase.java:440)
		at org.apache.catalina.util.LifecycleBase.start(LifecycleBase.java:198)
		at org.apache.catalina.core.StandardContext.resourcesStart(StandardContext.java:4881)
		at org.apache.catalina.core.StandardContext.startInternal(StandardContext.java:5014)
		at org.apache.catalina.util.LifecycleBase.start(LifecycleBase.java:183)
		at org.apache.catalina.core.ContainerBase.addChildInternal(ContainerBase.java:726)
		... 37 more
	Caused by: java.lang.IllegalArgumentException: The main resource set specified [C:\Users\Zatonio\Documents\NetBeansProjects\Empresa2022\build\web] is not valid
		at org.apache.catalina.webresources.StandardRoot.createMainResourceSet(StandardRoot.java:777)
		at org.apache.catalina.webresources.StandardRoot.startInternal(StandardRoot.java:734)
		at org.apache.catalina.util.LifecycleBase.start(LifecycleBase.java:183)
		... 41 more
14-Apr-2023 12:25:36.945 INFORMACIÓN [main] org.apache.catalina.startup.HostConfig.deployDescriptor Deployment of deployment descriptor [C:\tomcat9\conf\Catalina\localhost\Empresa2022.xml] has finished in [70] ms
14-Apr-2023 12:25:36.946 INFORMACIÓN [main] org.apache.catalina.startup.HostConfig.deployDescriptor Desplieque del descriptor de configuración [C:\tomcat9\conf\Catalina\localhost\SecondWeaponLife.xml]
14-Apr-2023 12:25:36.947 ADVERTENCIA [main] org.apache.catalina.startup.HostConfig.deployDescriptor The path attribute with value [/SecondWeaponLife] in deployment descriptor [C:\tomcat9\conf\Catalina\localhost\SecondWeaponLife.xml] has been ignored
14-Apr-2023 12:25:39.745 INFORMACIÓN [main] org.apache.jasper.servlet.TldScanner.scanJars Al menos un JAR, que se ha explorado buscando TLDs, aún no contenía TLDs. Activar historial de depuración para este historiador para una completa lista de los JARs que fueron explorados y de los que nos se halló TLDs. Saltarse JARs no necesarios durante la exploración puede dar lugar a una mejora de tiempo significativa en el arranque y compilación de JSP .
14-Apr-2023 12:25:40.104 ADVERTENCIA [main] org.apache.catalina.util.SessionIdGeneratorBase.createSecureRandom Creation of SecureRandom instance for session ID generation using [SHA1PRNG] took [277] milliseconds.
14-Apr-2023 12:25:40.159 INFORMACIÓN [main] org.apache.catalina.startup.HostConfig.deployDescriptor Deployment of deployment descriptor [C:\tomcat9\conf\Catalina\localhost\SecondWeaponLife.xml] has finished in [3.213] ms
14-Apr-2023 12:25:40.159 INFORMACIÓN [main] org.apache.catalina.startup.HostConfig.deployDirectory Desplegando el directorio [C:\tomcat9\webapps\docs] de la aplicación web
14-Apr-2023 12:25:40.185 INFORMACIÓN [main] org.apache.catalina.startup.HostConfig.deployDirectory Deployment of web application directory [C:\tomcat9\webapps\docs] has finished in [26] ms
14-Apr-2023 12:25:40.185 INFORMACIÓN [main] org.apache.catalina.startup.HostConfig.deployDirectory Desplegando el directorio [C:\tomcat9\webapps\examples] de la aplicación web
14-Apr-2023 12:25:40.499 INFORMACIÓN [main] org.apache.catalina.startup.HostConfig.deployDirectory Deployment of web application directory [C:\tomcat9\webapps\examples] has finished in [314] ms
14-Apr-2023 12:25:40.499 INFORMACIÓN [main] org.apache.catalina.startup.HostConfig.deployDirectory Desplegando el directorio [C:\tomcat9\webapps\host-manager] de la aplicación web
14-Apr-2023 12:25:40.532 INFORMACIÓN [main] org.apache.catalina.startup.HostConfig.deployDirectory Deployment of web application directory [C:\tomcat9\webapps\host-manager] has finished in [33] ms
14-Apr-2023 12:25:40.533 INFORMACIÓN [main] org.apache.catalina.startup.HostConfig.deployDirectory Desplegando el directorio [C:\tomcat9\webapps\manager] de la aplicación web
14-Apr-2023 12:25:40.564 INFORMACIÓN [main] org.apache.catalina.startup.HostConfig.deployDirectory Deployment of web application directory [C:\tomcat9\webapps\manager] has finished in [31] ms
14-Apr-2023 12:25:40.564 INFORMACIÓN [main] org.apache.catalina.startup.HostConfig.deployDirectory Desplegando el directorio [C:\tomcat9\webapps\ROOT] de la aplicación web
14-Apr-2023 12:25:40.586 INFORMACIÓN [main] org.apache.catalina.startup.HostConfig.deployDirectory Deployment of web application directory [C:\tomcat9\webapps\ROOT] has finished in [22] ms
14-Apr-2023 12:25:40.591 INFORMACIÓN [main] org.apache.coyote.AbstractProtocol.start Starting ProtocolHandler ["http-nio-8080"]
14-Apr-2023 12:25:40.611 INFORMACIÓN [main] org.apache.catalina.startup.Catalina.start Server startup in [3789] milliseconds
14-Apr-2023 12:25:41.850 INFORMACIÓN [http-nio-8080-exec-10] org.apache.catalina.startup.HostConfig.undeploy Repliegue (undeploy) de la aplicación web que tiene como trayectoria de contexto [/SecondWeaponLife]
14-Apr-2023 12:25:41.872 INFORMACIÓN [http-nio-8080-exec-1] org.apache.catalina.startup.HostConfig.deployDescriptor Desplieque del descriptor de configuración [C:\tomcat9\conf\Catalina\localhost\SecondWeaponLife.xml]
14-Apr-2023 12:25:41.874 ADVERTENCIA [http-nio-8080-exec-1] org.apache.catalina.startup.HostConfig.deployDescriptor The path attribute with value [/SecondWeaponLife] in deployment descriptor [C:\tomcat9\conf\Catalina\localhost\SecondWeaponLife.xml] has been ignored
14-Apr-2023 12:25:44.070 INFORMACIÓN [http-nio-8080-exec-1] org.apache.jasper.servlet.TldScanner.scanJars Al menos un JAR, que se ha explorado buscando TLDs, aún no contenía TLDs. Activar historial de depuración para este historiador para una completa lista de los JARs que fueron explorados y de los que nos se halló TLDs. Saltarse JARs no necesarios durante la exploración puede dar lugar a una mejora de tiempo significativa en el arranque y compilación de JSP .
14-Apr-2023 12:25:44.144 INFORMACIÓN [http-nio-8080-exec-1] org.apache.catalina.startup.HostConfig.deployDescriptor Deployment of deployment descriptor [C:\tomcat9\conf\Catalina\localhost\SecondWeaponLife.xml] has finished in [2.271] ms
14-Apr-2023 12:25:44.148 INFORMACIÓN [http-nio-8080-exec-6] org.apache.catalina.util.LifecycleBase.start The start() method was called on component [StandardEngine[Catalina].StandardHost[localhost].StandardContext[/SecondWeaponLife]] after start() had already been called. The second call will be ignored.
