08-Apr-2023 02:08:05.529 ADVERTENCIA [http-nio-8080-exec-67] org.apache.catalina.loader.WebappClassLoaderBase.clearReferencesJdbc La aplicación web [SecondWeaponLife] registró el conductor JDBC [com.mysql.cj.jdbc.Driver] pero falló al anular el registro mientras la aplicación web estaba parada. Para prevenir un fallo de memoria, se ha anulado el registro del conductor JDBC por la fuerza.
08-Apr-2023 02:08:05.529 ADVERTENCIA [http-nio-8080-exec-67] org.apache.catalina.loader.WebappClassLoaderBase.clearReferencesThreads The web application [SecondWeaponLife] appears to have started a thread named [mysql-cj-abandoned-connection-cleanup] but has failed to stop it. This is very likely to create a memory leak. Stack trace of thread:
 java.lang.Object.wait(Native Method)
 java.lang.ref.ReferenceQueue.remove(ReferenceQueue.java:144)
 com.mysql.cj.jdbc.AbandonedConnectionCleanupThread.run(AbandonedConnectionCleanupThread.java:85)
 java.util.concurrent.ThreadPoolExecutor.runWorker(ThreadPoolExecutor.java:1149)
 java.util.concurrent.ThreadPoolExecutor$Worker.run(ThreadPoolExecutor.java:624)
 java.lang.Thread.run(Thread.java:748)
08-Apr-2023 02:08:06.044 INFORMACIÓN [http-nio-8080-exec-67] org.apache.catalina.startup.HostConfig.undeploy Repliegue (undeploy) de la aplicación web que tiene como trayectoria de contexto [/SecondWeaponLife]
08-Apr-2023 02:08:06.060 INFORMACIÓN [http-nio-8080-exec-69] org.apache.catalina.startup.HostConfig.deployDescriptor Desplieque del descriptor de configuración [C:\tomcat9\conf\Catalina\localhost\SecondWeaponLife.xml]
08-Apr-2023 02:08:06.060 ADVERTENCIA [http-nio-8080-exec-69] org.apache.catalina.startup.HostConfig.deployDescriptor The path attribute with value [/SecondWeaponLife] in deployment descriptor [C:\tomcat9\conf\Catalina\localhost\SecondWeaponLife.xml] has been ignored
08-Apr-2023 02:08:08.544 INFORMACIÓN [http-nio-8080-exec-69] org.apache.jasper.servlet.TldScanner.scanJars Al menos un JAR, que se ha explorado buscando TLDs, aún no contenía TLDs. Activar historial de depuración para este historiador para una completa lista de los JARs que fueron explorados y de los que nos se halló TLDs. Saltarse JARs no necesarios durante la exploración puede dar lugar a una mejora de tiempo significativa en el arranque y compilación de JSP .
08-Apr-2023 02:08:08.591 INFORMACIÓN [http-nio-8080-exec-69] org.apache.catalina.startup.HostConfig.deployDescriptor Deployment of deployment descriptor [C:\tomcat9\conf\Catalina\localhost\SecondWeaponLife.xml] has finished in [2.531] ms
08-Apr-2023 02:08:08.591 INFORMACIÓN [http-nio-8080-exec-71] org.apache.catalina.util.LifecycleBase.start The start() method was called on component [StandardEngine[Catalina].StandardHost[localhost].StandardContext[/SecondWeaponLife]] after start() had already been called. The second call will be ignored.
08-Apr-2023 02:08:08.841 INFORMACIÓN [mysql-cj-abandoned-connection-cleanup] org.apache.catalina.loader.WebappClassLoaderBase.checkStateForResourceLoading Acceso ilegal: esta instancia de aplicación web ya ha sido parada.  Could not load [].  La eventual traza de pila que sigue ha sido motivada por un error lanzado con motivos de depuración así como para intentar terminar el hilo que motivó el acceso ilegal y no tiene impacto funcional.
	java.lang.IllegalStateException: Acceso ilegal: esta instancia de aplicación web ya ha sido parada.  Could not load [].  La eventual traza de pila que sigue ha sido motivada por un error lanzado con motivos de depuración así como para intentar terminar el hilo que motivó el acceso ilegal y no tiene impacto funcional.
		at org.apache.catalina.loader.WebappClassLoaderBase.checkStateForResourceLoading(WebappClassLoaderBase.java:1432)
		at org.apache.catalina.loader.WebappClassLoaderBase.getResource(WebappClassLoaderBase.java:1057)
		at com.mysql.cj.jdbc.AbandonedConnectionCleanupThread.checkThreadContextClassLoader(AbandonedConnectionCleanupThread.java:117)
		at com.mysql.cj.jdbc.AbandonedConnectionCleanupThread.run(AbandonedConnectionCleanupThread.java:84)
		at java.util.concurrent.ThreadPoolExecutor.runWorker(ThreadPoolExecutor.java:1149)
		at java.util.concurrent.ThreadPoolExecutor$Worker.run(ThreadPoolExecutor.java:624)
		at java.lang.Thread.run(Thread.java:748)
08-Apr-2023 02:11:40.737 INFORMACIÓN [http-nio-8080-exec-78] org.apache.catalina.core.StandardContext.reload Ha comenzado la recarga de Contexto [/SecondWeaponLife]
08-Apr-2023 02:11:43.065 INFORMACIÓN [http-nio-8080-exec-78] org.apache.jasper.servlet.TldScanner.scanJars Al menos un JAR, que se ha explorado buscando TLDs, aún no contenía TLDs. Activar historial de depuración para este historiador para una completa lista de los JARs que fueron explorados y de los que nos se halló TLDs. Saltarse JARs no necesarios durante la exploración puede dar lugar a una mejora de tiempo significativa en el arranque y compilación de JSP .
08-Apr-2023 02:11:43.127 INFORMACIÓN [http-nio-8080-exec-78] org.apache.catalina.core.StandardContext.reload Se ha completado la recarga de este Contexto
08-Apr-2023 02:25:11.222 INFORMACIÓN [http-nio-8080-exec-90] org.apache.catalina.core.StandardContext.reload Ha comenzado la recarga de Contexto [/SecondWeaponLife]
08-Apr-2023 02:25:13.330 INFORMACIÓN [http-nio-8080-exec-90] org.apache.jasper.servlet.TldScanner.scanJars Al menos un JAR, que se ha explorado buscando TLDs, aún no contenía TLDs. Activar historial de depuración para este historiador para una completa lista de los JARs que fueron explorados y de los que nos se halló TLDs. Saltarse JARs no necesarios durante la exploración puede dar lugar a una mejora de tiempo significativa en el arranque y compilación de JSP .
08-Apr-2023 02:25:13.393 INFORMACIÓN [http-nio-8080-exec-90] org.apache.catalina.core.StandardContext.reload Se ha completado la recarga de este Contexto
08-Apr-2023 02:28:00.308 INFORMACIÓN [http-nio-8080-exec-98] org.apache.catalina.core.StandardContext.reload Ha comenzado la recarga de Contexto [/SecondWeaponLife]
08-Apr-2023 02:28:02.276 INFORMACIÓN [http-nio-8080-exec-98] org.apache.jasper.servlet.TldScanner.scanJars Al menos un JAR, que se ha explorado buscando TLDs, aún no contenía TLDs. Activar historial de depuración para este historiador para una completa lista de los JARs que fueron explorados y de los que nos se halló TLDs. Saltarse JARs no necesarios durante la exploración puede dar lugar a una mejora de tiempo significativa en el arranque y compilación de JSP .
08-Apr-2023 02:28:02.323 INFORMACIÓN [http-nio-8080-exec-98] org.apache.catalina.core.StandardContext.reload Se ha completado la recarga de este Contexto
08-Apr-2023 02:28:57.800 INFORMACIÓN [http-nio-8080-exec-91] org.apache.catalina.core.StandardContext.reload Ha comenzado la recarga de Contexto [/SecondWeaponLife]
08-Apr-2023 02:29:00.417 INFORMACIÓN [http-nio-8080-exec-91] org.apache.jasper.servlet.TldScanner.scanJars Al menos un JAR, que se ha explorado buscando TLDs, aún no contenía TLDs. Activar historial de depuración para este historiador para una completa lista de los JARs que fueron explorados y de los que nos se halló TLDs. Saltarse JARs no necesarios durante la exploración puede dar lugar a una mejora de tiempo significativa en el arranque y compilación de JSP .
08-Apr-2023 02:29:00.482 INFORMACIÓN [http-nio-8080-exec-91] org.apache.catalina.core.StandardContext.reload Se ha completado la recarga de este Contexto
08-Apr-2023 02:29:00.825 INFORMACIÓN [http-nio-8080-exec-93] org.apache.catalina.core.StandardContext.reload Ha comenzado la recarga de Contexto [/SecondWeaponLife]
08-Apr-2023 02:29:03.257 INFORMACIÓN [http-nio-8080-exec-93] org.apache.jasper.servlet.TldScanner.scanJars Al menos un JAR, que se ha explorado buscando TLDs, aún no contenía TLDs. Activar historial de depuración para este historiador para una completa lista de los JARs que fueron explorados y de los que nos se halló TLDs. Saltarse JARs no necesarios durante la exploración puede dar lugar a una mejora de tiempo significativa en el arranque y compilación de JSP .
08-Apr-2023 02:29:03.303 INFORMACIÓN [http-nio-8080-exec-93] org.apache.catalina.core.StandardContext.reload Se ha completado la recarga de este Contexto
08-Apr-2023 02:30:15.844 INFORMACIÓN [http-nio-8080-exec-104] org.apache.catalina.core.StandardContext.reload Ha comenzado la recarga de Contexto [/SecondWeaponLife]
08-Apr-2023 02:30:17.874 INFORMACIÓN [http-nio-8080-exec-104] org.apache.jasper.servlet.TldScanner.scanJars Al menos un JAR, que se ha explorado buscando TLDs, aún no contenía TLDs. Activar historial de depuración para este historiador para una completa lista de los JARs que fueron explorados y de los que nos se halló TLDs. Saltarse JARs no necesarios durante la exploración puede dar lugar a una mejora de tiempo significativa en el arranque y compilación de JSP .
08-Apr-2023 02:30:17.937 INFORMACIÓN [http-nio-8080-exec-104] org.apache.catalina.core.StandardContext.reload Se ha completado la recarga de este Contexto
08-Apr-2023 02:33:59.743 INFORMACIÓN [http-nio-8080-exec-114] org.apache.catalina.core.StandardContext.reload Ha comenzado la recarga de Contexto [/SecondWeaponLife]
08-Apr-2023 02:33:59.743 ADVERTENCIA [http-nio-8080-exec-114] org.apache.catalina.loader.WebappClassLoaderBase.clearReferencesJdbc La aplicación web [SecondWeaponLife] registró el conductor JDBC [com.mysql.cj.jdbc.Driver] pero falló al anular el registro mientras la aplicación web estaba parada. Para prevenir un fallo de memoria, se ha anulado el registro del conductor JDBC por la fuerza.
08-Apr-2023 02:33:59.743 ADVERTENCIA [http-nio-8080-exec-114] org.apache.catalina.loader.WebappClassLoaderBase.clearReferencesThreads The web application [SecondWeaponLife] appears to have started a thread named [mysql-cj-abandoned-connection-cleanup] but has failed to stop it. This is very likely to create a memory leak. Stack trace of thread:
 java.lang.Object.wait(Native Method)
 java.lang.ref.ReferenceQueue.remove(ReferenceQueue.java:144)
 com.mysql.cj.jdbc.AbandonedConnectionCleanupThread.run(AbandonedConnectionCleanupThread.java:85)
 java.util.concurrent.ThreadPoolExecutor.runWorker(ThreadPoolExecutor.java:1149)
 java.util.concurrent.ThreadPoolExecutor$Worker.run(ThreadPoolExecutor.java:624)
 java.lang.Thread.run(Thread.java:748)
08-Apr-2023 02:34:01.105 INFORMACIÓN [mysql-cj-abandoned-connection-cleanup] org.apache.catalina.loader.WebappClassLoaderBase.checkStateForResourceLoading Acceso ilegal: esta instancia de aplicación web ya ha sido parada.  Could not load [].  La eventual traza de pila que sigue ha sido motivada por un error lanzado con motivos de depuración así como para intentar terminar el hilo que motivó el acceso ilegal y no tiene impacto funcional.
	java.lang.IllegalStateException: Acceso ilegal: esta instancia de aplicación web ya ha sido parada.  Could not load [].  La eventual traza de pila que sigue ha sido motivada por un error lanzado con motivos de depuración así como para intentar terminar el hilo que motivó el acceso ilegal y no tiene impacto funcional.
		at org.apache.catalina.loader.WebappClassLoaderBase.checkStateForResourceLoading(WebappClassLoaderBase.java:1432)
		at org.apache.catalina.loader.WebappClassLoaderBase.getResource(WebappClassLoaderBase.java:1057)
		at com.mysql.cj.jdbc.AbandonedConnectionCleanupThread.checkThreadContextClassLoader(AbandonedConnectionCleanupThread.java:117)
		at com.mysql.cj.jdbc.AbandonedConnectionCleanupThread.run(AbandonedConnectionCleanupThread.java:84)
		at java.util.concurrent.ThreadPoolExecutor.runWorker(ThreadPoolExecutor.java:1149)
		at java.util.concurrent.ThreadPoolExecutor$Worker.run(ThreadPoolExecutor.java:624)
		at java.lang.Thread.run(Thread.java:748)
08-Apr-2023 02:34:02.089 INFORMACIÓN [http-nio-8080-exec-114] org.apache.jasper.servlet.TldScanner.scanJars Al menos un JAR, que se ha explorado buscando TLDs, aún no contenía TLDs. Activar historial de depuración para este historiador para una completa lista de los JARs que fueron explorados y de los que nos se halló TLDs. Saltarse JARs no necesarios durante la exploración puede dar lugar a una mejora de tiempo significativa en el arranque y compilación de JSP .
08-Apr-2023 02:34:02.151 INFORMACIÓN [http-nio-8080-exec-114] org.apache.catalina.core.StandardContext.reload Se ha completado la recarga de este Contexto
08-Apr-2023 02:34:02.682 INFORMACIÓN [http-nio-8080-exec-110] org.apache.catalina.startup.HostConfig.undeploy Repliegue (undeploy) de la aplicación web que tiene como trayectoria de contexto [/SecondWeaponLife]
08-Apr-2023 02:34:02.682 INFORMACIÓN [http-nio-8080-exec-115] org.apache.catalina.startup.HostConfig.deployDescriptor Desplieque del descriptor de configuración [C:\tomcat9\conf\Catalina\localhost\SecondWeaponLife.xml]
08-Apr-2023 02:34:02.682 ADVERTENCIA [http-nio-8080-exec-115] org.apache.catalina.startup.HostConfig.deployDescriptor The path attribute with value [/SecondWeaponLife] in deployment descriptor [C:\tomcat9\conf\Catalina\localhost\SecondWeaponLife.xml] has been ignored
08-Apr-2023 02:34:04.737 INFORMACIÓN [http-nio-8080-exec-115] org.apache.jasper.servlet.TldScanner.scanJars Al menos un JAR, que se ha explorado buscando TLDs, aún no contenía TLDs. Activar historial de depuración para este historiador para una completa lista de los JARs que fueron explorados y de los que nos se halló TLDs. Saltarse JARs no necesarios durante la exploración puede dar lugar a una mejora de tiempo significativa en el arranque y compilación de JSP .
08-Apr-2023 02:34:04.784 INFORMACIÓN [http-nio-8080-exec-115] org.apache.catalina.startup.HostConfig.deployDescriptor Deployment of deployment descriptor [C:\tomcat9\conf\Catalina\localhost\SecondWeaponLife.xml] has finished in [2.102] ms
08-Apr-2023 02:34:04.800 INFORMACIÓN [http-nio-8080-exec-111] org.apache.catalina.util.LifecycleBase.start The start() method was called on component [StandardEngine[Catalina].StandardHost[localhost].StandardContext[/SecondWeaponLife]] after start() had already been called. The second call will be ignored.
08-Apr-2023 02:40:25.489 INFORMACIÓN [main] org.apache.catalina.core.StandardServer.await Se ha recibido un comando de apagado a través del puerto de apagado. Parando la instancia del Servidor.
08-Apr-2023 02:40:25.489 INFORMACIÓN [main] org.apache.coyote.AbstractProtocol.pause Pausing ProtocolHandler ["http-nio-8080"]
08-Apr-2023 02:40:25.723 INFORMACIÓN [main] org.apache.catalina.core.StandardService.stopInternal Parando servicio [Catalina]
08-Apr-2023 02:40:25.739 INFORMACIÓN [main] org.apache.catalina.core.StandardWrapper.unload Esperando por [1] instancia(s) para recuperar su espacio reservado
08-Apr-2023 02:40:26.838 INFORMACIÓN [main] org.apache.catalina.core.StandardWrapper.unload Esperando por [1] instancia(s) para recuperar su espacio reservado
08-Apr-2023 02:40:27.927 INFORMACIÓN [main] org.apache.catalina.core.StandardWrapper.unload Esperando por [1] instancia(s) para recuperar su espacio reservado
08-Apr-2023 02:40:28.037 ADVERTENCIA [main] org.apache.catalina.loader.WebappClassLoaderBase.clearReferencesJdbc La aplicación web [SecondWeaponLife] registró el conductor JDBC [com.mysql.cj.jdbc.Driver] pero falló al anular el registro mientras la aplicación web estaba parada. Para prevenir un fallo de memoria, se ha anulado el registro del conductor JDBC por la fuerza.
08-Apr-2023 02:40:28.037 ADVERTENCIA [main] org.apache.catalina.loader.WebappClassLoaderBase.clearReferencesThreads The web application [SecondWeaponLife] is still processing a request that has yet to finish. This is very likely to create a memory leak. You can control the time allowed for requests to finish by using the unloadDelay attribute of the standard Context implementation. Stack trace of request processing thread:[
 controladores.Registro.processRequest(Registro.java:138)
 controladores.Registro.doPost(Registro.java:175)
 javax.servlet.http.HttpServlet.service(HttpServlet.java:696)
 javax.servlet.http.HttpServlet.service(HttpServlet.java:779)
 org.apache.catalina.core.ApplicationFilterChain.internalDoFilter(ApplicationFilterChain.java:227)
 org.apache.catalina.core.ApplicationFilterChain.doFilter(ApplicationFilterChain.java:162)
 org.apache.tomcat.websocket.server.WsFilter.doFilter(WsFilter.java:53)
 org.apache.catalina.core.ApplicationFilterChain.internalDoFilter(ApplicationFilterChain.java:189)
 org.apache.catalina.core.ApplicationFilterChain.doFilter(ApplicationFilterChain.java:162)
 filtros.FiltroSesion.doFilter(FiltroSesion.java:59)
 org.apache.catalina.core.ApplicationFilterChain.internalDoFilter(ApplicationFilterChain.java:189)
 org.apache.catalina.core.ApplicationFilterChain.doFilter(ApplicationFilterChain.java:162)
 org.apache.catalina.core.StandardWrapperValve.invoke(StandardWrapperValve.java:177)
 org.apache.catalina.core.StandardContextValve.invoke(StandardContextValve.java:97)
 org.apache.catalina.authenticator.AuthenticatorBase.invoke(AuthenticatorBase.java:541)
 org.apache.catalina.core.StandardHostValve.invoke(StandardHostValve.java:135)
 org.apache.catalina.valves.ErrorReportValve.invoke(ErrorReportValve.java:92)
 org.apache.catalina.valves.AbstractAccessLogValve.invoke(AbstractAccessLogValve.java:687)
 org.apache.catalina.core.StandardEngineValve.invoke(StandardEngineValve.java:78)
 org.apache.catalina.connector.CoyoteAdapter.service(CoyoteAdapter.java:360)
 org.apache.coyote.http11.Http11Processor.service(Http11Processor.java:399)
 org.apache.coyote.AbstractProcessorLight.process(AbstractProcessorLight.java:65)
 org.apache.coyote.AbstractProtocol$ConnectionHandler.process(AbstractProtocol.java:891)
 org.apache.tomcat.util.net.NioEndpoint$SocketProcessor.doRun(NioEndpoint.java:1784)
 org.apache.tomcat.util.net.SocketProcessorBase.run(SocketProcessorBase.java:49)
 org.apache.tomcat.util.threads.ThreadPoolExecutor.runWorker(ThreadPoolExecutor.java:1191)
 org.apache.tomcat.util.threads.ThreadPoolExecutor$Worker.run(ThreadPoolExecutor.java:659)
 org.apache.tomcat.util.threads.TaskThread$WrappingRunnable.run(TaskThread.java:61)
 java.lang.Thread.run(Thread.java:748)]
08-Apr-2023 02:40:28.037 ADVERTENCIA [main] org.apache.catalina.loader.WebappClassLoaderBase.clearReferencesThreads The web application [SecondWeaponLife] appears to have started a thread named [mysql-cj-abandoned-connection-cleanup] but has failed to stop it. This is very likely to create a memory leak. Stack trace of thread:
 java.lang.Object.wait(Native Method)
 java.lang.ref.ReferenceQueue.remove(ReferenceQueue.java:144)
 com.mysql.cj.jdbc.AbandonedConnectionCleanupThread.run(AbandonedConnectionCleanupThread.java:85)
 java.util.concurrent.ThreadPoolExecutor.runWorker(ThreadPoolExecutor.java:1149)
 java.util.concurrent.ThreadPoolExecutor$Worker.run(ThreadPoolExecutor.java:624)
 java.lang.Thread.run(Thread.java:748)
08-Apr-2023 02:40:28.052 INFORMACIÓN [main] org.apache.coyote.AbstractProtocol.stop Stopping ProtocolHandler ["http-nio-8080"]
08-Apr-2023 02:40:28.099 INFORMACIÓN [mysql-cj-abandoned-connection-cleanup] org.apache.catalina.loader.WebappClassLoaderBase.checkStateForResourceLoading Acceso ilegal: esta instancia de aplicación web ya ha sido parada.  Could not load [].  La eventual traza de pila que sigue ha sido motivada por un error lanzado con motivos de depuración así como para intentar terminar el hilo que motivó el acceso ilegal y no tiene impacto funcional.
	java.lang.IllegalStateException: Acceso ilegal: esta instancia de aplicación web ya ha sido parada.  Could not load [].  La eventual traza de pila que sigue ha sido motivada por un error lanzado con motivos de depuración así como para intentar terminar el hilo que motivó el acceso ilegal y no tiene impacto funcional.
		at org.apache.catalina.loader.WebappClassLoaderBase.checkStateForResourceLoading(WebappClassLoaderBase.java:1432)
		at org.apache.catalina.loader.WebappClassLoaderBase.getResource(WebappClassLoaderBase.java:1057)
		at com.mysql.cj.jdbc.AbandonedConnectionCleanupThread.checkThreadContextClassLoader(AbandonedConnectionCleanupThread.java:117)
		at com.mysql.cj.jdbc.AbandonedConnectionCleanupThread.run(AbandonedConnectionCleanupThread.java:84)
		at java.util.concurrent.ThreadPoolExecutor.runWorker(ThreadPoolExecutor.java:1149)
		at java.util.concurrent.ThreadPoolExecutor$Worker.run(ThreadPoolExecutor.java:624)
		at java.lang.Thread.run(Thread.java:748)
08-Apr-2023 02:40:33.082 ADVERTENCIA [main] org.apache.tomcat.util.net.AbstractEndpoint.shutdownExecutor El ejecutor asociado con el hilo del pool [http-nio-8080] no fue totalmente apagado. Algunos hilos de la aplicación pudieran estar corriendo aún.
08-Apr-2023 02:40:33.082 INFORMACIÓN [main] org.apache.coyote.AbstractProtocol.destroy Destroying ProtocolHandler ["http-nio-8080"]
08-Apr-2023 02:40:43.115 INFORMACIÓN [main] org.apache.catalina.startup.VersionLoggerListener.log Nombre de la versión del servidor: Apache Tomcat/9.0.71
08-Apr-2023 02:40:43.130 INFORMACIÓN [main] org.apache.catalina.startup.VersionLoggerListener.log Server built:                      Jan 9 2023 22:33:01 UTC
08-Apr-2023 02:40:43.130 INFORMACIÓN [main] org.apache.catalina.startup.VersionLoggerListener.log Número de versión de servidor:     9.0.71.0
08-Apr-2023 02:40:43.130 INFORMACIÓN [main] org.apache.catalina.startup.VersionLoggerListener.log OS Name:                           Windows 10
08-Apr-2023 02:40:43.130 INFORMACIÓN [main] org.apache.catalina.startup.VersionLoggerListener.log Versión de Systema Operativo:      10.0
08-Apr-2023 02:40:43.130 INFORMACIÓN [main] org.apache.catalina.startup.VersionLoggerListener.log Arquitectura:                      amd64
08-Apr-2023 02:40:43.130 INFORMACIÓN [main] org.apache.catalina.startup.VersionLoggerListener.log Java Home:                         C:\Program Files\Java\jdk1.8.0_192\jre
08-Apr-2023 02:40:43.130 INFORMACIÓN [main] org.apache.catalina.startup.VersionLoggerListener.log JVM Version:                       1.8.0_192-b12
08-Apr-2023 02:40:43.130 INFORMACIÓN [main] org.apache.catalina.startup.VersionLoggerListener.log Vededor JVM:                       Oracle Corporation
08-Apr-2023 02:40:43.130 INFORMACIÓN [main] org.apache.catalina.startup.VersionLoggerListener.log CATALINA_BASE:                     C:\tomcat9
08-Apr-2023 02:40:43.130 INFORMACIÓN [main] org.apache.catalina.startup.VersionLoggerListener.log CATALINA_HOME:                     C:\tomcat9
08-Apr-2023 02:40:43.130 INFORMACIÓN [main] org.apache.catalina.startup.VersionLoggerListener.log Command line argument:             -Djava.util.logging.config.file=C:\tomcat9\conf\logging.properties
08-Apr-2023 02:40:43.130 INFORMACIÓN [main] org.apache.catalina.startup.VersionLoggerListener.log Command line argument:             -Djava.util.logging.manager=org.apache.juli.ClassLoaderLogManager
08-Apr-2023 02:40:43.130 INFORMACIÓN [main] org.apache.catalina.startup.VersionLoggerListener.log Command line argument:             -Djdk.tls.ephemeralDHKeySize=2048
08-Apr-2023 02:40:43.130 INFORMACIÓN [main] org.apache.catalina.startup.VersionLoggerListener.log Command line argument:             -Djava.protocol.handler.pkgs=org.apache.catalina.webresources
08-Apr-2023 02:40:43.130 INFORMACIÓN [main] org.apache.catalina.startup.VersionLoggerListener.log Command line argument:             -agentlib:jdwp=transport=dt_shmem,address=tomcat_shared_memory_id,server=y,suspend=n
08-Apr-2023 02:40:43.130 INFORMACIÓN [main] org.apache.catalina.startup.VersionLoggerListener.log Command line argument:             -Dignore.endorsed.dirs=
08-Apr-2023 02:40:43.130 INFORMACIÓN [main] org.apache.catalina.startup.VersionLoggerListener.log Command line argument:             -Dcatalina.base=C:\tomcat9
08-Apr-2023 02:40:43.130 INFORMACIÓN [main] org.apache.catalina.startup.VersionLoggerListener.log Command line argument:             -Dcatalina.home=C:\tomcat9
08-Apr-2023 02:40:43.130 INFORMACIÓN [main] org.apache.catalina.startup.VersionLoggerListener.log Command line argument:             -Djava.io.tmpdir=C:\tomcat9\temp
08-Apr-2023 02:40:43.146 INFORMACIÓN [main] org.apache.catalina.core.AprLifecycleListener.lifecycleEvent La biblioteca nativa de Apache Tomcat basada en ARP que permite un rendimiento óptimo en entornos de desarrollo no ha sido hallada en java.library.path: [C:\Program Files\Java\jdk1.8.0_192\bin;C:\Windows\Sun\Java\bin;C:\Windows\system32;C:\Windows;C:\Program Files\Common Files\Oracle\Java\javapath;C:\Program Files\Microsoft\jdk-11.0.16.101-hotspot\bin;C:\Program Files (x86)\Common Files\Oracle\Java\javapath;C:\Ruby32-x64\bin;C:\Windows\system32;C:\Windows;C:\Windows\System32\Wbem;C:\Windows\System32\WindowsPowerShell\v1.0\;C:\Windows\System32\OpenSSH\;C:\Program Files (x86)\NVIDIA Corporation\PhysX\Common;C:\Program Files\Microsoft SQL Server\Client SDK\ODBC\170\Tools\Binn\;C:\Program Files (x86)\Microsoft SQL Server\150\Tools\Binn\;C:\Program Files\Microsoft SQL Server\150\Tools\Binn\;C:\Program Files\Microsoft SQL Server\150\DTS\Binn\;C:\Program Files\Git\cmd;C:\Program Files\dotnet\;C:\Users\Zatonio\AppData\Local\Android\Sdk\platforms;C:\Users\Zatonio\AppData\Local\Android\Sdk\platform-tools;C:\Users\Zatonio\AppData\Local\Android\Sdk\tools;C:\Users\Zatonio\AppData\Local\Android\Sdk\emulator;C:\Users\Zatonio\AppData\Local\Microsoft\WindowsApps;C:\Users\Zatonio\AppData\Local\Programs\Microsoft VS Code\bin;C:\Program Files\Java\jdk-19\bin.;C:\Users\Zatonio\AppData\Local\Android\Sdk;C:\flutter\bin;C:\Program Files\Git\bin\git.exe;C:\Program Files\Git\bin\cmd;C:\Users\Zatonio\AppData\Local\GitHubDesktop\bin;C:\Users\Zatonio\.dotnet\tools;;.]
08-Apr-2023 02:40:43.537 INFORMACIÓN [main] org.apache.coyote.AbstractProtocol.init Inicializando el manejador de protocolo ["http-nio-8080"]

08-Apr-2023 02:40:43.568 INFORMACIÓN [main] org.apache.catalina.startup.Catalina.load Server initialization in [699] milliseconds
08-Apr-2023 02:40:43.599 INFORMACIÓN [main] org.apache.catalina.core.StandardService.startInternal Arrancando servicio [Catalina]
08-Apr-2023 02:40:43.599 INFORMACIÓN [main] org.apache.catalina.core.StandardEngine.startInternal Starting Servlet engine: [Apache Tomcat/9.0.71]
08-Apr-2023 02:40:43.615 INFORMACIÓN [main] org.apache.catalina.startup.HostConfig.deployDescriptor Desplieque del descriptor de configuración [C:\tomcat9\conf\Catalina\localhost\Empresa2022.xml]
08-Apr-2023 02:40:43.630 ADVERTENCIA [main] org.apache.catalina.startup.HostConfig.deployDescriptor The path attribute with value [/Empresa2022] in deployment descriptor [C:\tomcat9\conf\Catalina\localhost\Empresa2022.xml] has been ignored
08-Apr-2023 02:40:43.661 GRAVE [main] org.apache.catalina.startup.HostConfig.deployDescriptor Error durante el despliegue del descriptor de configuración [C:\tomcat9\conf\Catalina\localhost\Empresa2022.xml]
	java.lang.IllegalStateException: Error starting child
		at org.apache.catalina.core.ContainerBase.addChildInternal(ContainerBase.java:729)
		at org.apache.catalina.core.ContainerBase.addChild(ContainerBase.java:698)
		at org.apache.catalina.core.StandardHost.addChild(StandardHost.java:696)
		at org.apache.catalina.startup.HostConfig.deployDescriptor(HostConfig.java:689)
		at org.apache.catalina.startup.HostConfig$DeployDescriptor.run(HostConfig.java:1888)
		at java.util.concurrent.Executors$RunnableAdapter.call(Executors.java:511)
		at java.util.concurrent.FutureTask.run(FutureTask.java:266)
		at org.apache.tomcat.util.threads.InlineExecutorService.execute(InlineExecutorService.java:75)
		at java.util.concurrent.AbstractExecutorService.submit(AbstractExecutorService.java:112)
		at org.apache.catalina.startup.HostConfig.deployDescriptors(HostConfig.java:582)
		at org.apache.catalina.startup.HostConfig.deployApps(HostConfig.java:472)
		at org.apache.catalina.startup.HostConfig.start(HostConfig.java:1617)
		at org.apache.catalina.startup.HostConfig.lifecycleEvent(HostConfig.java:318)
		at org.apache.catalina.util.LifecycleBase.fireLifecycleEvent(LifecycleBase.java:123)
		at org.apache.catalina.util.LifecycleBase.setStateInternal(LifecycleBase.java:423)
		at org.apache.catalina.util.LifecycleBase.setState(LifecycleBase.java:366)
		at org.apache.catalina.core.ContainerBase.startInternal(ContainerBase.java:943)
		at org.apache.catalina.core.StandardHost.startInternal(StandardHost.java:835)
		at org.apache.catalina.util.LifecycleBase.start(LifecycleBase.java:183)
		at org.apache.catalina.core.ContainerBase$StartChild.call(ContainerBase.java:1393)
		at org.apache.catalina.core.ContainerBase$StartChild.call(ContainerBase.java:1383)
		at java.util.concurrent.FutureTask.run(FutureTask.java:266)
		at org.apache.tomcat.util.threads.InlineExecutorService.execute(InlineExecutorService.java:75)
		at java.util.concurrent.AbstractExecutorService.submit(AbstractExecutorService.java:134)
		at org.apache.catalina.core.ContainerBase.startInternal(ContainerBase.java:916)
		at org.apache.catalina.core.StandardEngine.startInternal(StandardEngine.java:265)
		at org.apache.catalina.util.LifecycleBase.start(LifecycleBase.java:183)
		at org.apache.catalina.core.StandardService.startInternal(StandardService.java:430)
		at org.apache.catalina.util.LifecycleBase.start(LifecycleBase.java:183)
		at org.apache.catalina.core.StandardServer.startInternal(StandardServer.java:930)
		at org.apache.catalina.util.LifecycleBase.start(LifecycleBase.java:183)
		at org.apache.catalina.startup.Catalina.start(Catalina.java:772)
		at sun.reflect.NativeMethodAccessorImpl.invoke0(Native Method)
		at sun.reflect.NativeMethodAccessorImpl.invoke(NativeMethodAccessorImpl.java:62)
		at sun.reflect.DelegatingMethodAccessorImpl.invoke(DelegatingMethodAccessorImpl.java:43)
		at java.lang.reflect.Method.invoke(Method.java:498)
		at org.apache.catalina.startup.Bootstrap.start(Bootstrap.java:347)
		at org.apache.catalina.startup.Bootstrap.main(Bootstrap.java:478)
	Caused by: org.apache.catalina.LifecycleException: Failed to start component [org.apache.catalina.webresources.StandardRoot@b9b00e0]
		at org.apache.catalina.util.LifecycleBase.handleSubClassException(LifecycleBase.java:440)
		at org.apache.catalina.util.LifecycleBase.start(LifecycleBase.java:198)
		at org.apache.catalina.core.StandardContext.resourcesStart(StandardContext.java:4881)
		at org.apache.catalina.core.StandardContext.startInternal(StandardContext.java:5014)
		at org.apache.catalina.util.LifecycleBase.start(LifecycleBase.java:183)
		at org.apache.catalina.core.ContainerBase.addChildInternal(ContainerBase.java:726)
		... 37 more
	Caused by: java.lang.IllegalArgumentException: The main resource set specified [C:\Users\Zatonio\Documents\NetBeansProjects\Empresa2022\build\web] is not valid
		at org.apache.catalina.webresources.StandardRoot.createMainResourceSet(StandardRoot.java:777)
		at org.apache.catalina.webresources.StandardRoot.startInternal(StandardRoot.java:734)
		at org.apache.catalina.util.LifecycleBase.start(LifecycleBase.java:183)
		... 41 more
08-Apr-2023 02:40:43.708 INFORMACIÓN [main] org.apache.catalina.startup.HostConfig.deployDescriptor Deployment of deployment descriptor [C:\tomcat9\conf\Catalina\localhost\Empresa2022.xml] has finished in [93] ms
08-Apr-2023 02:40:43.708 INFORMACIÓN [main] org.apache.catalina.startup.HostConfig.deployDescriptor Desplieque del descriptor de configuración [C:\tomcat9\conf\Catalina\localhost\SecondWeaponLife.xml]
08-Apr-2023 02:40:43.708 ADVERTENCIA [main] org.apache.catalina.startup.HostConfig.deployDescriptor The path attribute with value [/SecondWeaponLife] in deployment descriptor [C:\tomcat9\conf\Catalina\localhost\SecondWeaponLife.xml] has been ignored
08-Apr-2023 02:40:46.717 INFORMACIÓN [main] org.apache.jasper.servlet.TldScanner.scanJars Al menos un JAR, que se ha explorado buscando TLDs, aún no contenía TLDs. Activar historial de depuración para este historiador para una completa lista de los JARs que fueron explorados y de los que nos se halló TLDs. Saltarse JARs no necesarios durante la exploración puede dar lugar a una mejora de tiempo significativa en el arranque y compilación de JSP .
08-Apr-2023 02:40:47.107 ADVERTENCIA [main] org.apache.catalina.util.SessionIdGeneratorBase.createSecureRandom Creation of SecureRandom instance for session ID generation using [SHA1PRNG] took [281] milliseconds.
08-Apr-2023 02:40:47.138 INFORMACIÓN [main] org.apache.catalina.startup.HostConfig.deployDescriptor Deployment of deployment descriptor [C:\tomcat9\conf\Catalina\localhost\SecondWeaponLife.xml] has finished in [3.430] ms
08-Apr-2023 02:40:47.138 INFORMACIÓN [main] org.apache.catalina.startup.HostConfig.deployDirectory Desplegando el directorio [C:\tomcat9\webapps\docs] de la aplicación web
08-Apr-2023 02:40:47.170 INFORMACIÓN [main] org.apache.catalina.startup.HostConfig.deployDirectory Deployment of web application directory [C:\tomcat9\webapps\docs] has finished in [32] ms
08-Apr-2023 02:40:47.170 INFORMACIÓN [main] org.apache.catalina.startup.HostConfig.deployDirectory Desplegando el directorio [C:\tomcat9\webapps\examples] de la aplicación web
08-Apr-2023 02:40:47.748 INFORMACIÓN [main] org.apache.catalina.startup.HostConfig.deployDirectory Deployment of web application directory [C:\tomcat9\webapps\examples] has finished in [578] ms
08-Apr-2023 02:40:47.748 INFORMACIÓN [main] org.apache.catalina.startup.HostConfig.deployDirectory Desplegando el directorio [C:\tomcat9\webapps\host-manager] de la aplicación web
08-Apr-2023 02:40:47.779 INFORMACIÓN [main] org.apache.catalina.startup.HostConfig.deployDirectory Deployment of web application directory [C:\tomcat9\webapps\host-manager] has finished in [31] ms
08-Apr-2023 02:40:47.779 INFORMACIÓN [main] org.apache.catalina.startup.HostConfig.deployDirectory Desplegando el directorio [C:\tomcat9\webapps\manager] de la aplicación web
08-Apr-2023 02:40:47.810 INFORMACIÓN [main] org.apache.catalina.startup.HostConfig.deployDirectory Deployment of web application directory [C:\tomcat9\webapps\manager] has finished in [31] ms
08-Apr-2023 02:40:47.810 INFORMACIÓN [main] org.apache.catalina.startup.HostConfig.deployDirectory Desplegando el directorio [C:\tomcat9\webapps\ROOT] de la aplicación web
08-Apr-2023 02:40:47.826 INFORMACIÓN [main] org.apache.catalina.startup.HostConfig.deployDirectory Deployment of web application directory [C:\tomcat9\webapps\ROOT] has finished in [16] ms
08-Apr-2023 02:40:47.826 INFORMACIÓN [main] org.apache.coyote.AbstractProtocol.start Starting ProtocolHandler ["http-nio-8080"]
08-Apr-2023 02:40:47.857 INFORMACIÓN [main] org.apache.catalina.startup.Catalina.start Server startup in [4296] milliseconds
08-Apr-2023 02:40:48.747 INFORMACIÓN [http-nio-8080-exec-9] org.apache.catalina.startup.HostConfig.undeploy Repliegue (undeploy) de la aplicación web que tiene como trayectoria de contexto [/SecondWeaponLife]
08-Apr-2023 02:40:48.763 INFORMACIÓN [http-nio-8080-exec-2] org.apache.catalina.startup.HostConfig.deployDescriptor Desplieque del descriptor de configuración [C:\tomcat9\conf\Catalina\localhost\SecondWeaponLife.xml]
08-Apr-2023 02:40:48.763 ADVERTENCIA [http-nio-8080-exec-2] org.apache.catalina.startup.HostConfig.deployDescriptor The path attribute with value [/SecondWeaponLife] in deployment descriptor [C:\tomcat9\conf\Catalina\localhost\SecondWeaponLife.xml] has been ignored
08-Apr-2023 02:40:51.075 INFORMACIÓN [http-nio-8080-exec-2] org.apache.jasper.servlet.TldScanner.scanJars Al menos un JAR, que se ha explorado buscando TLDs, aún no contenía TLDs. Activar historial de depuración para este historiador para una completa lista de los JARs que fueron explorados y de los que nos se halló TLDs. Saltarse JARs no necesarios durante la exploración puede dar lugar a una mejora de tiempo significativa en el arranque y compilación de JSP .
08-Apr-2023 02:40:51.137 INFORMACIÓN [http-nio-8080-exec-2] org.apache.catalina.startup.HostConfig.deployDescriptor Deployment of deployment descriptor [C:\tomcat9\conf\Catalina\localhost\SecondWeaponLife.xml] has finished in [2.374] ms
08-Apr-2023 02:40:51.137 INFORMACIÓN [http-nio-8080-exec-6] org.apache.catalina.util.LifecycleBase.start The start() method was called on component [StandardEngine[Catalina].StandardHost[localhost].StandardContext[/SecondWeaponLife]] after start() had already been called. The second call will be ignored.
08-Apr-2023 02:43:59.796 INFORMACIÓN [main] org.apache.catalina.core.StandardServer.await Se ha recibido un comando de apagado a través del puerto de apagado. Parando la instancia del Servidor.
08-Apr-2023 02:43:59.796 INFORMACIÓN [main] org.apache.coyote.AbstractProtocol.pause Pausing ProtocolHandler ["http-nio-8080"]
08-Apr-2023 02:44:00.124 INFORMACIÓN [main] org.apache.catalina.core.StandardService.stopInternal Parando servicio [Catalina]
08-Apr-2023 02:44:00.134 ADVERTENCIA [main] org.apache.catalina.loader.WebappClassLoaderBase.clearReferencesJdbc La aplicación web [SecondWeaponLife] registró el conductor JDBC [com.mysql.cj.jdbc.Driver] pero falló al anular el registro mientras la aplicación web estaba parada. Para prevenir un fallo de memoria, se ha anulado el registro del conductor JDBC por la fuerza.
08-Apr-2023 02:44:00.134 ADVERTENCIA [main] org.apache.catalina.loader.WebappClassLoaderBase.clearReferencesThreads The web application [SecondWeaponLife] appears to have started a thread named [mysql-cj-abandoned-connection-cleanup] but has failed to stop it. This is very likely to create a memory leak. Stack trace of thread:
 java.lang.Object.wait(Native Method)
 java.lang.ref.ReferenceQueue.remove(ReferenceQueue.java:144)
 com.mysql.cj.jdbc.AbandonedConnectionCleanupThread.run(AbandonedConnectionCleanupThread.java:85)
 java.util.concurrent.ThreadPoolExecutor.runWorker(ThreadPoolExecutor.java:1149)
 java.util.concurrent.ThreadPoolExecutor$Worker.run(ThreadPoolExecutor.java:624)
 java.lang.Thread.run(Thread.java:748)
08-Apr-2023 02:44:00.150 INFORMACIÓN [main] org.apache.coyote.AbstractProtocol.stop Stopping ProtocolHandler ["http-nio-8080"]
08-Apr-2023 02:44:00.166 INFORMACIÓN [main] org.apache.coyote.AbstractProtocol.destroy Destroying ProtocolHandler ["http-nio-8080"]
