15-Apr-2023 18:20:19.371 INFORMACIÓN [main] org.apache.catalina.startup.VersionLoggerListener.log Nombre de la versión del servidor: Apache Tomcat/9.0.71
15-Apr-2023 18:20:19.374 INFORMACIÓN [main] org.apache.catalina.startup.VersionLoggerListener.log Server built:                      Jan 9 2023 22:33:01 UTC
15-Apr-2023 18:20:19.375 INFORMACIÓN [main] org.apache.catalina.startup.VersionLoggerListener.log Número de versión de servidor:     9.0.71.0
15-Apr-2023 18:20:19.375 INFORMACIÓN [main] org.apache.catalina.startup.VersionLoggerListener.log OS Name:                           Windows 10
15-Apr-2023 18:20:19.375 INFORMACIÓN [main] org.apache.catalina.startup.VersionLoggerListener.log Versión de Systema Operativo:      10.0
15-Apr-2023 18:20:19.375 INFORMACIÓN [main] org.apache.catalina.startup.VersionLoggerListener.log Arquitectura:                      amd64
15-Apr-2023 18:20:19.375 INFORMACIÓN [main] org.apache.catalina.startup.VersionLoggerListener.log Java Home:                         C:\Program Files\Java\jdk1.8.0_192\jre
15-Apr-2023 18:20:19.375 INFORMACIÓN [main] org.apache.catalina.startup.VersionLoggerListener.log JVM Version:                       1.8.0_192-b12
15-Apr-2023 18:20:19.375 INFORMACIÓN [main] org.apache.catalina.startup.VersionLoggerListener.log Vededor JVM:                       Oracle Corporation
15-Apr-2023 18:20:19.375 INFORMACIÓN [main] org.apache.catalina.startup.VersionLoggerListener.log CATALINA_BASE:                     C:\tomcat9
15-Apr-2023 18:20:19.375 INFORMACIÓN [main] org.apache.catalina.startup.VersionLoggerListener.log CATALINA_HOME:                     C:\tomcat9
15-Apr-2023 18:20:19.376 INFORMACIÓN [main] org.apache.catalina.startup.VersionLoggerListener.log Command line argument:             -Djava.util.logging.config.file=C:\tomcat9\conf\logging.properties
15-Apr-2023 18:20:19.376 INFORMACIÓN [main] org.apache.catalina.startup.VersionLoggerListener.log Command line argument:             -Djava.util.logging.manager=org.apache.juli.ClassLoaderLogManager
15-Apr-2023 18:20:19.376 INFORMACIÓN [main] org.apache.catalina.startup.VersionLoggerListener.log Command line argument:             -Djdk.tls.ephemeralDHKeySize=2048
15-Apr-2023 18:20:19.376 INFORMACIÓN [main] org.apache.catalina.startup.VersionLoggerListener.log Command line argument:             -Djava.protocol.handler.pkgs=org.apache.catalina.webresources
15-Apr-2023 18:20:19.376 INFORMACIÓN [main] org.apache.catalina.startup.VersionLoggerListener.log Command line argument:             -Dignore.endorsed.dirs=
15-Apr-2023 18:20:19.376 INFORMACIÓN [main] org.apache.catalina.startup.VersionLoggerListener.log Command line argument:             -Dcatalina.base=C:\tomcat9
15-Apr-2023 18:20:19.376 INFORMACIÓN [main] org.apache.catalina.startup.VersionLoggerListener.log Command line argument:             -Dcatalina.home=C:\tomcat9
15-Apr-2023 18:20:19.376 INFORMACIÓN [main] org.apache.catalina.startup.VersionLoggerListener.log Command line argument:             -Djava.io.tmpdir=C:\tomcat9\temp
15-Apr-2023 18:20:19.391 INFORMACIÓN [main] org.apache.catalina.core.AprLifecycleListener.lifecycleEvent La biblioteca nativa de Apache Tomcat basada en ARP que permite un rendimiento óptimo en entornos de desarrollo no ha sido hallada en java.library.path: [C:\Program Files\Java\jdk1.8.0_192\bin;C:\Windows\Sun\Java\bin;C:\Windows\system32;C:\Windows;C:\Program Files\Common Files\Oracle\Java\javapath;C:\Program Files\Microsoft\jdk-11.0.16.101-hotspot\bin;C:\Program Files (x86)\Common Files\Oracle\Java\javapath;C:\Ruby32-x64\bin;C:\Windows\system32;C:\Windows;C:\Windows\System32\Wbem;C:\Windows\System32\WindowsPowerShell\v1.0\;C:\Windows\System32\OpenSSH\;C:\Program Files (x86)\NVIDIA Corporation\PhysX\Common;C:\Program Files\Microsoft SQL Server\Client SDK\ODBC\170\Tools\Binn\;C:\Program Files (x86)\Microsoft SQL Server\150\Tools\Binn\;C:\Program Files\Microsoft SQL Server\150\Tools\Binn\;C:\Program Files\Microsoft SQL Server\150\DTS\Binn\;C:\Program Files\Git\cmd;C:\Program Files\dotnet\;C:\Users\Zatonio\AppData\Local\Android\Sdk\platforms;C:\Users\Zatonio\AppData\Local\Android\Sdk\platform-tools;C:\Users\Zatonio\AppData\Local\Android\Sdk\tools;C:\Users\Zatonio\AppData\Local\Android\Sdk\emulator;C:\Users\Zatonio\AppData\Local\Microsoft\WindowsApps;C:\Users\Zatonio\AppData\Local\Programs\Microsoft VS Code\bin;C:\Program Files\Java\jdk-19\bin.;C:\Users\Zatonio\AppData\Local\Android\Sdk;C:\flutter\bin;C:\Program Files\Git\bin\git.exe;C:\Program Files\Git\bin\cmd;C:\Users\Zatonio\AppData\Local\GitHubDesktop\bin;C:\Users\Zatonio\.dotnet\tools;;.]
15-Apr-2023 18:20:20.093 INFORMACIÓN [main] org.apache.coyote.AbstractProtocol.init Inicializando el manejador de protocolo ["http-nio-8080"]

15-Apr-2023 18:20:20.124 INFORMACIÓN [main] org.apache.catalina.startup.Catalina.load Server initialization in [1087] milliseconds
15-Apr-2023 18:20:20.171 INFORMACIÓN [main] org.apache.catalina.core.StandardService.startInternal Arrancando servicio [Catalina]
15-Apr-2023 18:20:20.172 INFORMACIÓN [main] org.apache.catalina.core.StandardEngine.startInternal Starting Servlet engine: [Apache Tomcat/9.0.71]
15-Apr-2023 18:20:20.185 INFORMACIÓN [main] org.apache.catalina.startup.HostConfig.deployDescriptor Desplieque del descriptor de configuración [C:\tomcat9\conf\Catalina\localhost\Empresa2022.xml]
15-Apr-2023 18:20:20.207 ADVERTENCIA [main] org.apache.catalina.startup.HostConfig.deployDescriptor The path attribute with value [/Empresa2022] in deployment descriptor [C:\tomcat9\conf\Catalina\localhost\Empresa2022.xml] has been ignored
15-Apr-2023 18:20:20.245 GRAVE [main] org.apache.catalina.startup.HostConfig.deployDescriptor Error durante el despliegue del descriptor de configuración [C:\tomcat9\conf\Catalina\localhost\Empresa2022.xml]
	java.lang.IllegalStateException: Error starting child
		at org.apache.catalina.core.ContainerBase.addChildInternal(ContainerBase.java:729)
		at org.apache.catalina.core.ContainerBase.addChild(ContainerBase.java:698)
		at org.apache.catalina.core.StandardHost.addChild(StandardHost.java:696)
		at org.apache.catalina.startup.HostConfig.deployDescriptor(HostConfig.java:689)
		at org.apache.catalina.startup.HostConfig$DeployDescriptor.run(HostConfig.java:1888)
		at java.util.concurrent.Executors$RunnableAdapter.call(Executors.java:511)
		at java.util.concurrent.FutureTask.run(FutureTask.java:266)
		at org.apache.tomcat.util.threads.InlineExecutorService.execute(InlineExecutorService.java:75)
		at java.util.concurrent.AbstractExecutorService.submit(AbstractExecutorService.java:112)
		at org.apache.catalina.startup.HostConfig.deployDescriptors(HostConfig.java:582)
		at org.apache.catalina.startup.HostConfig.deployApps(HostConfig.java:472)
		at org.apache.catalina.startup.HostConfig.start(HostConfig.java:1617)
		at org.apache.catalina.startup.HostConfig.lifecycleEvent(HostConfig.java:318)
		at org.apache.catalina.util.LifecycleBase.fireLifecycleEvent(LifecycleBase.java:123)
		at org.apache.catalina.util.LifecycleBase.setStateInternal(LifecycleBase.java:423)
		at org.apache.catalina.util.LifecycleBase.setState(LifecycleBase.java:366)
		at org.apache.catalina.core.ContainerBase.startInternal(ContainerBase.java:943)
		at org.apache.catalina.core.StandardHost.startInternal(StandardHost.java:835)
		at org.apache.catalina.util.LifecycleBase.start(LifecycleBase.java:183)
		at org.apache.catalina.core.ContainerBase$StartChild.call(ContainerBase.java:1393)
		at org.apache.catalina.core.ContainerBase$StartChild.call(ContainerBase.java:1383)
		at java.util.concurrent.FutureTask.run(FutureTask.java:266)
		at org.apache.tomcat.util.threads.InlineExecutorService.execute(InlineExecutorService.java:75)
		at java.util.concurrent.AbstractExecutorService.submit(AbstractExecutorService.java:134)
		at org.apache.catalina.core.ContainerBase.startInternal(ContainerBase.java:916)
		at org.apache.catalina.core.StandardEngine.startInternal(StandardEngine.java:265)
		at org.apache.catalina.util.LifecycleBase.start(LifecycleBase.java:183)
		at org.apache.catalina.core.StandardService.startInternal(StandardService.java:430)
		at org.apache.catalina.util.LifecycleBase.start(LifecycleBase.java:183)
		at org.apache.catalina.core.StandardServer.startInternal(StandardServer.java:930)
		at org.apache.catalina.util.LifecycleBase.start(LifecycleBase.java:183)
		at org.apache.catalina.startup.Catalina.start(Catalina.java:772)
		at sun.reflect.NativeMethodAccessorImpl.invoke0(Native Method)
		at sun.reflect.NativeMethodAccessorImpl.invoke(NativeMethodAccessorImpl.java:62)
		at sun.reflect.DelegatingMethodAccessorImpl.invoke(DelegatingMethodAccessorImpl.java:43)
		at java.lang.reflect.Method.invoke(Method.java:498)
		at org.apache.catalina.startup.Bootstrap.start(Bootstrap.java:347)
		at org.apache.catalina.startup.Bootstrap.main(Bootstrap.java:478)
	Caused by: org.apache.catalina.LifecycleException: Failed to start component [org.apache.catalina.webresources.StandardRoot@782663d3]
		at org.apache.catalina.util.LifecycleBase.handleSubClassException(LifecycleBase.java:440)
		at org.apache.catalina.util.LifecycleBase.start(LifecycleBase.java:198)
		at org.apache.catalina.core.StandardContext.resourcesStart(StandardContext.java:4881)
		at org.apache.catalina.core.StandardContext.startInternal(StandardContext.java:5014)
		at org.apache.catalina.util.LifecycleBase.start(LifecycleBase.java:183)
		at org.apache.catalina.core.ContainerBase.addChildInternal(ContainerBase.java:726)
		... 37 more
	Caused by: java.lang.IllegalArgumentException: The main resource set specified [C:\Users\Zatonio\Documents\NetBeansProjects\Empresa2022\build\web] is not valid
		at org.apache.catalina.webresources.StandardRoot.createMainResourceSet(StandardRoot.java:777)
		at org.apache.catalina.webresources.StandardRoot.startInternal(StandardRoot.java:734)
		at org.apache.catalina.util.LifecycleBase.start(LifecycleBase.java:183)
		... 41 more
15-Apr-2023 18:20:20.284 INFORMACIÓN [main] org.apache.catalina.startup.HostConfig.deployDescriptor Deployment of deployment descriptor [C:\tomcat9\conf\Catalina\localhost\Empresa2022.xml] has finished in [96] ms
15-Apr-2023 18:20:20.284 INFORMACIÓN [main] org.apache.catalina.startup.HostConfig.deployDescriptor Desplieque del descriptor de configuración [C:\tomcat9\conf\Catalina\localhost\SecondWeaponLife.xml]
15-Apr-2023 18:20:20.286 ADVERTENCIA [main] org.apache.catalina.startup.HostConfig.deployDescriptor The path attribute with value [/SecondWeaponLife] in deployment descriptor [C:\tomcat9\conf\Catalina\localhost\SecondWeaponLife.xml] has been ignored
15-Apr-2023 18:20:23.939 INFORMACIÓN [main] org.apache.jasper.servlet.TldScanner.scanJars Al menos un JAR, que se ha explorado buscando TLDs, aún no contenía TLDs. Activar historial de depuración para este historiador para una completa lista de los JARs que fueron explorados y de los que nos se halló TLDs. Saltarse JARs no necesarios durante la exploración puede dar lugar a una mejora de tiempo significativa en el arranque y compilación de JSP .
15-Apr-2023 18:20:24.373 ADVERTENCIA [main] org.apache.catalina.util.SessionIdGeneratorBase.createSecureRandom Creation of SecureRandom instance for session ID generation using [SHA1PRNG] took [336] milliseconds.
15-Apr-2023 18:20:24.396 INFORMACIÓN [main] org.apache.catalina.startup.HostConfig.deployDescriptor Deployment of deployment descriptor [C:\tomcat9\conf\Catalina\localhost\SecondWeaponLife.xml] has finished in [4.112] ms
15-Apr-2023 18:20:24.397 INFORMACIÓN [main] org.apache.catalina.startup.HostConfig.deployDirectory Desplegando el directorio [C:\tomcat9\webapps\docs] de la aplicación web
15-Apr-2023 18:20:24.433 INFORMACIÓN [main] org.apache.catalina.startup.HostConfig.deployDirectory Deployment of web application directory [C:\tomcat9\webapps\docs] has finished in [36] ms
15-Apr-2023 18:20:24.433 INFORMACIÓN [main] org.apache.catalina.startup.HostConfig.deployDirectory Desplegando el directorio [C:\tomcat9\webapps\examples] de la aplicación web
15-Apr-2023 18:20:25.182 INFORMACIÓN [main] org.apache.catalina.startup.HostConfig.deployDirectory Deployment of web application directory [C:\tomcat9\webapps\examples] has finished in [749] ms
15-Apr-2023 18:20:25.182 INFORMACIÓN [main] org.apache.catalina.startup.HostConfig.deployDirectory Desplegando el directorio [C:\tomcat9\webapps\host-manager] de la aplicación web
15-Apr-2023 18:20:25.216 INFORMACIÓN [main] org.apache.catalina.startup.HostConfig.deployDirectory Deployment of web application directory [C:\tomcat9\webapps\host-manager] has finished in [34] ms
15-Apr-2023 18:20:25.220 INFORMACIÓN [main] org.apache.catalina.startup.HostConfig.deployDirectory Desplegando el directorio [C:\tomcat9\webapps\manager] de la aplicación web
15-Apr-2023 18:20:25.259 INFORMACIÓN [main] org.apache.catalina.startup.HostConfig.deployDirectory Deployment of web application directory [C:\tomcat9\webapps\manager] has finished in [42] ms
15-Apr-2023 18:20:25.259 INFORMACIÓN [main] org.apache.catalina.startup.HostConfig.deployDirectory Desplegando el directorio [C:\tomcat9\webapps\ROOT] de la aplicación web
15-Apr-2023 18:20:25.287 INFORMACIÓN [main] org.apache.catalina.startup.HostConfig.deployDirectory Deployment of web application directory [C:\tomcat9\webapps\ROOT] has finished in [28] ms
15-Apr-2023 18:20:25.293 INFORMACIÓN [main] org.apache.coyote.AbstractProtocol.start Starting ProtocolHandler ["http-nio-8080"]
15-Apr-2023 18:20:25.325 INFORMACIÓN [main] org.apache.catalina.startup.Catalina.start Server startup in [5200] milliseconds
15-Apr-2023 18:20:27.458 INFORMACIÓN [http-nio-8080-exec-8] org.apache.catalina.startup.HostConfig.undeploy Repliegue (undeploy) de la aplicación web que tiene como trayectoria de contexto [/SecondWeaponLife]
15-Apr-2023 18:20:27.489 INFORMACIÓN [http-nio-8080-exec-4] org.apache.catalina.startup.HostConfig.deployDescriptor Desplieque del descriptor de configuración [C:\tomcat9\conf\Catalina\localhost\SecondWeaponLife.xml]
15-Apr-2023 18:20:27.491 ADVERTENCIA [http-nio-8080-exec-4] org.apache.catalina.startup.HostConfig.deployDescriptor The path attribute with value [/SecondWeaponLife] in deployment descriptor [C:\tomcat9\conf\Catalina\localhost\SecondWeaponLife.xml] has been ignored
15-Apr-2023 18:20:29.981 INFORMACIÓN [http-nio-8080-exec-4] org.apache.jasper.servlet.TldScanner.scanJars Al menos un JAR, que se ha explorado buscando TLDs, aún no contenía TLDs. Activar historial de depuración para este historiador para una completa lista de los JARs que fueron explorados y de los que nos se halló TLDs. Saltarse JARs no necesarios durante la exploración puede dar lugar a una mejora de tiempo significativa en el arranque y compilación de JSP .
15-Apr-2023 18:20:30.063 INFORMACIÓN [http-nio-8080-exec-4] org.apache.catalina.startup.HostConfig.deployDescriptor Deployment of deployment descriptor [C:\tomcat9\conf\Catalina\localhost\SecondWeaponLife.xml] has finished in [2.574] ms
15-Apr-2023 18:20:30.068 INFORMACIÓN [http-nio-8080-exec-3] org.apache.catalina.util.LifecycleBase.start The start() method was called on component [StandardEngine[Catalina].StandardHost[localhost].StandardContext[/SecondWeaponLife]] after start() had already been called. The second call will be ignored.
15-Apr-2023 18:37:50.552 INFORMACIÓN [main] org.apache.catalina.core.StandardServer.await Se ha recibido un comando de apagado a través del puerto de apagado. Parando la instancia del Servidor.
15-Apr-2023 18:37:50.553 INFORMACIÓN [main] org.apache.coyote.AbstractProtocol.pause Pausing ProtocolHandler ["http-nio-8080"]
15-Apr-2023 18:37:50.817 INFORMACIÓN [main] org.apache.catalina.core.StandardService.stopInternal Parando servicio [Catalina]
15-Apr-2023 18:37:50.839 ADVERTENCIA [main] org.apache.catalina.loader.WebappClassLoaderBase.clearReferencesJdbc La aplicación web [SecondWeaponLife] registró el conductor JDBC [com.mysql.cj.jdbc.Driver] pero falló al anular el registro mientras la aplicación web estaba parada. Para prevenir un fallo de memoria, se ha anulado el registro del conductor JDBC por la fuerza.
15-Apr-2023 18:37:50.839 ADVERTENCIA [main] org.apache.catalina.loader.WebappClassLoaderBase.clearReferencesThreads The web application [SecondWeaponLife] appears to have started a thread named [mysql-cj-abandoned-connection-cleanup] but has failed to stop it. This is very likely to create a memory leak. Stack trace of thread:
 java.lang.Object.wait(Native Method)
 java.lang.ref.ReferenceQueue.remove(ReferenceQueue.java:144)
 com.mysql.cj.jdbc.AbandonedConnectionCleanupThread.run(AbandonedConnectionCleanupThread.java:85)
 java.util.concurrent.ThreadPoolExecutor.runWorker(ThreadPoolExecutor.java:1149)
 java.util.concurrent.ThreadPoolExecutor$Worker.run(ThreadPoolExecutor.java:624)
 java.lang.Thread.run(Thread.java:748)
15-Apr-2023 18:37:50.854 INFORMACIÓN [main] org.apache.coyote.AbstractProtocol.stop Stopping ProtocolHandler ["http-nio-8080"]
15-Apr-2023 18:37:50.870 INFORMACIÓN [main] org.apache.coyote.AbstractProtocol.destroy Destroying ProtocolHandler ["http-nio-8080"]
15-Apr-2023 18:37:53.904 INFORMACIÓN [main] org.apache.catalina.startup.VersionLoggerListener.log Nombre de la versión del servidor: Apache Tomcat/9.0.71
15-Apr-2023 18:37:53.907 INFORMACIÓN [main] org.apache.catalina.startup.VersionLoggerListener.log Server built:                      Jan 9 2023 22:33:01 UTC
15-Apr-2023 18:37:53.908 INFORMACIÓN [main] org.apache.catalina.startup.VersionLoggerListener.log Número de versión de servidor:     9.0.71.0
15-Apr-2023 18:37:53.908 INFORMACIÓN [main] org.apache.catalina.startup.VersionLoggerListener.log OS Name:                           Windows 10
15-Apr-2023 18:37:53.908 INFORMACIÓN [main] org.apache.catalina.startup.VersionLoggerListener.log Versión de Systema Operativo:      10.0
15-Apr-2023 18:37:53.908 INFORMACIÓN [main] org.apache.catalina.startup.VersionLoggerListener.log Arquitectura:                      amd64
15-Apr-2023 18:37:53.908 INFORMACIÓN [main] org.apache.catalina.startup.VersionLoggerListener.log Java Home:                         C:\Program Files\Java\jdk1.8.0_192\jre
15-Apr-2023 18:37:53.908 INFORMACIÓN [main] org.apache.catalina.startup.VersionLoggerListener.log JVM Version:                       1.8.0_192-b12
15-Apr-2023 18:37:53.908 INFORMACIÓN [main] org.apache.catalina.startup.VersionLoggerListener.log Vededor JVM:                       Oracle Corporation
15-Apr-2023 18:37:53.908 INFORMACIÓN [main] org.apache.catalina.startup.VersionLoggerListener.log CATALINA_BASE:                     C:\tomcat9
15-Apr-2023 18:37:53.908 INFORMACIÓN [main] org.apache.catalina.startup.VersionLoggerListener.log CATALINA_HOME:                     C:\tomcat9
15-Apr-2023 18:37:53.909 INFORMACIÓN [main] org.apache.catalina.startup.VersionLoggerListener.log Command line argument:             -Djava.util.logging.config.file=C:\tomcat9\conf\logging.properties
15-Apr-2023 18:37:53.910 INFORMACIÓN [main] org.apache.catalina.startup.VersionLoggerListener.log Command line argument:             -Djava.util.logging.manager=org.apache.juli.ClassLoaderLogManager
15-Apr-2023 18:37:53.910 INFORMACIÓN [main] org.apache.catalina.startup.VersionLoggerListener.log Command line argument:             -Djdk.tls.ephemeralDHKeySize=2048
15-Apr-2023 18:37:53.910 INFORMACIÓN [main] org.apache.catalina.startup.VersionLoggerListener.log Command line argument:             -Djava.protocol.handler.pkgs=org.apache.catalina.webresources
15-Apr-2023 18:37:53.910 INFORMACIÓN [main] org.apache.catalina.startup.VersionLoggerListener.log Command line argument:             -agentlib:jdwp=transport=dt_shmem,address=tomcat_shared_memory_id,server=y,suspend=n
15-Apr-2023 18:37:53.910 INFORMACIÓN [main] org.apache.catalina.startup.VersionLoggerListener.log Command line argument:             -Dignore.endorsed.dirs=
15-Apr-2023 18:37:53.910 INFORMACIÓN [main] org.apache.catalina.startup.VersionLoggerListener.log Command line argument:             -Dcatalina.base=C:\tomcat9
15-Apr-2023 18:37:53.910 INFORMACIÓN [main] org.apache.catalina.startup.VersionLoggerListener.log Command line argument:             -Dcatalina.home=C:\tomcat9
15-Apr-2023 18:37:53.910 INFORMACIÓN [main] org.apache.catalina.startup.VersionLoggerListener.log Command line argument:             -Djava.io.tmpdir=C:\tomcat9\temp
15-Apr-2023 18:37:53.928 INFORMACIÓN [main] org.apache.catalina.core.AprLifecycleListener.lifecycleEvent La biblioteca nativa de Apache Tomcat basada en ARP que permite un rendimiento óptimo en entornos de desarrollo no ha sido hallada en java.library.path: [C:\Program Files\Java\jdk1.8.0_192\bin;C:\Windows\Sun\Java\bin;C:\Windows\system32;C:\Windows;C:\Program Files\Common Files\Oracle\Java\javapath;C:\Program Files\Microsoft\jdk-11.0.16.101-hotspot\bin;C:\Program Files (x86)\Common Files\Oracle\Java\javapath;C:\Ruby32-x64\bin;C:\Windows\system32;C:\Windows;C:\Windows\System32\Wbem;C:\Windows\System32\WindowsPowerShell\v1.0\;C:\Windows\System32\OpenSSH\;C:\Program Files (x86)\NVIDIA Corporation\PhysX\Common;C:\Program Files\Microsoft SQL Server\Client SDK\ODBC\170\Tools\Binn\;C:\Program Files (x86)\Microsoft SQL Server\150\Tools\Binn\;C:\Program Files\Microsoft SQL Server\150\Tools\Binn\;C:\Program Files\Microsoft SQL Server\150\DTS\Binn\;C:\Program Files\Git\cmd;C:\Program Files\dotnet\;C:\Users\Zatonio\AppData\Local\Android\Sdk\platforms;C:\Users\Zatonio\AppData\Local\Android\Sdk\platform-tools;C:\Users\Zatonio\AppData\Local\Android\Sdk\tools;C:\Users\Zatonio\AppData\Local\Android\Sdk\emulator;C:\Users\Zatonio\AppData\Local\Microsoft\WindowsApps;C:\Users\Zatonio\AppData\Local\Programs\Microsoft VS Code\bin;C:\Program Files\Java\jdk-19\bin.;C:\Users\Zatonio\AppData\Local\Android\Sdk;C:\flutter\bin;C:\Program Files\Git\bin\git.exe;C:\Program Files\Git\bin\cmd;C:\Users\Zatonio\AppData\Local\GitHubDesktop\bin;C:\Users\Zatonio\.dotnet\tools;;.]
15-Apr-2023 18:37:54.332 INFORMACIÓN [main] org.apache.coyote.AbstractProtocol.init Inicializando el manejador de protocolo ["http-nio-8080"]

15-Apr-2023 18:37:54.357 INFORMACIÓN [main] org.apache.catalina.startup.Catalina.load Server initialization in [733] milliseconds
15-Apr-2023 18:37:54.406 INFORMACIÓN [main] org.apache.catalina.core.StandardService.startInternal Arrancando servicio [Catalina]
15-Apr-2023 18:37:54.406 INFORMACIÓN [main] org.apache.catalina.core.StandardEngine.startInternal Starting Servlet engine: [Apache Tomcat/9.0.71]
15-Apr-2023 18:37:54.418 INFORMACIÓN [main] org.apache.catalina.startup.HostConfig.deployDescriptor Desplieque del descriptor de configuración [C:\tomcat9\conf\Catalina\localhost\Empresa2022.xml]
15-Apr-2023 18:37:54.444 ADVERTENCIA [main] org.apache.catalina.startup.HostConfig.deployDescriptor The path attribute with value [/Empresa2022] in deployment descriptor [C:\tomcat9\conf\Catalina\localhost\Empresa2022.xml] has been ignored
15-Apr-2023 18:37:54.482 GRAVE [main] org.apache.catalina.startup.HostConfig.deployDescriptor Error durante el despliegue del descriptor de configuración [C:\tomcat9\conf\Catalina\localhost\Empresa2022.xml]
	java.lang.IllegalStateException: Error starting child
		at org.apache.catalina.core.ContainerBase.addChildInternal(ContainerBase.java:729)
		at org.apache.catalina.core.ContainerBase.addChild(ContainerBase.java:698)
		at org.apache.catalina.core.StandardHost.addChild(StandardHost.java:696)
		at org.apache.catalina.startup.HostConfig.deployDescriptor(HostConfig.java:689)
		at org.apache.catalina.startup.HostConfig$DeployDescriptor.run(HostConfig.java:1888)
		at java.util.concurrent.Executors$RunnableAdapter.call(Executors.java:511)
		at java.util.concurrent.FutureTask.run(FutureTask.java:266)
		at org.apache.tomcat.util.threads.InlineExecutorService.execute(InlineExecutorService.java:75)
		at java.util.concurrent.AbstractExecutorService.submit(AbstractExecutorService.java:112)
		at org.apache.catalina.startup.HostConfig.deployDescriptors(HostConfig.java:582)
		at org.apache.catalina.startup.HostConfig.deployApps(HostConfig.java:472)
		at org.apache.catalina.startup.HostConfig.start(HostConfig.java:1617)
		at org.apache.catalina.startup.HostConfig.lifecycleEvent(HostConfig.java:318)
		at org.apache.catalina.util.LifecycleBase.fireLifecycleEvent(LifecycleBase.java:123)
		at org.apache.catalina.util.LifecycleBase.setStateInternal(LifecycleBase.java:423)
		at org.apache.catalina.util.LifecycleBase.setState(LifecycleBase.java:366)
		at org.apache.catalina.core.ContainerBase.startInternal(ContainerBase.java:943)
		at org.apache.catalina.core.StandardHost.startInternal(StandardHost.java:835)
		at org.apache.catalina.util.LifecycleBase.start(LifecycleBase.java:183)
		at org.apache.catalina.core.ContainerBase$StartChild.call(ContainerBase.java:1393)
		at org.apache.catalina.core.ContainerBase$StartChild.call(ContainerBase.java:1383)
		at java.util.concurrent.FutureTask.run(FutureTask.java:266)
		at org.apache.tomcat.util.threads.InlineExecutorService.execute(InlineExecutorService.java:75)
		at java.util.concurrent.AbstractExecutorService.submit(AbstractExecutorService.java:134)
		at org.apache.catalina.core.ContainerBase.startInternal(ContainerBase.java:916)
		at org.apache.catalina.core.StandardEngine.startInternal(StandardEngine.java:265)
		at org.apache.catalina.util.LifecycleBase.start(LifecycleBase.java:183)
		at org.apache.catalina.core.StandardService.startInternal(StandardService.java:430)
		at org.apache.catalina.util.LifecycleBase.start(LifecycleBase.java:183)
		at org.apache.catalina.core.StandardServer.startInternal(StandardServer.java:930)
		at org.apache.catalina.util.LifecycleBase.start(LifecycleBase.java:183)
		at org.apache.catalina.startup.Catalina.start(Catalina.java:772)
		at sun.reflect.NativeMethodAccessorImpl.invoke0(Native Method)
		at sun.reflect.NativeMethodAccessorImpl.invoke(NativeMethodAccessorImpl.java:62)
		at sun.reflect.DelegatingMethodAccessorImpl.invoke(DelegatingMethodAccessorImpl.java:43)
		at java.lang.reflect.Method.invoke(Method.java:498)
		at org.apache.catalina.startup.Bootstrap.start(Bootstrap.java:347)
		at org.apache.catalina.startup.Bootstrap.main(Bootstrap.java:478)
	Caused by: org.apache.catalina.LifecycleException: Failed to start component [org.apache.catalina.webresources.StandardRoot@506ae4d4]
		at org.apache.catalina.util.LifecycleBase.handleSubClassException(LifecycleBase.java:440)
		at org.apache.catalina.util.LifecycleBase.start(LifecycleBase.java:198)
		at org.apache.catalina.core.StandardContext.resourcesStart(StandardContext.java:4881)
		at org.apache.catalina.core.StandardContext.startInternal(StandardContext.java:5014)
		at org.apache.catalina.util.LifecycleBase.start(LifecycleBase.java:183)
		at org.apache.catalina.core.ContainerBase.addChildInternal(ContainerBase.java:726)
		... 37 more
	Caused by: java.lang.IllegalArgumentException: The main resource set specified [C:\Users\Zatonio\Documents\NetBeansProjects\Empresa2022\build\web] is not valid
		at org.apache.catalina.webresources.StandardRoot.createMainResourceSet(StandardRoot.java:777)
		at org.apache.catalina.webresources.StandardRoot.startInternal(StandardRoot.java:734)
		at org.apache.catalina.util.LifecycleBase.start(LifecycleBase.java:183)
		... 41 more
15-Apr-2023 18:37:54.541 INFORMACIÓN [main] org.apache.catalina.startup.HostConfig.deployDescriptor Deployment of deployment descriptor [C:\tomcat9\conf\Catalina\localhost\Empresa2022.xml] has finished in [119] ms
15-Apr-2023 18:37:54.541 INFORMACIÓN [main] org.apache.catalina.startup.HostConfig.deployDescriptor Desplieque del descriptor de configuración [C:\tomcat9\conf\Catalina\localhost\SecondWeaponLife.xml]
15-Apr-2023 18:37:54.545 ADVERTENCIA [main] org.apache.catalina.startup.HostConfig.deployDescriptor The path attribute with value [/SecondWeaponLife] in deployment descriptor [C:\tomcat9\conf\Catalina\localhost\SecondWeaponLife.xml] has been ignored
15-Apr-2023 18:37:57.647 INFORMACIÓN [main] org.apache.jasper.servlet.TldScanner.scanJars Al menos un JAR, que se ha explorado buscando TLDs, aún no contenía TLDs. Activar historial de depuración para este historiador para una completa lista de los JARs que fueron explorados y de los que nos se halló TLDs. Saltarse JARs no necesarios durante la exploración puede dar lugar a una mejora de tiempo significativa en el arranque y compilación de JSP .
15-Apr-2023 18:37:58.046 ADVERTENCIA [main] org.apache.catalina.util.SessionIdGeneratorBase.createSecureRandom Creation of SecureRandom instance for session ID generation using [SHA1PRNG] took [295] milliseconds.
15-Apr-2023 18:37:58.101 INFORMACIÓN [main] org.apache.catalina.startup.HostConfig.deployDescriptor Deployment of deployment descriptor [C:\tomcat9\conf\Catalina\localhost\SecondWeaponLife.xml] has finished in [3.559] ms
15-Apr-2023 18:37:58.101 INFORMACIÓN [main] org.apache.catalina.startup.HostConfig.deployDirectory Desplegando el directorio [C:\tomcat9\webapps\docs] de la aplicación web
15-Apr-2023 18:37:58.122 INFORMACIÓN [main] org.apache.catalina.startup.HostConfig.deployDirectory Deployment of web application directory [C:\tomcat9\webapps\docs] has finished in [21] ms
15-Apr-2023 18:37:58.122 INFORMACIÓN [main] org.apache.catalina.startup.HostConfig.deployDirectory Desplegando el directorio [C:\tomcat9\webapps\examples] de la aplicación web
15-Apr-2023 18:37:58.533 INFORMACIÓN [main] org.apache.catalina.startup.HostConfig.deployDirectory Deployment of web application directory [C:\tomcat9\webapps\examples] has finished in [411] ms
15-Apr-2023 18:37:58.535 INFORMACIÓN [main] org.apache.catalina.startup.HostConfig.deployDirectory Desplegando el directorio [C:\tomcat9\webapps\host-manager] de la aplicación web
15-Apr-2023 18:37:58.571 INFORMACIÓN [main] org.apache.catalina.startup.HostConfig.deployDirectory Deployment of web application directory [C:\tomcat9\webapps\host-manager] has finished in [38] ms
15-Apr-2023 18:37:58.572 INFORMACIÓN [main] org.apache.catalina.startup.HostConfig.deployDirectory Desplegando el directorio [C:\tomcat9\webapps\manager] de la aplicación web
15-Apr-2023 18:37:58.600 INFORMACIÓN [main] org.apache.catalina.startup.HostConfig.deployDirectory Deployment of web application directory [C:\tomcat9\webapps\manager] has finished in [29] ms
15-Apr-2023 18:37:58.600 INFORMACIÓN [main] org.apache.catalina.startup.HostConfig.deployDirectory Desplegando el directorio [C:\tomcat9\webapps\ROOT] de la aplicación web
15-Apr-2023 18:37:58.627 INFORMACIÓN [main] org.apache.catalina.startup.HostConfig.deployDirectory Deployment of web application directory [C:\tomcat9\webapps\ROOT] has finished in [27] ms
15-Apr-2023 18:37:58.634 INFORMACIÓN [main] org.apache.coyote.AbstractProtocol.start Starting ProtocolHandler ["http-nio-8080"]
15-Apr-2023 18:37:58.654 INFORMACIÓN [main] org.apache.catalina.startup.Catalina.start Server startup in [4294] milliseconds
15-Apr-2023 18:38:00.046 INFORMACIÓN [http-nio-8080-exec-9] org.apache.catalina.startup.HostConfig.undeploy Repliegue (undeploy) de la aplicación web que tiene como trayectoria de contexto [/SecondWeaponLife]
15-Apr-2023 18:38:00.076 INFORMACIÓN [http-nio-8080-exec-5] org.apache.catalina.startup.HostConfig.deployDescriptor Desplieque del descriptor de configuración [C:\tomcat9\conf\Catalina\localhost\SecondWeaponLife.xml]
15-Apr-2023 18:38:00.078 ADVERTENCIA [http-nio-8080-exec-5] org.apache.catalina.startup.HostConfig.deployDescriptor The path attribute with value [/SecondWeaponLife] in deployment descriptor [C:\tomcat9\conf\Catalina\localhost\SecondWeaponLife.xml] has been ignored
15-Apr-2023 18:38:02.455 INFORMACIÓN [http-nio-8080-exec-5] org.apache.jasper.servlet.TldScanner.scanJars Al menos un JAR, que se ha explorado buscando TLDs, aún no contenía TLDs. Activar historial de depuración para este historiador para una completa lista de los JARs que fueron explorados y de los que nos se halló TLDs. Saltarse JARs no necesarios durante la exploración puede dar lugar a una mejora de tiempo significativa en el arranque y compilación de JSP .
15-Apr-2023 18:38:02.522 INFORMACIÓN [http-nio-8080-exec-5] org.apache.catalina.startup.HostConfig.deployDescriptor Deployment of deployment descriptor [C:\tomcat9\conf\Catalina\localhost\SecondWeaponLife.xml] has finished in [2.446] ms
15-Apr-2023 18:38:02.531 INFORMACIÓN [http-nio-8080-exec-2] org.apache.catalina.util.LifecycleBase.start The start() method was called on component [StandardEngine[Catalina].StandardHost[localhost].StandardContext[/SecondWeaponLife]] after start() had already been called. The second call will be ignored.
15-Apr-2023 18:50:13.218 INFORMACIÓN [http-nio-8080-exec-15] org.apache.catalina.core.StandardWrapper.unload Esperando por [1] instancia(s) para recuperar su espacio reservado
15-Apr-2023 18:50:14.291 INFORMACIÓN [http-nio-8080-exec-15] org.apache.catalina.core.StandardWrapper.unload Esperando por [1] instancia(s) para recuperar su espacio reservado
15-Apr-2023 18:50:15.362 INFORMACIÓN [http-nio-8080-exec-15] org.apache.catalina.core.StandardWrapper.unload Esperando por [1] instancia(s) para recuperar su espacio reservado
15-Apr-2023 18:50:15.498 ADVERTENCIA [http-nio-8080-exec-15] org.apache.catalina.loader.WebappClassLoaderBase.clearReferencesJdbc La aplicación web [SecondWeaponLife] registró el conductor JDBC [com.mysql.cj.jdbc.Driver] pero falló al anular el registro mientras la aplicación web estaba parada. Para prevenir un fallo de memoria, se ha anulado el registro del conductor JDBC por la fuerza.
15-Apr-2023 18:50:15.501 ADVERTENCIA [http-nio-8080-exec-15] org.apache.catalina.loader.WebappClassLoaderBase.clearReferencesThreads The web application [SecondWeaponLife] is still processing a request that has yet to finish. This is very likely to create a memory leak. You can control the time allowed for requests to finish by using the unloadDelay attribute of the standard Context implementation. Stack trace of request processing thread:[
 controladores.Registro.processRequest(Registro.java:165)
 controladores.Registro.doPost(Registro.java:205)
 javax.servlet.http.HttpServlet.service(HttpServlet.java:696)
 javax.servlet.http.HttpServlet.service(HttpServlet.java:779)
 org.apache.catalina.core.ApplicationFilterChain.internalDoFilter(ApplicationFilterChain.java:227)
 org.apache.catalina.core.ApplicationFilterChain.doFilter(ApplicationFilterChain.java:162)
 org.apache.tomcat.websocket.server.WsFilter.doFilter(WsFilter.java:53)
 org.apache.catalina.core.ApplicationFilterChain.internalDoFilter(ApplicationFilterChain.java:189)
 org.apache.catalina.core.ApplicationFilterChain.doFilter(ApplicationFilterChain.java:162)
 filtros.FiltroSesion.doFilter(FiltroSesion.java:59)
 org.apache.catalina.core.ApplicationFilterChain.internalDoFilter(ApplicationFilterChain.java:189)
 org.apache.catalina.core.ApplicationFilterChain.doFilter(ApplicationFilterChain.java:162)
 org.apache.catalina.core.StandardWrapperValve.invoke(StandardWrapperValve.java:177)
 org.apache.catalina.core.StandardContextValve.invoke(StandardContextValve.java:97)
 org.apache.catalina.authenticator.AuthenticatorBase.invoke(AuthenticatorBase.java:541)
 org.apache.catalina.core.StandardHostValve.invoke(StandardHostValve.java:135)
 org.apache.catalina.valves.ErrorReportValve.invoke(ErrorReportValve.java:92)
 org.apache.catalina.valves.AbstractAccessLogValve.invoke(AbstractAccessLogValve.java:687)
 org.apache.catalina.core.StandardEngineValve.invoke(StandardEngineValve.java:78)
 org.apache.catalina.connector.CoyoteAdapter.service(CoyoteAdapter.java:360)
 org.apache.coyote.http11.Http11Processor.service(Http11Processor.java:399)
 org.apache.coyote.AbstractProcessorLight.process(AbstractProcessorLight.java:65)
 org.apache.coyote.AbstractProtocol$ConnectionHandler.process(AbstractProtocol.java:891)
 org.apache.tomcat.util.net.NioEndpoint$SocketProcessor.doRun(NioEndpoint.java:1784)
 org.apache.tomcat.util.net.SocketProcessorBase.run(SocketProcessorBase.java:49)
 org.apache.tomcat.util.threads.ThreadPoolExecutor.runWorker(ThreadPoolExecutor.java:1191)
 org.apache.tomcat.util.threads.ThreadPoolExecutor$Worker.run(ThreadPoolExecutor.java:659)
 org.apache.tomcat.util.threads.TaskThread$WrappingRunnable.run(TaskThread.java:61)
 java.lang.Thread.run(Thread.java:748)]
15-Apr-2023 18:50:15.502 ADVERTENCIA [http-nio-8080-exec-15] org.apache.catalina.loader.WebappClassLoaderBase.clearReferencesThreads The web application [SecondWeaponLife] appears to have started a thread named [mysql-cj-abandoned-connection-cleanup] but has failed to stop it. This is very likely to create a memory leak. Stack trace of thread:
 java.lang.Object.wait(Native Method)
 java.lang.ref.ReferenceQueue.remove(ReferenceQueue.java:144)
 com.mysql.cj.jdbc.AbandonedConnectionCleanupThread.run(AbandonedConnectionCleanupThread.java:85)
 java.util.concurrent.ThreadPoolExecutor.runWorker(ThreadPoolExecutor.java:1149)
 java.util.concurrent.ThreadPoolExecutor$Worker.run(ThreadPoolExecutor.java:624)
 java.lang.Thread.run(Thread.java:748)
15-Apr-2023 18:50:16.032 INFORMACIÓN [http-nio-8080-exec-15] org.apache.catalina.startup.HostConfig.undeploy Repliegue (undeploy) de la aplicación web que tiene como trayectoria de contexto [/SecondWeaponLife]
15-Apr-2023 18:50:16.755 INFORMACIÓN [mysql-cj-abandoned-connection-cleanup] org.apache.catalina.loader.WebappClassLoaderBase.checkStateForResourceLoading Acceso ilegal: esta instancia de aplicación web ya ha sido parada.  Could not load [].  La eventual traza de pila que sigue ha sido motivada por un error lanzado con motivos de depuración así como para intentar terminar el hilo que motivó el acceso ilegal y no tiene impacto funcional.
	java.lang.IllegalStateException: Acceso ilegal: esta instancia de aplicación web ya ha sido parada.  Could not load [].  La eventual traza de pila que sigue ha sido motivada por un error lanzado con motivos de depuración así como para intentar terminar el hilo que motivó el acceso ilegal y no tiene impacto funcional.
		at org.apache.catalina.loader.WebappClassLoaderBase.checkStateForResourceLoading(WebappClassLoaderBase.java:1432)
		at org.apache.catalina.loader.WebappClassLoaderBase.getResource(WebappClassLoaderBase.java:1057)
		at com.mysql.cj.jdbc.AbandonedConnectionCleanupThread.checkThreadContextClassLoader(AbandonedConnectionCleanupThread.java:117)
		at com.mysql.cj.jdbc.AbandonedConnectionCleanupThread.run(AbandonedConnectionCleanupThread.java:84)
		at java.util.concurrent.ThreadPoolExecutor.runWorker(ThreadPoolExecutor.java:1149)
		at java.util.concurrent.ThreadPoolExecutor$Worker.run(ThreadPoolExecutor.java:624)
		at java.lang.Thread.run(Thread.java:748)
15-Apr-2023 18:50:59.362 INFORMACIÓN [main] org.apache.catalina.core.StandardServer.await Se ha recibido un comando de apagado a través del puerto de apagado. Parando la instancia del Servidor.
15-Apr-2023 18:50:59.363 INFORMACIÓN [main] org.apache.coyote.AbstractProtocol.pause Pausing ProtocolHandler ["http-nio-8080"]
15-Apr-2023 18:50:59.629 INFORMACIÓN [main] org.apache.catalina.core.StandardService.stopInternal Parando servicio [Catalina]
15-Apr-2023 18:50:59.647 INFORMACIÓN [main] org.apache.coyote.AbstractProtocol.stop Stopping ProtocolHandler ["http-nio-8080"]
15-Apr-2023 18:51:04.662 ADVERTENCIA [main] org.apache.tomcat.util.net.AbstractEndpoint.shutdownExecutor El ejecutor asociado con el hilo del pool [http-nio-8080] no fue totalmente apagado. Algunos hilos de la aplicación pudieran estar corriendo aún.
15-Apr-2023 18:51:04.664 INFORMACIÓN [main] org.apache.coyote.AbstractProtocol.destroy Destroying ProtocolHandler ["http-nio-8080"]
15-Apr-2023 18:51:07.601 INFORMACIÓN [main] org.apache.catalina.startup.VersionLoggerListener.log Nombre de la versión del servidor: Apache Tomcat/9.0.71
15-Apr-2023 18:51:07.604 INFORMACIÓN [main] org.apache.catalina.startup.VersionLoggerListener.log Server built:                      Jan 9 2023 22:33:01 UTC
15-Apr-2023 18:51:07.604 INFORMACIÓN [main] org.apache.catalina.startup.VersionLoggerListener.log Número de versión de servidor:     9.0.71.0
15-Apr-2023 18:51:07.604 INFORMACIÓN [main] org.apache.catalina.startup.VersionLoggerListener.log OS Name:                           Windows 10
15-Apr-2023 18:51:07.604 INFORMACIÓN [main] org.apache.catalina.startup.VersionLoggerListener.log Versión de Systema Operativo:      10.0
15-Apr-2023 18:51:07.605 INFORMACIÓN [main] org.apache.catalina.startup.VersionLoggerListener.log Arquitectura:                      amd64
15-Apr-2023 18:51:07.605 INFORMACIÓN [main] org.apache.catalina.startup.VersionLoggerListener.log Java Home:                         C:\Program Files\Java\jdk1.8.0_192\jre
15-Apr-2023 18:51:07.605 INFORMACIÓN [main] org.apache.catalina.startup.VersionLoggerListener.log JVM Version:                       1.8.0_192-b12
15-Apr-2023 18:51:07.605 INFORMACIÓN [main] org.apache.catalina.startup.VersionLoggerListener.log Vededor JVM:                       Oracle Corporation
15-Apr-2023 18:51:07.605 INFORMACIÓN [main] org.apache.catalina.startup.VersionLoggerListener.log CATALINA_BASE:                     C:\tomcat9
15-Apr-2023 18:51:07.605 INFORMACIÓN [main] org.apache.catalina.startup.VersionLoggerListener.log CATALINA_HOME:                     C:\tomcat9
15-Apr-2023 18:51:07.606 INFORMACIÓN [main] org.apache.catalina.startup.VersionLoggerListener.log Command line argument:             -Djava.util.logging.config.file=C:\tomcat9\conf\logging.properties
15-Apr-2023 18:51:07.606 INFORMACIÓN [main] org.apache.catalina.startup.VersionLoggerListener.log Command line argument:             -Djava.util.logging.manager=org.apache.juli.ClassLoaderLogManager
15-Apr-2023 18:51:07.606 INFORMACIÓN [main] org.apache.catalina.startup.VersionLoggerListener.log Command line argument:             -Djdk.tls.ephemeralDHKeySize=2048
15-Apr-2023 18:51:07.606 INFORMACIÓN [main] org.apache.catalina.startup.VersionLoggerListener.log Command line argument:             -Djava.protocol.handler.pkgs=org.apache.catalina.webresources
15-Apr-2023 18:51:07.606 INFORMACIÓN [main] org.apache.catalina.startup.VersionLoggerListener.log Command line argument:             -agentlib:jdwp=transport=dt_shmem,address=tomcat_shared_memory_id,server=y,suspend=n
15-Apr-2023 18:51:07.606 INFORMACIÓN [main] org.apache.catalina.startup.VersionLoggerListener.log Command line argument:             -Dignore.endorsed.dirs=
15-Apr-2023 18:51:07.606 INFORMACIÓN [main] org.apache.catalina.startup.VersionLoggerListener.log Command line argument:             -Dcatalina.base=C:\tomcat9
15-Apr-2023 18:51:07.607 INFORMACIÓN [main] org.apache.catalina.startup.VersionLoggerListener.log Command line argument:             -Dcatalina.home=C:\tomcat9
15-Apr-2023 18:51:07.607 INFORMACIÓN [main] org.apache.catalina.startup.VersionLoggerListener.log Command line argument:             -Djava.io.tmpdir=C:\tomcat9\temp
15-Apr-2023 18:51:07.625 INFORMACIÓN [main] org.apache.catalina.core.AprLifecycleListener.lifecycleEvent La biblioteca nativa de Apache Tomcat basada en ARP que permite un rendimiento óptimo en entornos de desarrollo no ha sido hallada en java.library.path: [C:\Program Files\Java\jdk1.8.0_192\bin;C:\Windows\Sun\Java\bin;C:\Windows\system32;C:\Windows;C:\Program Files\Common Files\Oracle\Java\javapath;C:\Program Files\Microsoft\jdk-11.0.16.101-hotspot\bin;C:\Program Files (x86)\Common Files\Oracle\Java\javapath;C:\Ruby32-x64\bin;C:\Windows\system32;C:\Windows;C:\Windows\System32\Wbem;C:\Windows\System32\WindowsPowerShell\v1.0\;C:\Windows\System32\OpenSSH\;C:\Program Files (x86)\NVIDIA Corporation\PhysX\Common;C:\Program Files\Microsoft SQL Server\Client SDK\ODBC\170\Tools\Binn\;C:\Program Files (x86)\Microsoft SQL Server\150\Tools\Binn\;C:\Program Files\Microsoft SQL Server\150\Tools\Binn\;C:\Program Files\Microsoft SQL Server\150\DTS\Binn\;C:\Program Files\Git\cmd;C:\Program Files\dotnet\;C:\Users\Zatonio\AppData\Local\Android\Sdk\platforms;C:\Users\Zatonio\AppData\Local\Android\Sdk\platform-tools;C:\Users\Zatonio\AppData\Local\Android\Sdk\tools;C:\Users\Zatonio\AppData\Local\Android\Sdk\emulator;C:\Users\Zatonio\AppData\Local\Microsoft\WindowsApps;C:\Users\Zatonio\AppData\Local\Programs\Microsoft VS Code\bin;C:\Program Files\Java\jdk-19\bin.;C:\Users\Zatonio\AppData\Local\Android\Sdk;C:\flutter\bin;C:\Program Files\Git\bin\git.exe;C:\Program Files\Git\bin\cmd;C:\Users\Zatonio\AppData\Local\GitHubDesktop\bin;C:\Users\Zatonio\.dotnet\tools;;.]
15-Apr-2023 18:51:08.007 INFORMACIÓN [main] org.apache.coyote.AbstractProtocol.init Inicializando el manejador de protocolo ["http-nio-8080"]

15-Apr-2023 18:51:08.034 INFORMACIÓN [main] org.apache.catalina.startup.Catalina.load Server initialization in [701] milliseconds
15-Apr-2023 18:51:08.075 INFORMACIÓN [main] org.apache.catalina.core.StandardService.startInternal Arrancando servicio [Catalina]
15-Apr-2023 18:51:08.075 INFORMACIÓN [main] org.apache.catalina.core.StandardEngine.startInternal Starting Servlet engine: [Apache Tomcat/9.0.71]
15-Apr-2023 18:51:08.090 INFORMACIÓN [main] org.apache.catalina.startup.HostConfig.deployDescriptor Desplieque del descriptor de configuración [C:\tomcat9\conf\Catalina\localhost\Empresa2022.xml]
15-Apr-2023 18:51:08.116 ADVERTENCIA [main] org.apache.catalina.startup.HostConfig.deployDescriptor The path attribute with value [/Empresa2022] in deployment descriptor [C:\tomcat9\conf\Catalina\localhost\Empresa2022.xml] has been ignored
15-Apr-2023 18:51:08.153 GRAVE [main] org.apache.catalina.startup.HostConfig.deployDescriptor Error durante el despliegue del descriptor de configuración [C:\tomcat9\conf\Catalina\localhost\Empresa2022.xml]
	java.lang.IllegalStateException: Error starting child
		at org.apache.catalina.core.ContainerBase.addChildInternal(ContainerBase.java:729)
		at org.apache.catalina.core.ContainerBase.addChild(ContainerBase.java:698)
		at org.apache.catalina.core.StandardHost.addChild(StandardHost.java:696)
		at org.apache.catalina.startup.HostConfig.deployDescriptor(HostConfig.java:689)
		at org.apache.catalina.startup.HostConfig$DeployDescriptor.run(HostConfig.java:1888)
		at java.util.concurrent.Executors$RunnableAdapter.call(Executors.java:511)
		at java.util.concurrent.FutureTask.run(FutureTask.java:266)
		at org.apache.tomcat.util.threads.InlineExecutorService.execute(InlineExecutorService.java:75)
		at java.util.concurrent.AbstractExecutorService.submit(AbstractExecutorService.java:112)
		at org.apache.catalina.startup.HostConfig.deployDescriptors(HostConfig.java:582)
		at org.apache.catalina.startup.HostConfig.deployApps(HostConfig.java:472)
		at org.apache.catalina.startup.HostConfig.start(HostConfig.java:1617)
		at org.apache.catalina.startup.HostConfig.lifecycleEvent(HostConfig.java:318)
		at org.apache.catalina.util.LifecycleBase.fireLifecycleEvent(LifecycleBase.java:123)
		at org.apache.catalina.util.LifecycleBase.setStateInternal(LifecycleBase.java:423)
		at org.apache.catalina.util.LifecycleBase.setState(LifecycleBase.java:366)
		at org.apache.catalina.core.ContainerBase.startInternal(ContainerBase.java:943)
		at org.apache.catalina.core.StandardHost.startInternal(StandardHost.java:835)
		at org.apache.catalina.util.LifecycleBase.start(LifecycleBase.java:183)
		at org.apache.catalina.core.ContainerBase$StartChild.call(ContainerBase.java:1393)
		at org.apache.catalina.core.ContainerBase$StartChild.call(ContainerBase.java:1383)
		at java.util.concurrent.FutureTask.run(FutureTask.java:266)
		at org.apache.tomcat.util.threads.InlineExecutorService.execute(InlineExecutorService.java:75)
		at java.util.concurrent.AbstractExecutorService.submit(AbstractExecutorService.java:134)
		at org.apache.catalina.core.ContainerBase.startInternal(ContainerBase.java:916)
		at org.apache.catalina.core.StandardEngine.startInternal(StandardEngine.java:265)
		at org.apache.catalina.util.LifecycleBase.start(LifecycleBase.java:183)
		at org.apache.catalina.core.StandardService.startInternal(StandardService.java:430)
		at org.apache.catalina.util.LifecycleBase.start(LifecycleBase.java:183)
		at org.apache.catalina.core.StandardServer.startInternal(StandardServer.java:930)
		at org.apache.catalina.util.LifecycleBase.start(LifecycleBase.java:183)
		at org.apache.catalina.startup.Catalina.start(Catalina.java:772)
		at sun.reflect.NativeMethodAccessorImpl.invoke0(Native Method)
		at sun.reflect.NativeMethodAccessorImpl.invoke(NativeMethodAccessorImpl.java:62)
		at sun.reflect.DelegatingMethodAccessorImpl.invoke(DelegatingMethodAccessorImpl.java:43)
		at java.lang.reflect.Method.invoke(Method.java:498)
		at org.apache.catalina.startup.Bootstrap.start(Bootstrap.java:347)
		at org.apache.catalina.startup.Bootstrap.main(Bootstrap.java:478)
	Caused by: org.apache.catalina.LifecycleException: Failed to start component [org.apache.catalina.webresources.StandardRoot@48aca48b]
		at org.apache.catalina.util.LifecycleBase.handleSubClassException(LifecycleBase.java:440)
		at org.apache.catalina.util.LifecycleBase.start(LifecycleBase.java:198)
		at org.apache.catalina.core.StandardContext.resourcesStart(StandardContext.java:4881)
		at org.apache.catalina.core.StandardContext.startInternal(StandardContext.java:5014)
		at org.apache.catalina.util.LifecycleBase.start(LifecycleBase.java:183)
		at org.apache.catalina.core.ContainerBase.addChildInternal(ContainerBase.java:726)
		... 37 more
	Caused by: java.lang.IllegalArgumentException: The main resource set specified [C:\Users\Zatonio\Documents\NetBeansProjects\Empresa2022\build\web] is not valid
		at org.apache.catalina.webresources.StandardRoot.createMainResourceSet(StandardRoot.java:777)
		at org.apache.catalina.webresources.StandardRoot.startInternal(StandardRoot.java:734)
		at org.apache.catalina.util.LifecycleBase.start(LifecycleBase.java:183)
		... 41 more
15-Apr-2023 18:51:08.212 INFORMACIÓN [main] org.apache.catalina.startup.HostConfig.deployDescriptor Deployment of deployment descriptor [C:\tomcat9\conf\Catalina\localhost\Empresa2022.xml] has finished in [119] ms
15-Apr-2023 18:51:08.215 INFORMACIÓN [main] org.apache.catalina.startup.HostConfig.deployDirectory Desplegando el directorio [C:\tomcat9\webapps\docs] de la aplicación web
15-Apr-2023 18:51:08.874 ADVERTENCIA [main] org.apache.catalina.util.SessionIdGeneratorBase.createSecureRandom Creation of SecureRandom instance for session ID generation using [SHA1PRNG] took [315] milliseconds.
15-Apr-2023 18:51:08.900 INFORMACIÓN [main] org.apache.catalina.startup.HostConfig.deployDirectory Deployment of web application directory [C:\tomcat9\webapps\docs] has finished in [685] ms
15-Apr-2023 18:51:08.900 INFORMACIÓN [main] org.apache.catalina.startup.HostConfig.deployDirectory Desplegando el directorio [C:\tomcat9\webapps\examples] de la aplicación web
15-Apr-2023 18:51:09.321 INFORMACIÓN [main] org.apache.catalina.startup.HostConfig.deployDirectory Deployment of web application directory [C:\tomcat9\webapps\examples] has finished in [421] ms
15-Apr-2023 18:51:09.321 INFORMACIÓN [main] org.apache.catalina.startup.HostConfig.deployDirectory Desplegando el directorio [C:\tomcat9\webapps\host-manager] de la aplicación web
15-Apr-2023 18:51:09.356 INFORMACIÓN [main] org.apache.catalina.startup.HostConfig.deployDirectory Deployment of web application directory [C:\tomcat9\webapps\host-manager] has finished in [35] ms
15-Apr-2023 18:51:09.356 INFORMACIÓN [main] org.apache.catalina.startup.HostConfig.deployDirectory Desplegando el directorio [C:\tomcat9\webapps\manager] de la aplicación web
15-Apr-2023 18:51:09.394 INFORMACIÓN [main] org.apache.catalina.startup.HostConfig.deployDirectory Deployment of web application directory [C:\tomcat9\webapps\manager] has finished in [38] ms
15-Apr-2023 18:51:09.394 INFORMACIÓN [main] org.apache.catalina.startup.HostConfig.deployDirectory Desplegando el directorio [C:\tomcat9\webapps\ROOT] de la aplicación web
15-Apr-2023 18:51:09.419 INFORMACIÓN [main] org.apache.catalina.startup.HostConfig.deployDirectory Deployment of web application directory [C:\tomcat9\webapps\ROOT] has finished in [25] ms
15-Apr-2023 18:51:09.423 INFORMACIÓN [main] org.apache.coyote.AbstractProtocol.start Starting ProtocolHandler ["http-nio-8080"]
15-Apr-2023 18:51:09.444 INFORMACIÓN [main] org.apache.catalina.startup.Catalina.start Server startup in [1409] milliseconds
15-Apr-2023 18:51:09.634 INFORMACIÓN [http-nio-8080-exec-7] org.apache.catalina.startup.HostConfig.deployDescriptor Desplieque del descriptor de configuración [C:\tomcat9\conf\Catalina\localhost\SecondWeaponLife.xml]
15-Apr-2023 18:51:09.636 ADVERTENCIA [http-nio-8080-exec-7] org.apache.catalina.startup.HostConfig.deployDescriptor The path attribute with value [/SecondWeaponLife] in deployment descriptor [C:\tomcat9\conf\Catalina\localhost\SecondWeaponLife.xml] has been ignored
15-Apr-2023 18:51:12.494 INFORMACIÓN [http-nio-8080-exec-7] org.apache.jasper.servlet.TldScanner.scanJars Al menos un JAR, que se ha explorado buscando TLDs, aún no contenía TLDs. Activar historial de depuración para este historiador para una completa lista de los JARs que fueron explorados y de los que nos se halló TLDs. Saltarse JARs no necesarios durante la exploración puede dar lugar a una mejora de tiempo significativa en el arranque y compilación de JSP .
15-Apr-2023 18:51:12.566 INFORMACIÓN [http-nio-8080-exec-7] org.apache.catalina.startup.HostConfig.deployDescriptor Deployment of deployment descriptor [C:\tomcat9\conf\Catalina\localhost\SecondWeaponLife.xml] has finished in [2.932] ms
15-Apr-2023 18:51:12.572 INFORMACIÓN [http-nio-8080-exec-9] org.apache.catalina.util.LifecycleBase.start The start() method was called on component [StandardEngine[Catalina].StandardHost[localhost].StandardContext[/SecondWeaponLife]] after start() had already been called. The second call will be ignored.
15-Apr-2023 18:54:46.877 ADVERTENCIA [http-nio-8080-exec-6] org.apache.catalina.loader.WebappClassLoaderBase.clearReferencesJdbc La aplicación web [SecondWeaponLife] registró el conductor JDBC [com.mysql.cj.jdbc.Driver] pero falló al anular el registro mientras la aplicación web estaba parada. Para prevenir un fallo de memoria, se ha anulado el registro del conductor JDBC por la fuerza.
15-Apr-2023 18:54:46.878 ADVERTENCIA [http-nio-8080-exec-6] org.apache.catalina.loader.WebappClassLoaderBase.clearReferencesThreads The web application [SecondWeaponLife] appears to have started a thread named [mysql-cj-abandoned-connection-cleanup] but has failed to stop it. This is very likely to create a memory leak. Stack trace of thread:
 java.lang.Object.wait(Native Method)
 java.lang.ref.ReferenceQueue.remove(ReferenceQueue.java:144)
 com.mysql.cj.jdbc.AbandonedConnectionCleanupThread.run(AbandonedConnectionCleanupThread.java:85)
 java.util.concurrent.ThreadPoolExecutor.runWorker(ThreadPoolExecutor.java:1149)
 java.util.concurrent.ThreadPoolExecutor$Worker.run(ThreadPoolExecutor.java:624)
 java.lang.Thread.run(Thread.java:748)
15-Apr-2023 18:54:47.395 INFORMACIÓN [http-nio-8080-exec-6] org.apache.catalina.startup.HostConfig.undeploy Repliegue (undeploy) de la aplicación web que tiene como trayectoria de contexto [/SecondWeaponLife]
15-Apr-2023 18:54:47.416 INFORMACIÓN [http-nio-8080-exec-10] org.apache.catalina.startup.HostConfig.deployDescriptor Desplieque del descriptor de configuración [C:\tomcat9\conf\Catalina\localhost\SecondWeaponLife.xml]
15-Apr-2023 18:54:47.418 ADVERTENCIA [http-nio-8080-exec-10] org.apache.catalina.startup.HostConfig.deployDescriptor The path attribute with value [/SecondWeaponLife] in deployment descriptor [C:\tomcat9\conf\Catalina\localhost\SecondWeaponLife.xml] has been ignored
15-Apr-2023 18:54:48.323 INFORMACIÓN [mysql-cj-abandoned-connection-cleanup] org.apache.catalina.loader.WebappClassLoaderBase.checkStateForResourceLoading Acceso ilegal: esta instancia de aplicación web ya ha sido parada.  Could not load [].  La eventual traza de pila que sigue ha sido motivada por un error lanzado con motivos de depuración así como para intentar terminar el hilo que motivó el acceso ilegal y no tiene impacto funcional.
	java.lang.IllegalStateException: Acceso ilegal: esta instancia de aplicación web ya ha sido parada.  Could not load [].  La eventual traza de pila que sigue ha sido motivada por un error lanzado con motivos de depuración así como para intentar terminar el hilo que motivó el acceso ilegal y no tiene impacto funcional.
		at org.apache.catalina.loader.WebappClassLoaderBase.checkStateForResourceLoading(WebappClassLoaderBase.java:1432)
		at org.apache.catalina.loader.WebappClassLoaderBase.getResource(WebappClassLoaderBase.java:1057)
		at com.mysql.cj.jdbc.AbandonedConnectionCleanupThread.checkThreadContextClassLoader(AbandonedConnectionCleanupThread.java:117)
		at com.mysql.cj.jdbc.AbandonedConnectionCleanupThread.run(AbandonedConnectionCleanupThread.java:84)
		at java.util.concurrent.ThreadPoolExecutor.runWorker(ThreadPoolExecutor.java:1149)
		at java.util.concurrent.ThreadPoolExecutor$Worker.run(ThreadPoolExecutor.java:624)
		at java.lang.Thread.run(Thread.java:748)
15-Apr-2023 18:54:50.792 INFORMACIÓN [http-nio-8080-exec-10] org.apache.jasper.servlet.TldScanner.scanJars Al menos un JAR, que se ha explorado buscando TLDs, aún no contenía TLDs. Activar historial de depuración para este historiador para una completa lista de los JARs que fueron explorados y de los que nos se halló TLDs. Saltarse JARs no necesarios durante la exploración puede dar lugar a una mejora de tiempo significativa en el arranque y compilación de JSP .
15-Apr-2023 18:54:50.869 INFORMACIÓN [http-nio-8080-exec-10] org.apache.catalina.startup.HostConfig.deployDescriptor Deployment of deployment descriptor [C:\tomcat9\conf\Catalina\localhost\SecondWeaponLife.xml] has finished in [3.454] ms
15-Apr-2023 18:54:50.873 INFORMACIÓN [http-nio-8080-exec-2] org.apache.catalina.util.LifecycleBase.start The start() method was called on component [StandardEngine[Catalina].StandardHost[localhost].StandardContext[/SecondWeaponLife]] after start() had already been called. The second call will be ignored.
15-Apr-2023 19:41:17.519 INFORMACIÓN [http-nio-8080-exec-16] org.apache.catalina.startup.HostConfig.undeploy Repliegue (undeploy) de la aplicación web que tiene como trayectoria de contexto [/SecondWeaponLife]
15-Apr-2023 19:41:17.550 INFORMACIÓN [http-nio-8080-exec-14] org.apache.catalina.startup.HostConfig.deployDescriptor Desplieque del descriptor de configuración [C:\tomcat9\conf\Catalina\localhost\SecondWeaponLife.xml]
15-Apr-2023 19:41:17.554 ADVERTENCIA [http-nio-8080-exec-14] org.apache.catalina.startup.HostConfig.deployDescriptor The path attribute with value [/SecondWeaponLife] in deployment descriptor [C:\tomcat9\conf\Catalina\localhost\SecondWeaponLife.xml] has been ignored
15-Apr-2023 19:41:22.092 INFORMACIÓN [http-nio-8080-exec-14] org.apache.jasper.servlet.TldScanner.scanJars Al menos un JAR, que se ha explorado buscando TLDs, aún no contenía TLDs. Activar historial de depuración para este historiador para una completa lista de los JARs que fueron explorados y de los que nos se halló TLDs. Saltarse JARs no necesarios durante la exploración puede dar lugar a una mejora de tiempo significativa en el arranque y compilación de JSP .
15-Apr-2023 19:41:22.217 INFORMACIÓN [http-nio-8080-exec-14] org.apache.catalina.startup.HostConfig.deployDescriptor Deployment of deployment descriptor [C:\tomcat9\conf\Catalina\localhost\SecondWeaponLife.xml] has finished in [4.667] ms
15-Apr-2023 19:41:22.223 INFORMACIÓN [http-nio-8080-exec-18] org.apache.catalina.util.LifecycleBase.start The start() method was called on component [StandardEngine[Catalina].StandardHost[localhost].StandardContext[/SecondWeaponLife]] after start() had already been called. The second call will be ignored.
15-Apr-2023 19:44:46.035 INFORMACIÓN [http-nio-8080-exec-23] org.apache.catalina.startup.HostConfig.undeploy Repliegue (undeploy) de la aplicación web que tiene como trayectoria de contexto [/SecondWeaponLife]
15-Apr-2023 19:44:46.570 INFORMACIÓN [Catalina-utility-2] org.apache.catalina.startup.HostConfig.undeploy Repliegue (undeploy) de la aplicación web que tiene como trayectoria de contexto [/SecondWeaponLife]
15-Apr-2023 19:45:00.774 INFORMACIÓN [http-nio-8080-exec-29] org.apache.catalina.startup.HostConfig.deployDescriptor Desplieque del descriptor de configuración [C:\tomcat9\conf\Catalina\localhost\SecondWeaponLife.xml]
15-Apr-2023 19:45:00.778 ADVERTENCIA [http-nio-8080-exec-29] org.apache.catalina.startup.HostConfig.deployDescriptor The path attribute with value [/SecondWeaponLife] in deployment descriptor [C:\tomcat9\conf\Catalina\localhost\SecondWeaponLife.xml] has been ignored
15-Apr-2023 19:45:08.660 INFORMACIÓN [http-nio-8080-exec-29] org.apache.jasper.servlet.TldScanner.scanJars Al menos un JAR, que se ha explorado buscando TLDs, aún no contenía TLDs. Activar historial de depuración para este historiador para una completa lista de los JARs que fueron explorados y de los que nos se halló TLDs. Saltarse JARs no necesarios durante la exploración puede dar lugar a una mejora de tiempo significativa en el arranque y compilación de JSP .
15-Apr-2023 19:45:08.837 INFORMACIÓN [http-nio-8080-exec-29] org.apache.catalina.startup.HostConfig.deployDescriptor Deployment of deployment descriptor [C:\tomcat9\conf\Catalina\localhost\SecondWeaponLife.xml] has finished in [8.063] ms
15-Apr-2023 19:45:08.847 INFORMACIÓN [http-nio-8080-exec-22] org.apache.catalina.util.LifecycleBase.start The start() method was called on component [StandardEngine[Catalina].StandardHost[localhost].StandardContext[/SecondWeaponLife]] after start() had already been called. The second call will be ignored.
