12-Apr-2023 00:24:16.068 INFORMACIÓN [main] org.apache.catalina.startup.VersionLoggerListener.log Nombre de la versión del servidor: Apache Tomcat/9.0.71
12-Apr-2023 00:24:16.071 INFORMACIÓN [main] org.apache.catalina.startup.VersionLoggerListener.log Server built:                      Jan 9 2023 22:33:01 UTC
12-Apr-2023 00:24:16.071 INFORMACIÓN [main] org.apache.catalina.startup.VersionLoggerListener.log Número de versión de servidor:     9.0.71.0
12-Apr-2023 00:24:16.071 INFORMACIÓN [main] org.apache.catalina.startup.VersionLoggerListener.log OS Name:                           Windows 10
12-Apr-2023 00:24:16.071 INFORMACIÓN [main] org.apache.catalina.startup.VersionLoggerListener.log Versión de Systema Operativo:      10.0
12-Apr-2023 00:24:16.071 INFORMACIÓN [main] org.apache.catalina.startup.VersionLoggerListener.log Arquitectura:                      amd64
12-Apr-2023 00:24:16.071 INFORMACIÓN [main] org.apache.catalina.startup.VersionLoggerListener.log Java Home:                         C:\Program Files\Java\jdk1.8.0_192\jre
12-Apr-2023 00:24:16.072 INFORMACIÓN [main] org.apache.catalina.startup.VersionLoggerListener.log JVM Version:                       1.8.0_192-b12
12-Apr-2023 00:24:16.072 INFORMACIÓN [main] org.apache.catalina.startup.VersionLoggerListener.log Vededor JVM:                       Oracle Corporation
12-Apr-2023 00:24:16.072 INFORMACIÓN [main] org.apache.catalina.startup.VersionLoggerListener.log CATALINA_BASE:                     C:\tomcat9
12-Apr-2023 00:24:16.072 INFORMACIÓN [main] org.apache.catalina.startup.VersionLoggerListener.log CATALINA_HOME:                     C:\tomcat9
12-Apr-2023 00:24:16.073 INFORMACIÓN [main] org.apache.catalina.startup.VersionLoggerListener.log Command line argument:             -Djava.util.logging.config.file=C:\tomcat9\conf\logging.properties
12-Apr-2023 00:24:16.073 INFORMACIÓN [main] org.apache.catalina.startup.VersionLoggerListener.log Command line argument:             -Djava.util.logging.manager=org.apache.juli.ClassLoaderLogManager
12-Apr-2023 00:24:16.073 INFORMACIÓN [main] org.apache.catalina.startup.VersionLoggerListener.log Command line argument:             -Djdk.tls.ephemeralDHKeySize=2048
12-Apr-2023 00:24:16.073 INFORMACIÓN [main] org.apache.catalina.startup.VersionLoggerListener.log Command line argument:             -Djava.protocol.handler.pkgs=org.apache.catalina.webresources
12-Apr-2023 00:24:16.073 INFORMACIÓN [main] org.apache.catalina.startup.VersionLoggerListener.log Command line argument:             -Dignore.endorsed.dirs=
12-Apr-2023 00:24:16.073 INFORMACIÓN [main] org.apache.catalina.startup.VersionLoggerListener.log Command line argument:             -Dcatalina.base=C:\tomcat9
12-Apr-2023 00:24:16.074 INFORMACIÓN [main] org.apache.catalina.startup.VersionLoggerListener.log Command line argument:             -Dcatalina.home=C:\tomcat9
12-Apr-2023 00:24:16.074 INFORMACIÓN [main] org.apache.catalina.startup.VersionLoggerListener.log Command line argument:             -Djava.io.tmpdir=C:\tomcat9\temp
12-Apr-2023 00:24:16.089 INFORMACIÓN [main] org.apache.catalina.core.AprLifecycleListener.lifecycleEvent La biblioteca nativa de Apache Tomcat basada en ARP que permite un rendimiento óptimo en entornos de desarrollo no ha sido hallada en java.library.path: [C:\Program Files\Java\jdk1.8.0_192\bin;C:\Windows\Sun\Java\bin;C:\Windows\system32;C:\Windows;C:\Program Files\Common Files\Oracle\Java\javapath;C:\Program Files\Microsoft\jdk-11.0.16.101-hotspot\bin;C:\Program Files (x86)\Common Files\Oracle\Java\javapath;C:\Ruby32-x64\bin;C:\Windows\system32;C:\Windows;C:\Windows\System32\Wbem;C:\Windows\System32\WindowsPowerShell\v1.0\;C:\Windows\System32\OpenSSH\;C:\Program Files (x86)\NVIDIA Corporation\PhysX\Common;C:\Program Files\Microsoft SQL Server\Client SDK\ODBC\170\Tools\Binn\;C:\Program Files (x86)\Microsoft SQL Server\150\Tools\Binn\;C:\Program Files\Microsoft SQL Server\150\Tools\Binn\;C:\Program Files\Microsoft SQL Server\150\DTS\Binn\;C:\Program Files\Git\cmd;C:\Program Files\dotnet\;C:\Users\Zatonio\AppData\Local\Android\Sdk\platforms;C:\Users\Zatonio\AppData\Local\Android\Sdk\platform-tools;C:\Users\Zatonio\AppData\Local\Android\Sdk\tools;C:\Users\Zatonio\AppData\Local\Android\Sdk\emulator;C:\Users\Zatonio\AppData\Local\Microsoft\WindowsApps;C:\Users\Zatonio\AppData\Local\Programs\Microsoft VS Code\bin;C:\Program Files\Java\jdk-19\bin.;C:\Users\Zatonio\AppData\Local\Android\Sdk;C:\flutter\bin;C:\Program Files\Git\bin\git.exe;C:\Program Files\Git\bin\cmd;C:\Users\Zatonio\AppData\Local\GitHubDesktop\bin;C:\Users\Zatonio\.dotnet\tools;;.]
12-Apr-2023 00:24:16.572 INFORMACIÓN [main] org.apache.coyote.AbstractProtocol.init Inicializando el manejador de protocolo ["http-nio-8080"]

12-Apr-2023 00:24:16.594 INFORMACIÓN [main] org.apache.catalina.startup.Catalina.load Server initialization in [737] milliseconds
12-Apr-2023 00:24:16.640 INFORMACIÓN [main] org.apache.catalina.core.StandardService.startInternal Arrancando servicio [Catalina]
12-Apr-2023 00:24:16.640 INFORMACIÓN [main] org.apache.catalina.core.StandardEngine.startInternal Starting Servlet engine: [Apache Tomcat/9.0.71]
12-Apr-2023 00:24:16.654 INFORMACIÓN [main] org.apache.catalina.startup.HostConfig.deployDescriptor Desplieque del descriptor de configuración [C:\tomcat9\conf\Catalina\localhost\Empresa2022.xml]
12-Apr-2023 00:24:16.684 ADVERTENCIA [main] org.apache.catalina.startup.HostConfig.deployDescriptor The path attribute with value [/Empresa2022] in deployment descriptor [C:\tomcat9\conf\Catalina\localhost\Empresa2022.xml] has been ignored
12-Apr-2023 00:24:16.725 GRAVE [main] org.apache.catalina.startup.HostConfig.deployDescriptor Error durante el despliegue del descriptor de configuración [C:\tomcat9\conf\Catalina\localhost\Empresa2022.xml]
	java.lang.IllegalStateException: Error starting child
		at org.apache.catalina.core.ContainerBase.addChildInternal(ContainerBase.java:729)
		at org.apache.catalina.core.ContainerBase.addChild(ContainerBase.java:698)
		at org.apache.catalina.core.StandardHost.addChild(StandardHost.java:696)
		at org.apache.catalina.startup.HostConfig.deployDescriptor(HostConfig.java:689)
		at org.apache.catalina.startup.HostConfig$DeployDescriptor.run(HostConfig.java:1888)
		at java.util.concurrent.Executors$RunnableAdapter.call(Executors.java:511)
		at java.util.concurrent.FutureTask.run(FutureTask.java:266)
		at org.apache.tomcat.util.threads.InlineExecutorService.execute(InlineExecutorService.java:75)
		at java.util.concurrent.AbstractExecutorService.submit(AbstractExecutorService.java:112)
		at org.apache.catalina.startup.HostConfig.deployDescriptors(HostConfig.java:582)
		at org.apache.catalina.startup.HostConfig.deployApps(HostConfig.java:472)
		at org.apache.catalina.startup.HostConfig.start(HostConfig.java:1617)
		at org.apache.catalina.startup.HostConfig.lifecycleEvent(HostConfig.java:318)
		at org.apache.catalina.util.LifecycleBase.fireLifecycleEvent(LifecycleBase.java:123)
		at org.apache.catalina.util.LifecycleBase.setStateInternal(LifecycleBase.java:423)
		at org.apache.catalina.util.LifecycleBase.setState(LifecycleBase.java:366)
		at org.apache.catalina.core.ContainerBase.startInternal(ContainerBase.java:943)
		at org.apache.catalina.core.StandardHost.startInternal(StandardHost.java:835)
		at org.apache.catalina.util.LifecycleBase.start(LifecycleBase.java:183)
		at org.apache.catalina.core.ContainerBase$StartChild.call(ContainerBase.java:1393)
		at org.apache.catalina.core.ContainerBase$StartChild.call(ContainerBase.java:1383)
		at java.util.concurrent.FutureTask.run(FutureTask.java:266)
		at org.apache.tomcat.util.threads.InlineExecutorService.execute(InlineExecutorService.java:75)
		at java.util.concurrent.AbstractExecutorService.submit(AbstractExecutorService.java:134)
		at org.apache.catalina.core.ContainerBase.startInternal(ContainerBase.java:916)
		at org.apache.catalina.core.StandardEngine.startInternal(StandardEngine.java:265)
		at org.apache.catalina.util.LifecycleBase.start(LifecycleBase.java:183)
		at org.apache.catalina.core.StandardService.startInternal(StandardService.java:430)
		at org.apache.catalina.util.LifecycleBase.start(LifecycleBase.java:183)
		at org.apache.catalina.core.StandardServer.startInternal(StandardServer.java:930)
		at org.apache.catalina.util.LifecycleBase.start(LifecycleBase.java:183)
		at org.apache.catalina.startup.Catalina.start(Catalina.java:772)
		at sun.reflect.NativeMethodAccessorImpl.invoke0(Native Method)
		at sun.reflect.NativeMethodAccessorImpl.invoke(NativeMethodAccessorImpl.java:62)
		at sun.reflect.DelegatingMethodAccessorImpl.invoke(DelegatingMethodAccessorImpl.java:43)
		at java.lang.reflect.Method.invoke(Method.java:498)
		at org.apache.catalina.startup.Bootstrap.start(Bootstrap.java:347)
		at org.apache.catalina.startup.Bootstrap.main(Bootstrap.java:478)
	Caused by: org.apache.catalina.LifecycleException: Failed to start component [org.apache.catalina.webresources.StandardRoot@782663d3]
		at org.apache.catalina.util.LifecycleBase.handleSubClassException(LifecycleBase.java:440)
		at org.apache.catalina.util.LifecycleBase.start(LifecycleBase.java:198)
		at org.apache.catalina.core.StandardContext.resourcesStart(StandardContext.java:4881)
		at org.apache.catalina.core.StandardContext.startInternal(StandardContext.java:5014)
		at org.apache.catalina.util.LifecycleBase.start(LifecycleBase.java:183)
		at org.apache.catalina.core.ContainerBase.addChildInternal(ContainerBase.java:726)
		... 37 more
	Caused by: java.lang.IllegalArgumentException: The main resource set specified [C:\Users\Zatonio\Documents\NetBeansProjects\Empresa2022\build\web] is not valid
		at org.apache.catalina.webresources.StandardRoot.createMainResourceSet(StandardRoot.java:777)
		at org.apache.catalina.webresources.StandardRoot.startInternal(StandardRoot.java:734)
		at org.apache.catalina.util.LifecycleBase.start(LifecycleBase.java:183)
		... 41 more
12-Apr-2023 00:24:16.789 INFORMACIÓN [main] org.apache.catalina.startup.HostConfig.deployDescriptor Deployment of deployment descriptor [C:\tomcat9\conf\Catalina\localhost\Empresa2022.xml] has finished in [134] ms
12-Apr-2023 00:24:16.790 INFORMACIÓN [main] org.apache.catalina.startup.HostConfig.deployDescriptor Desplieque del descriptor de configuración [C:\tomcat9\conf\Catalina\localhost\SecondWeaponLife.xml]
12-Apr-2023 00:24:16.791 ADVERTENCIA [main] org.apache.catalina.startup.HostConfig.deployDescriptor The path attribute with value [/SecondWeaponLife] in deployment descriptor [C:\tomcat9\conf\Catalina\localhost\SecondWeaponLife.xml] has been ignored
12-Apr-2023 00:24:20.953 INFORMACIÓN [main] org.apache.jasper.servlet.TldScanner.scanJars Al menos un JAR, que se ha explorado buscando TLDs, aún no contenía TLDs. Activar historial de depuración para este historiador para una completa lista de los JARs que fueron explorados y de los que nos se halló TLDs. Saltarse JARs no necesarios durante la exploración puede dar lugar a una mejora de tiempo significativa en el arranque y compilación de JSP .
12-Apr-2023 00:24:21.360 ADVERTENCIA [main] org.apache.catalina.util.SessionIdGeneratorBase.createSecureRandom Creation of SecureRandom instance for session ID generation using [SHA1PRNG] took [286] milliseconds.
12-Apr-2023 00:24:21.381 INFORMACIÓN [main] org.apache.catalina.startup.HostConfig.deployDescriptor Deployment of deployment descriptor [C:\tomcat9\conf\Catalina\localhost\SecondWeaponLife.xml] has finished in [4.591] ms
12-Apr-2023 00:24:21.382 INFORMACIÓN [main] org.apache.catalina.startup.HostConfig.deployDirectory Desplegando el directorio [C:\tomcat9\webapps\docs] de la aplicación web
12-Apr-2023 00:24:21.406 INFORMACIÓN [main] org.apache.catalina.startup.HostConfig.deployDirectory Deployment of web application directory [C:\tomcat9\webapps\docs] has finished in [24] ms
12-Apr-2023 00:24:21.406 INFORMACIÓN [main] org.apache.catalina.startup.HostConfig.deployDirectory Desplegando el directorio [C:\tomcat9\webapps\examples] de la aplicación web
12-Apr-2023 00:24:21.991 INFORMACIÓN [main] org.apache.catalina.startup.HostConfig.deployDirectory Deployment of web application directory [C:\tomcat9\webapps\examples] has finished in [585] ms
12-Apr-2023 00:24:21.991 INFORMACIÓN [main] org.apache.catalina.startup.HostConfig.deployDirectory Desplegando el directorio [C:\tomcat9\webapps\host-manager] de la aplicación web
12-Apr-2023 00:24:22.023 INFORMACIÓN [main] org.apache.catalina.startup.HostConfig.deployDirectory Deployment of web application directory [C:\tomcat9\webapps\host-manager] has finished in [31] ms
12-Apr-2023 00:24:22.023 INFORMACIÓN [main] org.apache.catalina.startup.HostConfig.deployDirectory Desplegando el directorio [C:\tomcat9\webapps\manager] de la aplicación web
12-Apr-2023 00:24:22.052 INFORMACIÓN [main] org.apache.catalina.startup.HostConfig.deployDirectory Deployment of web application directory [C:\tomcat9\webapps\manager] has finished in [29] ms
12-Apr-2023 00:24:22.052 INFORMACIÓN [main] org.apache.catalina.startup.HostConfig.deployDirectory Desplegando el directorio [C:\tomcat9\webapps\ROOT] de la aplicación web
12-Apr-2023 00:24:22.072 INFORMACIÓN [main] org.apache.catalina.startup.HostConfig.deployDirectory Deployment of web application directory [C:\tomcat9\webapps\ROOT] has finished in [19] ms
12-Apr-2023 00:24:22.075 INFORMACIÓN [main] org.apache.coyote.AbstractProtocol.start Starting ProtocolHandler ["http-nio-8080"]
12-Apr-2023 00:24:22.105 INFORMACIÓN [main] org.apache.catalina.startup.Catalina.start Server startup in [5510] milliseconds
12-Apr-2023 00:26:31.732 INFORMACIÓN [http-nio-8080-exec-2] org.apache.catalina.startup.HostConfig.undeploy Repliegue (undeploy) de la aplicación web que tiene como trayectoria de contexto [/SecondWeaponLife]
12-Apr-2023 00:26:31.765 INFORMACIÓN [http-nio-8080-exec-7] org.apache.catalina.startup.HostConfig.deployDescriptor Desplieque del descriptor de configuración [C:\tomcat9\conf\Catalina\localhost\SecondWeaponLife.xml]
12-Apr-2023 00:26:31.766 ADVERTENCIA [http-nio-8080-exec-7] org.apache.catalina.startup.HostConfig.deployDescriptor The path attribute with value [/SecondWeaponLife] in deployment descriptor [C:\tomcat9\conf\Catalina\localhost\SecondWeaponLife.xml] has been ignored
12-Apr-2023 00:26:33.915 INFORMACIÓN [http-nio-8080-exec-7] org.apache.jasper.servlet.TldScanner.scanJars Al menos un JAR, que se ha explorado buscando TLDs, aún no contenía TLDs. Activar historial de depuración para este historiador para una completa lista de los JARs que fueron explorados y de los que nos se halló TLDs. Saltarse JARs no necesarios durante la exploración puede dar lugar a una mejora de tiempo significativa en el arranque y compilación de JSP .
12-Apr-2023 00:26:33.982 INFORMACIÓN [http-nio-8080-exec-7] org.apache.catalina.startup.HostConfig.deployDescriptor Deployment of deployment descriptor [C:\tomcat9\conf\Catalina\localhost\SecondWeaponLife.xml] has finished in [2.217] ms
12-Apr-2023 00:26:33.987 INFORMACIÓN [http-nio-8080-exec-4] org.apache.catalina.util.LifecycleBase.start The start() method was called on component [StandardEngine[Catalina].StandardHost[localhost].StandardContext[/SecondWeaponLife]] after start() had already been called. The second call will be ignored.
12-Apr-2023 01:03:59.671 INFORMACIÓN [http-nio-8080-exec-11] org.apache.catalina.core.StandardContext.reload Ha comenzado la recarga de Contexto [/SecondWeaponLife]
12-Apr-2023 01:04:02.037 INFORMACIÓN [http-nio-8080-exec-11] org.apache.jasper.servlet.TldScanner.scanJars Al menos un JAR, que se ha explorado buscando TLDs, aún no contenía TLDs. Activar historial de depuración para este historiador para una completa lista de los JARs que fueron explorados y de los que nos se halló TLDs. Saltarse JARs no necesarios durante la exploración puede dar lugar a una mejora de tiempo significativa en el arranque y compilación de JSP .
12-Apr-2023 01:04:02.096 INFORMACIÓN [http-nio-8080-exec-11] org.apache.catalina.core.StandardContext.reload Se ha completado la recarga de este Contexto
12-Apr-2023 01:04:02.427 INFORMACIÓN [http-nio-8080-exec-18] org.apache.catalina.core.StandardContext.reload Ha comenzado la recarga de Contexto [/SecondWeaponLife]
12-Apr-2023 01:04:04.513 INFORMACIÓN [http-nio-8080-exec-18] org.apache.jasper.servlet.TldScanner.scanJars Al menos un JAR, que se ha explorado buscando TLDs, aún no contenía TLDs. Activar historial de depuración para este historiador para una completa lista de los JARs que fueron explorados y de los que nos se halló TLDs. Saltarse JARs no necesarios durante la exploración puede dar lugar a una mejora de tiempo significativa en el arranque y compilación de JSP .
12-Apr-2023 01:04:04.581 INFORMACIÓN [http-nio-8080-exec-18] org.apache.catalina.core.StandardContext.reload Se ha completado la recarga de este Contexto
12-Apr-2023 01:04:17.073 INFORMACIÓN [http-nio-8080-exec-12] org.apache.catalina.core.StandardContext.reload Ha comenzado la recarga de Contexto [/SecondWeaponLife]
12-Apr-2023 01:04:19.328 INFORMACIÓN [http-nio-8080-exec-12] org.apache.jasper.servlet.TldScanner.scanJars Al menos un JAR, que se ha explorado buscando TLDs, aún no contenía TLDs. Activar historial de depuración para este historiador para una completa lista de los JARs que fueron explorados y de los que nos se halló TLDs. Saltarse JARs no necesarios durante la exploración puede dar lugar a una mejora de tiempo significativa en el arranque y compilación de JSP .
12-Apr-2023 01:04:19.380 INFORMACIÓN [http-nio-8080-exec-12] org.apache.catalina.core.StandardContext.reload Se ha completado la recarga de este Contexto
12-Apr-2023 01:04:31.511 INFORMACIÓN [http-nio-8080-exec-23] org.apache.catalina.core.StandardContext.reload Ha comenzado la recarga de Contexto [/SecondWeaponLife]
12-Apr-2023 01:04:33.539 INFORMACIÓN [http-nio-8080-exec-23] org.apache.jasper.servlet.TldScanner.scanJars Al menos un JAR, que se ha explorado buscando TLDs, aún no contenía TLDs. Activar historial de depuración para este historiador para una completa lista de los JARs que fueron explorados y de los que nos se halló TLDs. Saltarse JARs no necesarios durante la exploración puede dar lugar a una mejora de tiempo significativa en el arranque y compilación de JSP .
12-Apr-2023 01:04:33.585 INFORMACIÓN [http-nio-8080-exec-23] org.apache.catalina.core.StandardContext.reload Se ha completado la recarga de este Contexto
