27-Feb-2023 00:23:33.354 INFORMACIÓN [main] org.apache.catalina.core.ApplicationContext.log SessionListener: contextDestroyed()
27-Feb-2023 00:23:33.354 INFORMACIÓN [main] org.apache.catalina.core.ApplicationContext.log ContextListener: contextDestroyed()
27-Feb-2023 00:26:08.813 INFORMACIÓN [main] org.apache.catalina.core.ApplicationContext.log ContextListener: contextInitialized()
27-Feb-2023 00:26:08.813 INFORMACIÓN [main] org.apache.catalina.core.ApplicationContext.log SessionListener: contextInitialized()
27-Feb-2023 00:26:08.815 INFORMACIÓN [main] org.apache.catalina.core.ApplicationContext.log ContextListener: attributeAdded('StockTicker', 'async.Stockticker@a36ff0b')
27-Feb-2023 00:28:55.612 INFORMACIÓN [main] org.apache.catalina.core.ApplicationContext.log SessionListener: contextDestroyed()
27-Feb-2023 00:28:55.612 INFORMACIÓN [main] org.apache.catalina.core.ApplicationContext.log ContextListener: contextDestroyed()
27-Feb-2023 00:29:03.950 INFORMACIÓN [main] org.apache.catalina.core.ApplicationContext.log ContextListener: contextInitialized()
27-Feb-2023 00:29:03.950 INFORMACIÓN [main] org.apache.catalina.core.ApplicationContext.log SessionListener: contextInitialized()
27-Feb-2023 00:29:03.952 INFORMACIÓN [main] org.apache.catalina.core.ApplicationContext.log ContextListener: attributeAdded('StockTicker', 'async.Stockticker@52518ee1')
27-Feb-2023 01:53:29.256 GRAVE [http-nio-8080-exec-186] org.apache.catalina.core.StandardWrapperValve.invoke Servlet.service() para servlet [Login] lanzó excepción
Local Exception Stack: 
	Exception [EclipseLink-30005] (Eclipse Persistence Services - 2.5.2.v20140319-9ad6abd): org.eclipse.persistence.exceptions.PersistenceUnitLoadingException
Exception Description: An exception was thrown while searching for persistence archives with ClassLoader: ParallelWebappClassLoader
  context: LigaBaloncesto
  delegate: false
----------> Parent Classloader:
java.net.URLClassLoader@42d80b78

Internal Exception: javax.persistence.PersistenceException: Exception [EclipseLink-28018] (Eclipse Persistence Services - 2.5.2.v20140319-9ad6abd): org.eclipse.persistence.exceptions.EntityManagerSetupException
Exception Description: Predeployment of PersistenceUnit [LigaBaloncesto] failed.
Internal Exception: Exception [EclipseLink-7154] (Eclipse Persistence Services - 2.5.2.v20140319-9ad6abd): org.eclipse.persistence.exceptions.ValidationException
Exception Description: The attribute [partidos] in entity class [class modelo.entidades.Liga] has a mappedBy value of [liga] which does not exist in its owning entity class [class modelo.entidades.Partido]. If the owning entity class is a @MappedSuperclass, this is invalid, and your attribute should reference the correct subclass.
		at org.eclipse.persistence.exceptions.PersistenceUnitLoadingException.exceptionSearchingForPersistenceResources(PersistenceUnitLoadingException.java:127)
		at org.eclipse.persistence.jpa.PersistenceProvider.createEntityManagerFactoryImpl(PersistenceProvider.java:107)
		at org.eclipse.persistence.jpa.PersistenceProvider.createEntityManagerFactory(PersistenceProvider.java:177)
		at javax.persistence.Persistence.createEntityManagerFactory(Persistence.java:79)
		at javax.persistence.Persistence.createEntityManagerFactory(Persistence.java:54)
		at controladores.Login.processRequest(Login.java:43)
		at controladores.Login.doPost(Login.java:89)
		at javax.servlet.http.HttpServlet.service(HttpServlet.java:696)
		at javax.servlet.http.HttpServlet.service(HttpServlet.java:779)
		at org.apache.catalina.core.ApplicationFilterChain.internalDoFilter(ApplicationFilterChain.java:227)
		at org.apache.catalina.core.ApplicationFilterChain.doFilter(ApplicationFilterChain.java:162)
		at org.apache.tomcat.websocket.server.WsFilter.doFilter(WsFilter.java:53)
		at org.apache.catalina.core.ApplicationFilterChain.internalDoFilter(ApplicationFilterChain.java:189)
		at org.apache.catalina.core.ApplicationFilterChain.doFilter(ApplicationFilterChain.java:162)
		at filtros.FiltroSesion.doFilter(FiltroSesion.java:50)
		at org.apache.catalina.core.ApplicationFilterChain.internalDoFilter(ApplicationFilterChain.java:189)
		at org.apache.catalina.core.ApplicationFilterChain.doFilter(ApplicationFilterChain.java:162)
		at org.apache.catalina.core.StandardWrapperValve.invoke(StandardWrapperValve.java:177)
		at org.apache.catalina.core.StandardContextValve.invoke(StandardContextValve.java:97)
		at org.apache.catalina.authenticator.AuthenticatorBase.invoke(AuthenticatorBase.java:541)
		at org.apache.catalina.core.StandardHostValve.invoke(StandardHostValve.java:135)
		at org.apache.catalina.valves.ErrorReportValve.invoke(ErrorReportValve.java:92)
		at org.apache.catalina.valves.AbstractAccessLogValve.invoke(AbstractAccessLogValve.java:687)
		at org.apache.catalina.core.StandardEngineValve.invoke(StandardEngineValve.java:78)
		at org.apache.catalina.connector.CoyoteAdapter.service(CoyoteAdapter.java:360)
		at org.apache.coyote.http11.Http11Processor.service(Http11Processor.java:399)
		at org.apache.coyote.AbstractProcessorLight.process(AbstractProcessorLight.java:65)
		at org.apache.coyote.AbstractProtocol$ConnectionHandler.process(AbstractProtocol.java:891)
		at org.apache.tomcat.util.net.NioEndpoint$SocketProcessor.doRun(NioEndpoint.java:1784)
		at org.apache.tomcat.util.net.SocketProcessorBase.run(SocketProcessorBase.java:49)
		at org.apache.tomcat.util.threads.ThreadPoolExecutor.runWorker(ThreadPoolExecutor.java:1191)
		at org.apache.tomcat.util.threads.ThreadPoolExecutor$Worker.run(ThreadPoolExecutor.java:659)
		at org.apache.tomcat.util.threads.TaskThread$WrappingRunnable.run(TaskThread.java:61)
		at java.lang.Thread.run(Thread.java:748)
	Caused by: javax.persistence.PersistenceException: Exception [EclipseLink-28018] (Eclipse Persistence Services - 2.5.2.v20140319-9ad6abd): org.eclipse.persistence.exceptions.EntityManagerSetupException
Exception Description: Predeployment of PersistenceUnit [LigaBaloncesto] failed.
Internal Exception: Exception [EclipseLink-7154] (Eclipse Persistence Services - 2.5.2.v20140319-9ad6abd): org.eclipse.persistence.exceptions.ValidationException
Exception Description: The attribute [partidos] in entity class [class modelo.entidades.Liga] has a mappedBy value of [liga] which does not exist in its owning entity class [class modelo.entidades.Partido]. If the owning entity class is a @MappedSuperclass, this is invalid, and your attribute should reference the correct subclass.
		at org.eclipse.persistence.internal.jpa.EntityManagerSetupImpl.createPredeployFailedPersistenceException(EntityManagerSetupImpl.java:1954)
		at org.eclipse.persistence.internal.jpa.EntityManagerSetupImpl.predeploy(EntityManagerSetupImpl.java:1945)
		at org.eclipse.persistence.internal.jpa.deployment.JPAInitializer.callPredeploy(JPAInitializer.java:98)
		at org.eclipse.persistence.jpa.PersistenceProvider.createEntityManagerFactoryImpl(PersistenceProvider.java:96)
		... 32 more
	Caused by: Exception [EclipseLink-28018] (Eclipse Persistence Services - 2.5.2.v20140319-9ad6abd): org.eclipse.persistence.exceptions.EntityManagerSetupException
Exception Description: Predeployment of PersistenceUnit [LigaBaloncesto] failed.
Internal Exception: Exception [EclipseLink-7154] (Eclipse Persistence Services - 2.5.2.v20140319-9ad6abd): org.eclipse.persistence.exceptions.ValidationException
Exception Description: The attribute [partidos] in entity class [class modelo.entidades.Liga] has a mappedBy value of [liga] which does not exist in its owning entity class [class modelo.entidades.Partido]. If the owning entity class is a @MappedSuperclass, this is invalid, and your attribute should reference the correct subclass.
		at org.eclipse.persistence.exceptions.EntityManagerSetupException.predeployFailed(EntityManagerSetupException.java:230)
		... 36 more
	Caused by: Exception [EclipseLink-7154] (Eclipse Persistence Services - 2.5.2.v20140319-9ad6abd): org.eclipse.persistence.exceptions.ValidationException
Exception Description: The attribute [partidos] in entity class [class modelo.entidades.Liga] has a mappedBy value of [liga] which does not exist in its owning entity class [class modelo.entidades.Partido]. If the owning entity class is a @MappedSuperclass, this is invalid, and your attribute should reference the correct subclass.
		at org.eclipse.persistence.exceptions.ValidationException.noMappedByAttributeFound(ValidationException.java:1371)
		at org.eclipse.persistence.internal.jpa.metadata.accessors.mappings.RelationshipAccessor.getOwningMapping(RelationshipAccessor.java:475)
		at org.eclipse.persistence.internal.jpa.metadata.accessors.mappings.OneToManyAccessor.processOneToManyMapping(OneToManyAccessor.java:210)
		at org.eclipse.persistence.internal.jpa.metadata.accessors.mappings.OneToManyAccessor.process(OneToManyAccessor.java:143)
		at org.eclipse.persistence.internal.jpa.metadata.MetadataProject.processNonOwningRelationshipAccessors(MetadataProject.java:1566)
		at org.eclipse.persistence.internal.jpa.metadata.MetadataProject.processStage3(MetadataProject.java:1855)
		at org.eclipse.persistence.internal.jpa.metadata.MetadataProcessor.processORMMetadata(MetadataProcessor.java:580)
		at org.eclipse.persistence.internal.jpa.deployment.PersistenceUnitProcessor.processORMetadata(PersistenceUnitProcessor.java:585)
		at org.eclipse.persistence.internal.jpa.EntityManagerSetupImpl.predeploy(EntityManagerSetupImpl.java:1869)
		... 34 more
27-Feb-2023 01:58:25.948 GRAVE [http-nio-8080-exec-200] org.apache.catalina.core.ApplicationDispatcher.invoke El Servlet.service() para servlet [jsp] lanzó una excepción
	javax.el.PropertyNotFoundException: No se ha encontrado la propiedad [partidos] en el tipo [modelo.entidades.Liga]
		at javax.el.BeanELResolver$BeanProperties.get(BeanELResolver.java:261)
		at javax.el.BeanELResolver$BeanProperties.access$300(BeanELResolver.java:213)
		at javax.el.BeanELResolver.property(BeanELResolver.java:334)
		at javax.el.BeanELResolver.getValue(BeanELResolver.java:95)
		at org.apache.jasper.el.JasperELResolver.getValue(JasperELResolver.java:124)
		at org.apache.el.parser.AstValue.getValue(AstValue.java:168)
		at org.apache.el.parser.AstGreaterThan.getValue(AstGreaterThan.java:36)
		at org.apache.el.ValueExpressionImpl.getValue(ValueExpressionImpl.java:189)
		at org.apache.jasper.runtime.PageContextImpl.proprietaryEvaluate(PageContextImpl.java:692)
		at org.apache.jsp.admin.ligas.menuLigas_jsp._jspx_meth_c_005fif_005f1(menuLigas_jsp.java:321)
		at org.apache.jsp.admin.ligas.menuLigas_jsp._jspx_meth_c_005fforEach_005f0(menuLigas_jsp.java:216)
		at org.apache.jsp.admin.ligas.menuLigas_jsp._jspService(menuLigas_jsp.java:147)
		at org.apache.jasper.runtime.HttpJspBase.service(HttpJspBase.java:70)
		at javax.servlet.http.HttpServlet.service(HttpServlet.java:779)
		at org.apache.jasper.servlet.JspServletWrapper.service(JspServletWrapper.java:466)
		at org.apache.jasper.servlet.JspServlet.serviceJspFile(JspServlet.java:379)
		at org.apache.jasper.servlet.JspServlet.service(JspServlet.java:327)
		at javax.servlet.http.HttpServlet.service(HttpServlet.java:779)
		at org.apache.catalina.core.ApplicationFilterChain.internalDoFilter(ApplicationFilterChain.java:227)
		at org.apache.catalina.core.ApplicationFilterChain.doFilter(ApplicationFilterChain.java:162)
		at org.apache.tomcat.websocket.server.WsFilter.doFilter(WsFilter.java:53)
		at org.apache.catalina.core.ApplicationFilterChain.internalDoFilter(ApplicationFilterChain.java:189)
		at org.apache.catalina.core.ApplicationFilterChain.doFilter(ApplicationFilterChain.java:162)
		at org.apache.catalina.core.ApplicationDispatcher.invoke(ApplicationDispatcher.java:711)
		at org.apache.catalina.core.ApplicationDispatcher.processRequest(ApplicationDispatcher.java:459)
		at org.apache.catalina.core.ApplicationDispatcher.doForward(ApplicationDispatcher.java:385)
		at org.apache.catalina.core.ApplicationDispatcher.forward(ApplicationDispatcher.java:313)
		at controladores.admin.liga.MenuLigas.processRequest(MenuLigas.java:38)
		at controladores.admin.liga.MenuLigas.doGet(MenuLigas.java:52)
		at javax.servlet.http.HttpServlet.service(HttpServlet.java:670)
		at javax.servlet.http.HttpServlet.service(HttpServlet.java:779)
		at org.apache.catalina.core.ApplicationFilterChain.internalDoFilter(ApplicationFilterChain.java:227)
		at org.apache.catalina.core.ApplicationFilterChain.doFilter(ApplicationFilterChain.java:162)
		at org.apache.tomcat.websocket.server.WsFilter.doFilter(WsFilter.java:53)
		at org.apache.catalina.core.ApplicationFilterChain.internalDoFilter(ApplicationFilterChain.java:189)
		at org.apache.catalina.core.ApplicationFilterChain.doFilter(ApplicationFilterChain.java:162)
		at filtros.FiltroSesion.doFilter(FiltroSesion.java:50)
		at org.apache.catalina.core.ApplicationFilterChain.internalDoFilter(ApplicationFilterChain.java:189)
		at org.apache.catalina.core.ApplicationFilterChain.doFilter(ApplicationFilterChain.java:162)
		at org.apache.catalina.core.StandardWrapperValve.invoke(StandardWrapperValve.java:177)
		at org.apache.catalina.core.StandardContextValve.invoke(StandardContextValve.java:97)
		at org.apache.catalina.authenticator.AuthenticatorBase.invoke(AuthenticatorBase.java:541)
		at org.apache.catalina.core.StandardHostValve.invoke(StandardHostValve.java:135)
		at org.apache.catalina.valves.ErrorReportValve.invoke(ErrorReportValve.java:92)
		at org.apache.catalina.valves.AbstractAccessLogValve.invoke(AbstractAccessLogValve.java:687)
		at org.apache.catalina.core.StandardEngineValve.invoke(StandardEngineValve.java:78)
		at org.apache.catalina.connector.CoyoteAdapter.service(CoyoteAdapter.java:360)
		at org.apache.coyote.http11.Http11Processor.service(Http11Processor.java:399)
		at org.apache.coyote.AbstractProcessorLight.process(AbstractProcessorLight.java:65)
		at org.apache.coyote.AbstractProtocol$ConnectionHandler.process(AbstractProtocol.java:891)
		at org.apache.tomcat.util.net.NioEndpoint$SocketProcessor.doRun(NioEndpoint.java:1784)
		at org.apache.tomcat.util.net.SocketProcessorBase.run(SocketProcessorBase.java:49)
		at org.apache.tomcat.util.threads.ThreadPoolExecutor.runWorker(ThreadPoolExecutor.java:1191)
		at org.apache.tomcat.util.threads.ThreadPoolExecutor$Worker.run(ThreadPoolExecutor.java:659)
		at org.apache.tomcat.util.threads.TaskThread$WrappingRunnable.run(TaskThread.java:61)
		at java.lang.Thread.run(Thread.java:748)
27-Feb-2023 01:58:25.949 GRAVE [http-nio-8080-exec-200] org.apache.catalina.core.StandardWrapperValve.invoke El Servlet.service() para el servlet [MenuLigas] en el contexto con ruta [/LigaBaloncesto] lanzó la excepción [Ha sucedido una excepción al procesar la página JSP [/admin/ligas/menuLigas.jsp] en línea [37]

34:                             </form>
35:                         </td>
36:                     </c:if>
37:                         <c:if test="${l.partidos.size()>0 }">
38:                             <td>
39:                                 <form action="../GenerarPartidosLiga" method="post">
40:                                 <input type="hidden" name="id" value="${l.id}">


Stacktrace:] con causa raíz
	javax.el.PropertyNotFoundException: No se ha encontrado la propiedad [partidos] en el tipo [modelo.entidades.Liga]
		at javax.el.BeanELResolver$BeanProperties.get(BeanELResolver.java:261)
		at javax.el.BeanELResolver$BeanProperties.access$300(BeanELResolver.java:213)
		at javax.el.BeanELResolver.property(BeanELResolver.java:334)
		at javax.el.BeanELResolver.getValue(BeanELResolver.java:95)
		at org.apache.jasper.el.JasperELResolver.getValue(JasperELResolver.java:124)
		at org.apache.el.parser.AstValue.getValue(AstValue.java:168)
		at org.apache.el.parser.AstGreaterThan.getValue(AstGreaterThan.java:36)
		at org.apache.el.ValueExpressionImpl.getValue(ValueExpressionImpl.java:189)
		at org.apache.jasper.runtime.PageContextImpl.proprietaryEvaluate(PageContextImpl.java:692)
		at org.apache.jsp.admin.ligas.menuLigas_jsp._jspx_meth_c_005fif_005f1(menuLigas_jsp.java:321)
		at org.apache.jsp.admin.ligas.menuLigas_jsp._jspx_meth_c_005fforEach_005f0(menuLigas_jsp.java:216)
		at org.apache.jsp.admin.ligas.menuLigas_jsp._jspService(menuLigas_jsp.java:147)
		at org.apache.jasper.runtime.HttpJspBase.service(HttpJspBase.java:70)
		at javax.servlet.http.HttpServlet.service(HttpServlet.java:779)
		at org.apache.jasper.servlet.JspServletWrapper.service(JspServletWrapper.java:466)
		at org.apache.jasper.servlet.JspServlet.serviceJspFile(JspServlet.java:379)
		at org.apache.jasper.servlet.JspServlet.service(JspServlet.java:327)
		at javax.servlet.http.HttpServlet.service(HttpServlet.java:779)
		at org.apache.catalina.core.ApplicationFilterChain.internalDoFilter(ApplicationFilterChain.java:227)
		at org.apache.catalina.core.ApplicationFilterChain.doFilter(ApplicationFilterChain.java:162)
		at org.apache.tomcat.websocket.server.WsFilter.doFilter(WsFilter.java:53)
		at org.apache.catalina.core.ApplicationFilterChain.internalDoFilter(ApplicationFilterChain.java:189)
		at org.apache.catalina.core.ApplicationFilterChain.doFilter(ApplicationFilterChain.java:162)
		at org.apache.catalina.core.ApplicationDispatcher.invoke(ApplicationDispatcher.java:711)
		at org.apache.catalina.core.ApplicationDispatcher.processRequest(ApplicationDispatcher.java:459)
		at org.apache.catalina.core.ApplicationDispatcher.doForward(ApplicationDispatcher.java:385)
		at org.apache.catalina.core.ApplicationDispatcher.forward(ApplicationDispatcher.java:313)
		at controladores.admin.liga.MenuLigas.processRequest(MenuLigas.java:38)
		at controladores.admin.liga.MenuLigas.doGet(MenuLigas.java:52)
		at javax.servlet.http.HttpServlet.service(HttpServlet.java:670)
		at javax.servlet.http.HttpServlet.service(HttpServlet.java:779)
		at org.apache.catalina.core.ApplicationFilterChain.internalDoFilter(ApplicationFilterChain.java:227)
		at org.apache.catalina.core.ApplicationFilterChain.doFilter(ApplicationFilterChain.java:162)
		at org.apache.tomcat.websocket.server.WsFilter.doFilter(WsFilter.java:53)
		at org.apache.catalina.core.ApplicationFilterChain.internalDoFilter(ApplicationFilterChain.java:189)
		at org.apache.catalina.core.ApplicationFilterChain.doFilter(ApplicationFilterChain.java:162)
		at filtros.FiltroSesion.doFilter(FiltroSesion.java:50)
		at org.apache.catalina.core.ApplicationFilterChain.internalDoFilter(ApplicationFilterChain.java:189)
		at org.apache.catalina.core.ApplicationFilterChain.doFilter(ApplicationFilterChain.java:162)
		at org.apache.catalina.core.StandardWrapperValve.invoke(StandardWrapperValve.java:177)
		at org.apache.catalina.core.StandardContextValve.invoke(StandardContextValve.java:97)
		at org.apache.catalina.authenticator.AuthenticatorBase.invoke(AuthenticatorBase.java:541)
		at org.apache.catalina.core.StandardHostValve.invoke(StandardHostValve.java:135)
		at org.apache.catalina.valves.ErrorReportValve.invoke(ErrorReportValve.java:92)
		at org.apache.catalina.valves.AbstractAccessLogValve.invoke(AbstractAccessLogValve.java:687)
		at org.apache.catalina.core.StandardEngineValve.invoke(StandardEngineValve.java:78)
		at org.apache.catalina.connector.CoyoteAdapter.service(CoyoteAdapter.java:360)
		at org.apache.coyote.http11.Http11Processor.service(Http11Processor.java:399)
		at org.apache.coyote.AbstractProcessorLight.process(AbstractProcessorLight.java:65)
		at org.apache.coyote.AbstractProtocol$ConnectionHandler.process(AbstractProtocol.java:891)
		at org.apache.tomcat.util.net.NioEndpoint$SocketProcessor.doRun(NioEndpoint.java:1784)
		at org.apache.tomcat.util.net.SocketProcessorBase.run(SocketProcessorBase.java:49)
		at org.apache.tomcat.util.threads.ThreadPoolExecutor.runWorker(ThreadPoolExecutor.java:1191)
		at org.apache.tomcat.util.threads.ThreadPoolExecutor$Worker.run(ThreadPoolExecutor.java:659)
		at org.apache.tomcat.util.threads.TaskThread$WrappingRunnable.run(TaskThread.java:61)
		at java.lang.Thread.run(Thread.java:748)
27-Feb-2023 02:00:24.048 GRAVE [http-nio-8080-exec-215] org.apache.catalina.core.ApplicationDispatcher.invoke El Servlet.service() para servlet [jsp] lanzó una excepción
	javax.el.PropertyNotFoundException: No se ha encontrado la propiedad [partidos] en el tipo [modelo.entidades.Liga]
		at javax.el.BeanELResolver$BeanProperties.get(BeanELResolver.java:261)
		at javax.el.BeanELResolver$BeanProperties.access$300(BeanELResolver.java:213)
		at javax.el.BeanELResolver.property(BeanELResolver.java:334)
		at javax.el.BeanELResolver.getValue(BeanELResolver.java:95)
		at org.apache.jasper.el.JasperELResolver.getValue(JasperELResolver.java:124)
		at org.apache.el.parser.AstValue.getValue(AstValue.java:168)
		at org.apache.el.parser.AstGreaterThan.getValue(AstGreaterThan.java:36)
		at org.apache.el.ValueExpressionImpl.getValue(ValueExpressionImpl.java:189)
		at org.apache.jasper.runtime.PageContextImpl.proprietaryEvaluate(PageContextImpl.java:692)
		at org.apache.jsp.admin.ligas.menuLigas_jsp._jspx_meth_c_005fif_005f1(menuLigas_jsp.java:321)
		at org.apache.jsp.admin.ligas.menuLigas_jsp._jspx_meth_c_005fforEach_005f0(menuLigas_jsp.java:216)
		at org.apache.jsp.admin.ligas.menuLigas_jsp._jspService(menuLigas_jsp.java:147)
		at org.apache.jasper.runtime.HttpJspBase.service(HttpJspBase.java:70)
		at javax.servlet.http.HttpServlet.service(HttpServlet.java:779)
		at org.apache.jasper.servlet.JspServletWrapper.service(JspServletWrapper.java:466)
		at org.apache.jasper.servlet.JspServlet.serviceJspFile(JspServlet.java:379)
		at org.apache.jasper.servlet.JspServlet.service(JspServlet.java:327)
		at javax.servlet.http.HttpServlet.service(HttpServlet.java:779)
		at org.apache.catalina.core.ApplicationFilterChain.internalDoFilter(ApplicationFilterChain.java:227)
		at org.apache.catalina.core.ApplicationFilterChain.doFilter(ApplicationFilterChain.java:162)
		at org.apache.tomcat.websocket.server.WsFilter.doFilter(WsFilter.java:53)
		at org.apache.catalina.core.ApplicationFilterChain.internalDoFilter(ApplicationFilterChain.java:189)
		at org.apache.catalina.core.ApplicationFilterChain.doFilter(ApplicationFilterChain.java:162)
		at org.apache.catalina.core.ApplicationDispatcher.invoke(ApplicationDispatcher.java:711)
		at org.apache.catalina.core.ApplicationDispatcher.processRequest(ApplicationDispatcher.java:459)
		at org.apache.catalina.core.ApplicationDispatcher.doForward(ApplicationDispatcher.java:385)
		at org.apache.catalina.core.ApplicationDispatcher.forward(ApplicationDispatcher.java:313)
		at controladores.admin.liga.MenuLigas.processRequest(MenuLigas.java:38)
		at controladores.admin.liga.MenuLigas.doGet(MenuLigas.java:52)
		at javax.servlet.http.HttpServlet.service(HttpServlet.java:670)
		at javax.servlet.http.HttpServlet.service(HttpServlet.java:779)
		at org.apache.catalina.core.ApplicationFilterChain.internalDoFilter(ApplicationFilterChain.java:227)
		at org.apache.catalina.core.ApplicationFilterChain.doFilter(ApplicationFilterChain.java:162)
		at org.apache.tomcat.websocket.server.WsFilter.doFilter(WsFilter.java:53)
		at org.apache.catalina.core.ApplicationFilterChain.internalDoFilter(ApplicationFilterChain.java:189)
		at org.apache.catalina.core.ApplicationFilterChain.doFilter(ApplicationFilterChain.java:162)
		at filtros.FiltroSesion.doFilter(FiltroSesion.java:50)
		at org.apache.catalina.core.ApplicationFilterChain.internalDoFilter(ApplicationFilterChain.java:189)
		at org.apache.catalina.core.ApplicationFilterChain.doFilter(ApplicationFilterChain.java:162)
		at org.apache.catalina.core.StandardWrapperValve.invoke(StandardWrapperValve.java:177)
		at org.apache.catalina.core.StandardContextValve.invoke(StandardContextValve.java:97)
		at org.apache.catalina.authenticator.AuthenticatorBase.invoke(AuthenticatorBase.java:541)
		at org.apache.catalina.core.StandardHostValve.invoke(StandardHostValve.java:135)
		at org.apache.catalina.valves.ErrorReportValve.invoke(ErrorReportValve.java:92)
		at org.apache.catalina.valves.AbstractAccessLogValve.invoke(AbstractAccessLogValve.java:687)
		at org.apache.catalina.core.StandardEngineValve.invoke(StandardEngineValve.java:78)
		at org.apache.catalina.connector.CoyoteAdapter.service(CoyoteAdapter.java:360)
		at org.apache.coyote.http11.Http11Processor.service(Http11Processor.java:399)
		at org.apache.coyote.AbstractProcessorLight.process(AbstractProcessorLight.java:65)
		at org.apache.coyote.AbstractProtocol$ConnectionHandler.process(AbstractProtocol.java:891)
		at org.apache.tomcat.util.net.NioEndpoint$SocketProcessor.doRun(NioEndpoint.java:1784)
		at org.apache.tomcat.util.net.SocketProcessorBase.run(SocketProcessorBase.java:49)
		at org.apache.tomcat.util.threads.ThreadPoolExecutor.runWorker(ThreadPoolExecutor.java:1191)
		at org.apache.tomcat.util.threads.ThreadPoolExecutor$Worker.run(ThreadPoolExecutor.java:659)
		at org.apache.tomcat.util.threads.TaskThread$WrappingRunnable.run(TaskThread.java:61)
		at java.lang.Thread.run(Thread.java:748)
27-Feb-2023 02:00:24.049 GRAVE [http-nio-8080-exec-215] org.apache.catalina.core.StandardWrapperValve.invoke El Servlet.service() para el servlet [MenuLigas] en el contexto con ruta [/LigaBaloncesto] lanzó la excepción [Ha sucedido una excepción al procesar la página JSP [/admin/ligas/menuLigas.jsp] en línea [37]

34:                             </form>
35:                         </td>
36:                     </c:if>
37:                         <c:if test="${l.partidos.size()>0 }">
38:                             <td>
39:                                 <form action="../GenerarPartidosLiga" method="post">
40:                                 <input type="hidden" name="id" value="${l.id}">


Stacktrace:] con causa raíz
	javax.el.PropertyNotFoundException: No se ha encontrado la propiedad [partidos] en el tipo [modelo.entidades.Liga]
		at javax.el.BeanELResolver$BeanProperties.get(BeanELResolver.java:261)
		at javax.el.BeanELResolver$BeanProperties.access$300(BeanELResolver.java:213)
		at javax.el.BeanELResolver.property(BeanELResolver.java:334)
		at javax.el.BeanELResolver.getValue(BeanELResolver.java:95)
		at org.apache.jasper.el.JasperELResolver.getValue(JasperELResolver.java:124)
		at org.apache.el.parser.AstValue.getValue(AstValue.java:168)
		at org.apache.el.parser.AstGreaterThan.getValue(AstGreaterThan.java:36)
		at org.apache.el.ValueExpressionImpl.getValue(ValueExpressionImpl.java:189)
		at org.apache.jasper.runtime.PageContextImpl.proprietaryEvaluate(PageContextImpl.java:692)
		at org.apache.jsp.admin.ligas.menuLigas_jsp._jspx_meth_c_005fif_005f1(menuLigas_jsp.java:321)
		at org.apache.jsp.admin.ligas.menuLigas_jsp._jspx_meth_c_005fforEach_005f0(menuLigas_jsp.java:216)
		at org.apache.jsp.admin.ligas.menuLigas_jsp._jspService(menuLigas_jsp.java:147)
		at org.apache.jasper.runtime.HttpJspBase.service(HttpJspBase.java:70)
		at javax.servlet.http.HttpServlet.service(HttpServlet.java:779)
		at org.apache.jasper.servlet.JspServletWrapper.service(JspServletWrapper.java:466)
		at org.apache.jasper.servlet.JspServlet.serviceJspFile(JspServlet.java:379)
		at org.apache.jasper.servlet.JspServlet.service(JspServlet.java:327)
		at javax.servlet.http.HttpServlet.service(HttpServlet.java:779)
		at org.apache.catalina.core.ApplicationFilterChain.internalDoFilter(ApplicationFilterChain.java:227)
		at org.apache.catalina.core.ApplicationFilterChain.doFilter(ApplicationFilterChain.java:162)
		at org.apache.tomcat.websocket.server.WsFilter.doFilter(WsFilter.java:53)
		at org.apache.catalina.core.ApplicationFilterChain.internalDoFilter(ApplicationFilterChain.java:189)
		at org.apache.catalina.core.ApplicationFilterChain.doFilter(ApplicationFilterChain.java:162)
		at org.apache.catalina.core.ApplicationDispatcher.invoke(ApplicationDispatcher.java:711)
		at org.apache.catalina.core.ApplicationDispatcher.processRequest(ApplicationDispatcher.java:459)
		at org.apache.catalina.core.ApplicationDispatcher.doForward(ApplicationDispatcher.java:385)
		at org.apache.catalina.core.ApplicationDispatcher.forward(ApplicationDispatcher.java:313)
		at controladores.admin.liga.MenuLigas.processRequest(MenuLigas.java:38)
		at controladores.admin.liga.MenuLigas.doGet(MenuLigas.java:52)
		at javax.servlet.http.HttpServlet.service(HttpServlet.java:670)
		at javax.servlet.http.HttpServlet.service(HttpServlet.java:779)
		at org.apache.catalina.core.ApplicationFilterChain.internalDoFilter(ApplicationFilterChain.java:227)
		at org.apache.catalina.core.ApplicationFilterChain.doFilter(ApplicationFilterChain.java:162)
		at org.apache.tomcat.websocket.server.WsFilter.doFilter(WsFilter.java:53)
		at org.apache.catalina.core.ApplicationFilterChain.internalDoFilter(ApplicationFilterChain.java:189)
		at org.apache.catalina.core.ApplicationFilterChain.doFilter(ApplicationFilterChain.java:162)
		at filtros.FiltroSesion.doFilter(FiltroSesion.java:50)
		at org.apache.catalina.core.ApplicationFilterChain.internalDoFilter(ApplicationFilterChain.java:189)
		at org.apache.catalina.core.ApplicationFilterChain.doFilter(ApplicationFilterChain.java:162)
		at org.apache.catalina.core.StandardWrapperValve.invoke(StandardWrapperValve.java:177)
		at org.apache.catalina.core.StandardContextValve.invoke(StandardContextValve.java:97)
		at org.apache.catalina.authenticator.AuthenticatorBase.invoke(AuthenticatorBase.java:541)
		at org.apache.catalina.core.StandardHostValve.invoke(StandardHostValve.java:135)
		at org.apache.catalina.valves.ErrorReportValve.invoke(ErrorReportValve.java:92)
		at org.apache.catalina.valves.AbstractAccessLogValve.invoke(AbstractAccessLogValve.java:687)
		at org.apache.catalina.core.StandardEngineValve.invoke(StandardEngineValve.java:78)
		at org.apache.catalina.connector.CoyoteAdapter.service(CoyoteAdapter.java:360)
		at org.apache.coyote.http11.Http11Processor.service(Http11Processor.java:399)
		at org.apache.coyote.AbstractProcessorLight.process(AbstractProcessorLight.java:65)
		at org.apache.coyote.AbstractProtocol$ConnectionHandler.process(AbstractProtocol.java:891)
		at org.apache.tomcat.util.net.NioEndpoint$SocketProcessor.doRun(NioEndpoint.java:1784)
		at org.apache.tomcat.util.net.SocketProcessorBase.run(SocketProcessorBase.java:49)
		at org.apache.tomcat.util.threads.ThreadPoolExecutor.runWorker(ThreadPoolExecutor.java:1191)
		at org.apache.tomcat.util.threads.ThreadPoolExecutor$Worker.run(ThreadPoolExecutor.java:659)
		at org.apache.tomcat.util.threads.TaskThread$WrappingRunnable.run(TaskThread.java:61)
		at java.lang.Thread.run(Thread.java:748)
27-Feb-2023 02:33:29.360 INFORMACIÓN [main] org.apache.catalina.core.ApplicationContext.log SessionListener: contextDestroyed()
27-Feb-2023 02:33:29.360 INFORMACIÓN [main] org.apache.catalina.core.ApplicationContext.log ContextListener: contextDestroyed()
27-Feb-2023 14:35:17.593 INFORMACIÓN [main] org.apache.catalina.core.ApplicationContext.log ContextListener: contextInitialized()
27-Feb-2023 14:35:17.593 INFORMACIÓN [main] org.apache.catalina.core.ApplicationContext.log SessionListener: contextInitialized()
27-Feb-2023 14:35:17.595 INFORMACIÓN [main] org.apache.catalina.core.ApplicationContext.log ContextListener: attributeAdded('StockTicker', 'async.Stockticker@9c40f43')
27-Feb-2023 14:36:04.820 GRAVE [http-nio-8080-exec-10] org.apache.catalina.core.StandardWrapperValve.invoke Servlet.service() para servlet [Inicio] lanzó excepción
	javax.persistence.PersistenceException: Exception [EclipseLink-4002] (Eclipse Persistence Services - 2.5.2.v20140319-9ad6abd): org.eclipse.persistence.exceptions.DatabaseException
Internal Exception: com.mysql.cj.jdbc.exceptions.CommunicationsException: Communications link failure

The last packet sent successfully to the server was 0 milliseconds ago. The driver has not received any packets from the server.
Error Code: 0
		at org.eclipse.persistence.internal.jpa.EntityManagerSetupImpl.deploy(EntityManagerSetupImpl.java:766)
		at org.eclipse.persistence.internal.jpa.EntityManagerFactoryDelegate.getAbstractSession(EntityManagerFactoryDelegate.java:204)
		at org.eclipse.persistence.internal.jpa.EntityManagerFactoryDelegate.createEntityManagerImpl(EntityManagerFactoryDelegate.java:304)
		at org.eclipse.persistence.internal.jpa.EntityManagerFactoryImpl.createEntityManagerImpl(EntityManagerFactoryImpl.java:336)
		at org.eclipse.persistence.internal.jpa.EntityManagerFactoryImpl.createEntityManager(EntityManagerFactoryImpl.java:302)
		at modelo.dao.LigaJpaController.getEntityManager(LigaJpaController.java:27)
		at modelo.dao.LigaJpaController.findLigaEntities(LigaJpaController.java:106)
		at modelo.dao.LigaJpaController.findLigaEntities(LigaJpaController.java:98)
		at controladores.Inicio.processRequest(Inicio.java:41)
		at controladores.Inicio.doGet(Inicio.java:58)
		at javax.servlet.http.HttpServlet.service(HttpServlet.java:670)
		at javax.servlet.http.HttpServlet.service(HttpServlet.java:779)
		at org.apache.catalina.core.ApplicationFilterChain.internalDoFilter(ApplicationFilterChain.java:227)
		at org.apache.catalina.core.ApplicationFilterChain.doFilter(ApplicationFilterChain.java:162)
		at org.apache.tomcat.websocket.server.WsFilter.doFilter(WsFilter.java:53)
		at org.apache.catalina.core.ApplicationFilterChain.internalDoFilter(ApplicationFilterChain.java:189)
		at org.apache.catalina.core.ApplicationFilterChain.doFilter(ApplicationFilterChain.java:162)
		at filtros.FiltroSesion.doFilter(FiltroSesion.java:56)
		at org.apache.catalina.core.ApplicationFilterChain.internalDoFilter(ApplicationFilterChain.java:189)
		at org.apache.catalina.core.ApplicationFilterChain.doFilter(ApplicationFilterChain.java:162)
		at org.apache.catalina.core.StandardWrapperValve.invoke(StandardWrapperValve.java:177)
		at org.apache.catalina.core.StandardContextValve.invoke(StandardContextValve.java:97)
		at org.apache.catalina.authenticator.AuthenticatorBase.invoke(AuthenticatorBase.java:541)
		at org.apache.catalina.core.StandardHostValve.invoke(StandardHostValve.java:135)
		at org.apache.catalina.valves.ErrorReportValve.invoke(ErrorReportValve.java:92)
		at org.apache.catalina.valves.AbstractAccessLogValve.invoke(AbstractAccessLogValve.java:687)
		at org.apache.catalina.core.StandardEngineValve.invoke(StandardEngineValve.java:78)
		at org.apache.catalina.connector.CoyoteAdapter.service(CoyoteAdapter.java:360)
		at org.apache.coyote.http11.Http11Processor.service(Http11Processor.java:399)
		at org.apache.coyote.AbstractProcessorLight.process(AbstractProcessorLight.java:65)
		at org.apache.coyote.AbstractProtocol$ConnectionHandler.process(AbstractProtocol.java:891)
		at org.apache.tomcat.util.net.NioEndpoint$SocketProcessor.doRun(NioEndpoint.java:1784)
		at org.apache.tomcat.util.net.SocketProcessorBase.run(SocketProcessorBase.java:49)
		at org.apache.tomcat.util.threads.ThreadPoolExecutor.runWorker(ThreadPoolExecutor.java:1191)
		at org.apache.tomcat.util.threads.ThreadPoolExecutor$Worker.run(ThreadPoolExecutor.java:659)
		at org.apache.tomcat.util.threads.TaskThread$WrappingRunnable.run(TaskThread.java:61)
		at java.lang.Thread.run(Thread.java:748)
	Caused by: Exception [EclipseLink-4002] (Eclipse Persistence Services - 2.5.2.v20140319-9ad6abd): org.eclipse.persistence.exceptions.DatabaseException
Internal Exception: com.mysql.cj.jdbc.exceptions.CommunicationsException: Communications link failure

The last packet sent successfully to the server was 0 milliseconds ago. The driver has not received any packets from the server.
Error Code: 0
		at org.eclipse.persistence.exceptions.DatabaseException.sqlException(DatabaseException.java:331)
		at org.eclipse.persistence.exceptions.DatabaseException.sqlException(DatabaseException.java:326)
		at org.eclipse.persistence.sessions.DefaultConnector.connect(DefaultConnector.java:138)
		at org.eclipse.persistence.sessions.DatasourceLogin.connectToDatasource(DatasourceLogin.java:162)
		at org.eclipse.persistence.internal.sessions.DatabaseSessionImpl.setOrDetectDatasource(DatabaseSessionImpl.java:204)
		at org.eclipse.persistence.internal.sessions.DatabaseSessionImpl.loginAndDetectDatasource(DatabaseSessionImpl.java:741)
		at org.eclipse.persistence.internal.jpa.EntityManagerFactoryProvider.login(EntityManagerFactoryProvider.java:239)
		at org.eclipse.persistence.internal.jpa.EntityManagerSetupImpl.deploy(EntityManagerSetupImpl.java:685)
		... 36 more
	Caused by: com.mysql.cj.jdbc.exceptions.CommunicationsException: Communications link failure

The last packet sent successfully to the server was 0 milliseconds ago. The driver has not received any packets from the server.
		at com.mysql.cj.jdbc.exceptions.SQLError.createCommunicationsException(SQLError.java:174)
		at com.mysql.cj.jdbc.exceptions.SQLExceptionsMapping.translateException(SQLExceptionsMapping.java:64)
		at com.mysql.cj.jdbc.ConnectionImpl.createNewIO(ConnectionImpl.java:835)
		at com.mysql.cj.jdbc.ConnectionImpl.<init>(ConnectionImpl.java:455)
		at com.mysql.cj.jdbc.ConnectionImpl.getInstance(ConnectionImpl.java:240)
		at com.mysql.cj.jdbc.NonRegisteringDriver.connect(NonRegisteringDriver.java:199)
		at java.sql.DriverManager.getConnection(DriverManager.java:664)
		at java.sql.DriverManager.getConnection(DriverManager.java:208)
		at org.eclipse.persistence.sessions.DefaultConnector.connect(DefaultConnector.java:98)
		... 41 more
	Caused by: com.mysql.cj.exceptions.CJCommunicationsException: Communications link failure

The last packet sent successfully to the server was 0 milliseconds ago. The driver has not received any packets from the server.
		at sun.reflect.NativeConstructorAccessorImpl.newInstance0(Native Method)
		at sun.reflect.NativeConstructorAccessorImpl.newInstance(NativeConstructorAccessorImpl.java:62)
		at sun.reflect.DelegatingConstructorAccessorImpl.newInstance(DelegatingConstructorAccessorImpl.java:45)
		at java.lang.reflect.Constructor.newInstance(Constructor.java:423)
		at com.mysql.cj.exceptions.ExceptionFactory.createException(ExceptionFactory.java:61)
		at com.mysql.cj.exceptions.ExceptionFactory.createException(ExceptionFactory.java:105)
		at com.mysql.cj.exceptions.ExceptionFactory.createException(ExceptionFactory.java:151)
		at com.mysql.cj.exceptions.ExceptionFactory.createCommunicationsException(ExceptionFactory.java:167)
		at com.mysql.cj.protocol.a.NativeSocketConnection.connect(NativeSocketConnection.java:91)
		at com.mysql.cj.NativeSession.connect(NativeSession.java:152)
		at com.mysql.cj.jdbc.ConnectionImpl.connectOneTryOnly(ConnectionImpl.java:955)
		at com.mysql.cj.jdbc.ConnectionImpl.createNewIO(ConnectionImpl.java:825)
		... 47 more
	Caused by: java.net.ConnectException: Connection refused: connect
		at java.net.DualStackPlainSocketImpl.connect0(Native Method)
		at java.net.DualStackPlainSocketImpl.socketConnect(DualStackPlainSocketImpl.java:79)
		at java.net.AbstractPlainSocketImpl.doConnect(AbstractPlainSocketImpl.java:350)
		at java.net.AbstractPlainSocketImpl.connectToAddress(AbstractPlainSocketImpl.java:206)
		at java.net.AbstractPlainSocketImpl.connect(AbstractPlainSocketImpl.java:188)
		at java.net.PlainSocketImpl.connect(PlainSocketImpl.java:172)
		at java.net.SocksSocketImpl.connect(SocksSocketImpl.java:392)
		at java.net.Socket.connect(Socket.java:589)
		at com.mysql.cj.protocol.StandardSocketFactory.connect(StandardSocketFactory.java:155)
		at com.mysql.cj.protocol.a.NativeSocketConnection.connect(NativeSocketConnection.java:65)
		... 50 more
27-Feb-2023 15:04:23.428 INFORMACIÓN [main] org.apache.catalina.core.ApplicationContext.log SessionListener: contextDestroyed()
27-Feb-2023 15:04:23.429 INFORMACIÓN [main] org.apache.catalina.core.ApplicationContext.log ContextListener: contextDestroyed()
27-Feb-2023 20:27:27.039 INFORMACIÓN [main] org.apache.catalina.core.ApplicationContext.log ContextListener: contextInitialized()
27-Feb-2023 20:27:27.039 INFORMACIÓN [main] org.apache.catalina.core.ApplicationContext.log SessionListener: contextInitialized()
27-Feb-2023 20:27:27.041 INFORMACIÓN [main] org.apache.catalina.core.ApplicationContext.log ContextListener: attributeAdded('StockTicker', 'async.Stockticker@25511895')
27-Feb-2023 20:42:13.391 INFORMACIÓN [main] org.apache.catalina.core.ApplicationContext.log SessionListener: contextDestroyed()
27-Feb-2023 20:42:13.391 INFORMACIÓN [main] org.apache.catalina.core.ApplicationContext.log ContextListener: contextDestroyed()
27-Feb-2023 20:42:22.942 INFORMACIÓN [main] org.apache.catalina.core.ApplicationContext.log ContextListener: contextInitialized()
27-Feb-2023 20:42:22.942 INFORMACIÓN [main] org.apache.catalina.core.ApplicationContext.log SessionListener: contextInitialized()
27-Feb-2023 20:42:22.944 INFORMACIÓN [main] org.apache.catalina.core.ApplicationContext.log ContextListener: attributeAdded('StockTicker', 'async.Stockticker@77902ed6')
27-Feb-2023 21:48:49.461 INFORMACIÓN [main] org.apache.catalina.core.ApplicationContext.log SessionListener: contextDestroyed()
27-Feb-2023 21:48:49.461 INFORMACIÓN [main] org.apache.catalina.core.ApplicationContext.log ContextListener: contextDestroyed()
