25-Feb-2023 19:31:36.709 INFORMACIÓN [http-nio-8080-exec-4] org.apache.catalina.core.ApplicationContext.log Manager: init: Associated with Deployer 'Catalina:type=Deployer,host=localhost'
25-Feb-2023 19:31:36.709 INFORMACIÓN [http-nio-8080-exec-4] org.apache.catalina.core.ApplicationContext.log Manager: init: Global resources are available
25-Feb-2023 19:31:36.776 INFORMACIÓN [http-nio-8080-exec-9] org.apache.catalina.core.ApplicationContext.log Manager: list: Listing contexts for virtual host 'localhost'
25-Feb-2023 19:31:36.786 INFORMACIÓN [http-nio-8080-exec-10] org.apache.catalina.core.ApplicationContext.log Manager: list: Listing contexts for virtual host 'localhost'
25-Feb-2023 19:31:36.864 INFORMACIÓN [http-nio-8080-exec-3] org.apache.catalina.core.ApplicationContext.log Manager: undeploy: Undeploying web application at '/LigaBaloncesto'
25-Feb-2023 19:31:37.448 INFORMACIÓN [http-nio-8080-exec-8] org.apache.catalina.core.ApplicationContext.log Manager: install: Installing context configuration at 'file:/C:/Users/Zatonio/AppData/Local/Temp/context5043735024505382794.xml'
25-Feb-2023 19:34:16.886 INFORMACIÓN [http-nio-8080-exec-15] org.apache.catalina.core.ApplicationContext.log Manager: list: Listing contexts for virtual host 'localhost'
25-Feb-2023 19:34:16.898 INFORMACIÓN [http-nio-8080-exec-13] org.apache.catalina.core.ApplicationContext.log Manager: undeploy: Undeploying web application at '/LigaBaloncesto'
25-Feb-2023 19:34:25.812 INFORMACIÓN [http-nio-8080-exec-16] org.apache.catalina.core.ApplicationContext.log Manager: list: Listing contexts for virtual host 'localhost'
25-Feb-2023 19:34:25.820 INFORMACIÓN [http-nio-8080-exec-11] org.apache.catalina.core.ApplicationContext.log Manager: list: Listing contexts for virtual host 'localhost'
25-Feb-2023 19:34:25.839 INFORMACIÓN [http-nio-8080-exec-19] org.apache.catalina.core.ApplicationContext.log Manager: install: Installing context configuration at 'file:/C:/Users/Zatonio/AppData/Local/Temp/context5465991485631440627.xml'
25-Feb-2023 19:34:27.783 INFORMACIÓN [http-nio-8080-exec-14] org.apache.catalina.core.ApplicationContext.log Manager: start: Starting web application '/LigaBaloncesto'
25-Feb-2023 19:37:09.614 INFORMACIÓN [http-nio-8080-exec-24] org.apache.catalina.core.ApplicationContext.log Manager: list: Listing contexts for virtual host 'localhost'
25-Feb-2023 19:37:40.876 INFORMACIÓN [http-nio-8080-exec-26] org.apache.catalina.core.ApplicationContext.log Manager: list: Listing contexts for virtual host 'localhost'
25-Feb-2023 19:39:42.704 INFORMACIÓN [http-nio-8080-exec-29] org.apache.catalina.core.ApplicationContext.log Manager: list: Listing contexts for virtual host 'localhost'
25-Feb-2023 19:39:42.712 INFORMACIÓN [http-nio-8080-exec-28] org.apache.catalina.core.ApplicationContext.log Manager: undeploy: Undeploying web application at '/LigaBaloncesto'
25-Feb-2023 19:39:47.653 INFORMACIÓN [http-nio-8080-exec-32] org.apache.catalina.core.ApplicationContext.log Manager: list: Listing contexts for virtual host 'localhost'
25-Feb-2023 19:39:47.657 INFORMACIÓN [http-nio-8080-exec-25] org.apache.catalina.core.ApplicationContext.log Manager: list: Listing contexts for virtual host 'localhost'
25-Feb-2023 19:39:47.669 INFORMACIÓN [http-nio-8080-exec-23] org.apache.catalina.core.ApplicationContext.log Manager: install: Installing context configuration at 'file:/C:/Users/Zatonio/AppData/Local/Temp/context895500774045363429.xml'
25-Feb-2023 19:39:49.802 INFORMACIÓN [http-nio-8080-exec-29] org.apache.catalina.core.ApplicationContext.log Manager: start: Starting web application '/LigaBaloncesto'
25-Feb-2023 19:40:22.018 INFORMACIÓN [http-nio-8080-exec-3] org.apache.catalina.core.ApplicationContext.log Manager: init: Associated with Deployer 'Catalina:type=Deployer,host=localhost'
25-Feb-2023 19:40:22.018 INFORMACIÓN [http-nio-8080-exec-3] org.apache.catalina.core.ApplicationContext.log Manager: init: Global resources are available
25-Feb-2023 19:40:23.067 INFORMACIÓN [http-nio-8080-exec-6] org.apache.catalina.core.ApplicationContext.log Manager: list: Listing contexts for virtual host 'localhost'
25-Feb-2023 19:40:23.083 INFORMACIÓN [http-nio-8080-exec-1] org.apache.catalina.core.ApplicationContext.log Manager: list: Listing contexts for virtual host 'localhost'
25-Feb-2023 19:40:23.098 INFORMACIÓN [http-nio-8080-exec-4] org.apache.catalina.core.ApplicationContext.log Manager: undeploy: Undeploying web application at '/LigaBaloncesto'
25-Feb-2023 19:40:23.683 INFORMACIÓN [http-nio-8080-exec-8] org.apache.catalina.core.ApplicationContext.log Manager: install: Installing context configuration at 'file:/C:/Users/Zatonio/AppData/Local/Temp/context2493418456128432349.xml'
25-Feb-2023 19:40:25.925 INFORMACIÓN [http-nio-8080-exec-3] org.apache.catalina.core.ApplicationContext.log Manager: start: Starting web application '/LigaBaloncesto'
25-Feb-2023 19:49:37.179 INFORMACIÓN [http-nio-8080-exec-18] org.apache.catalina.core.ApplicationContext.log Manager: list: Listing contexts for virtual host 'localhost'
25-Feb-2023 19:49:37.189 INFORMACIÓN [http-nio-8080-exec-19] org.apache.catalina.core.ApplicationContext.log Manager: undeploy: Undeploying web application at '/LigaBaloncesto'
25-Feb-2023 19:49:44.926 INFORMACIÓN [http-nio-8080-exec-18] org.apache.catalina.core.ApplicationContext.log Manager: list: Listing contexts for virtual host 'localhost'
25-Feb-2023 19:49:44.930 INFORMACIÓN [http-nio-8080-exec-22] org.apache.catalina.core.ApplicationContext.log Manager: list: Listing contexts for virtual host 'localhost'
25-Feb-2023 19:49:44.945 INFORMACIÓN [http-nio-8080-exec-13] org.apache.catalina.core.ApplicationContext.log Manager: install: Installing context configuration at 'file:/C:/Users/Zatonio/AppData/Local/Temp/context8245271857174765513.xml'
25-Feb-2023 19:49:46.791 INFORMACIÓN [http-nio-8080-exec-15] org.apache.catalina.core.ApplicationContext.log Manager: start: Starting web application '/LigaBaloncesto'
25-Feb-2023 19:51:44.313 INFORMACIÓN [http-nio-8080-exec-28] org.apache.catalina.core.ApplicationContext.log Manager: list: Listing contexts for virtual host 'localhost'
25-Feb-2023 19:52:05.674 INFORMACIÓN [http-nio-8080-exec-30] org.apache.catalina.core.ApplicationContext.log Manager: list: Listing contexts for virtual host 'localhost'
25-Feb-2023 19:52:37.604 INFORMACIÓN [http-nio-8080-exec-24] org.apache.catalina.core.ApplicationContext.log Manager: list: Listing contexts for virtual host 'localhost'
25-Feb-2023 19:56:58.911 INFORMACIÓN [http-nio-8080-exec-21] org.apache.catalina.core.ApplicationContext.log Manager: list: Listing contexts for virtual host 'localhost'
25-Feb-2023 19:56:58.915 INFORMACIÓN [http-nio-8080-exec-25] org.apache.catalina.core.ApplicationContext.log Manager: list: Listing contexts for virtual host 'localhost'
25-Feb-2023 19:56:58.930 INFORMACIÓN [http-nio-8080-exec-27] org.apache.catalina.core.ApplicationContext.log Manager: undeploy: Undeploying web application at '/LigaBaloncesto'
25-Feb-2023 19:56:59.476 INFORMACIÓN [http-nio-8080-exec-21] org.apache.catalina.core.ApplicationContext.log Manager: install: Installing context configuration at 'file:/C:/Users/Zatonio/AppData/Local/Temp/context2350764502706446619.xml'
25-Feb-2023 19:57:01.094 INFORMACIÓN [http-nio-8080-exec-26] org.apache.catalina.core.ApplicationContext.log Manager: start: Starting web application '/LigaBaloncesto'
25-Feb-2023 19:57:06.333 INFORMACIÓN [http-nio-8080-exec-32] org.apache.catalina.core.ApplicationContext.log Manager: list: Listing contexts for virtual host 'localhost'
25-Feb-2023 19:57:06.336 INFORMACIÓN [http-nio-8080-exec-33] org.apache.catalina.core.ApplicationContext.log Manager: list: Listing contexts for virtual host 'localhost'
25-Feb-2023 19:57:06.349 INFORMACIÓN [http-nio-8080-exec-31] org.apache.catalina.core.ApplicationContext.log Manager: undeploy: Undeploying web application at '/LigaBaloncesto'
25-Feb-2023 19:57:06.882 INFORMACIÓN [http-nio-8080-exec-32] org.apache.catalina.core.ApplicationContext.log Manager: install: Installing context configuration at 'file:/C:/Users/Zatonio/AppData/Local/Temp/context4826756339894457405.xml'
25-Feb-2023 19:57:08.615 INFORMACIÓN [http-nio-8080-exec-29] org.apache.catalina.core.ApplicationContext.log Manager: start: Starting web application '/LigaBaloncesto'
25-Feb-2023 20:09:16.620 INFORMACIÓN [http-nio-8080-exec-35] org.apache.catalina.core.ApplicationContext.log Manager: list: Listing contexts for virtual host 'localhost'
25-Feb-2023 20:09:16.628 INFORMACIÓN [http-nio-8080-exec-39] org.apache.catalina.core.ApplicationContext.log Manager: restart: Reloading web application '/LigaBaloncesto'
25-Feb-2023 20:10:30.876 INFORMACIÓN [http-nio-8080-exec-42] org.apache.catalina.core.ApplicationContext.log Manager: list: Listing contexts for virtual host 'localhost'
25-Feb-2023 20:10:30.884 INFORMACIÓN [http-nio-8080-exec-47] org.apache.catalina.core.ApplicationContext.log Manager: undeploy: Undeploying web application at '/LigaBaloncesto'
25-Feb-2023 20:10:33.431 INFORMACIÓN [http-nio-8080-exec-36] org.apache.catalina.core.ApplicationContext.log Manager: list: Listing contexts for virtual host 'localhost'
25-Feb-2023 20:10:37.262 INFORMACIÓN [http-nio-8080-exec-36] org.apache.catalina.core.ApplicationContext.log Manager: list: Listing contexts for virtual host 'localhost'
25-Feb-2023 20:10:37.267 INFORMACIÓN [http-nio-8080-exec-43] org.apache.catalina.core.ApplicationContext.log Manager: list: Listing contexts for virtual host 'localhost'
25-Feb-2023 20:10:37.277 INFORMACIÓN [http-nio-8080-exec-46] org.apache.catalina.core.ApplicationContext.log Manager: install: Installing context configuration at 'file:/C:/Users/Zatonio/AppData/Local/Temp/context3198818955280235182.xml'
25-Feb-2023 20:10:38.873 INFORMACIÓN [http-nio-8080-exec-37] org.apache.catalina.core.ApplicationContext.log Manager: start: Starting web application '/LigaBaloncesto'
25-Feb-2023 20:10:47.554 INFORMACIÓN [http-nio-8080-exec-50] org.apache.catalina.core.ApplicationContext.log Manager: list: Listing contexts for virtual host 'localhost'
25-Feb-2023 20:10:47.559 INFORMACIÓN [http-nio-8080-exec-48] org.apache.catalina.core.ApplicationContext.log Manager: list: Listing contexts for virtual host 'localhost'
25-Feb-2023 20:10:47.570 INFORMACIÓN [http-nio-8080-exec-51] org.apache.catalina.core.ApplicationContext.log Manager: undeploy: Undeploying web application at '/LigaBaloncesto'
25-Feb-2023 20:10:48.115 INFORMACIÓN [http-nio-8080-exec-53] org.apache.catalina.core.ApplicationContext.log Manager: install: Installing context configuration at 'file:/C:/Users/Zatonio/AppData/Local/Temp/context1622444196902980518.xml'
25-Feb-2023 20:10:50.061 INFORMACIÓN [http-nio-8080-exec-50] org.apache.catalina.core.ApplicationContext.log Manager: start: Starting web application '/LigaBaloncesto'
25-Feb-2023 20:13:14.001 INFORMACIÓN [http-nio-8080-exec-55] org.apache.catalina.core.ApplicationContext.log Manager: list: Listing contexts for virtual host 'localhost'
25-Feb-2023 20:13:14.009 INFORMACIÓN [http-nio-8080-exec-58] org.apache.catalina.core.ApplicationContext.log Manager: restart: Reloading web application '/LigaBaloncesto'
25-Feb-2023 20:13:15.000 INFORMACIÓN [http-nio-8080-exec-57] org.apache.catalina.core.ApplicationContext.log Manager: list: Listing contexts for virtual host 'localhost'
25-Feb-2023 20:13:15.004 INFORMACIÓN [http-nio-8080-exec-63] org.apache.catalina.core.ApplicationContext.log Manager: list: Listing contexts for virtual host 'localhost'
25-Feb-2023 20:13:16.271 INFORMACIÓN [http-nio-8080-exec-62] org.apache.catalina.core.ApplicationContext.log Manager: undeploy: Undeploying web application at '/LigaBaloncesto'
25-Feb-2023 20:13:16.821 INFORMACIÓN [http-nio-8080-exec-63] org.apache.catalina.core.ApplicationContext.log Manager: install: Installing context configuration at 'file:/C:/Users/Zatonio/AppData/Local/Temp/context4965299191388518436.xml'
25-Feb-2023 20:13:18.509 INFORMACIÓN [http-nio-8080-exec-56] org.apache.catalina.core.ApplicationContext.log Manager: start: Starting web application '/LigaBaloncesto'
25-Feb-2023 20:31:13.517 INFORMACIÓN [http-nio-8080-exec-66] org.apache.catalina.core.ApplicationContext.log Manager: list: Listing contexts for virtual host 'localhost'
25-Feb-2023 20:31:13.522 INFORMACIÓN [http-nio-8080-exec-67] org.apache.catalina.core.ApplicationContext.log Manager: list: Listing contexts for virtual host 'localhost'
25-Feb-2023 20:31:13.532 INFORMACIÓN [http-nio-8080-exec-72] org.apache.catalina.core.ApplicationContext.log Manager: undeploy: Undeploying web application at '/LigaBaloncesto'
25-Feb-2023 20:31:14.082 INFORMACIÓN [http-nio-8080-exec-67] org.apache.catalina.core.ApplicationContext.log Manager: install: Installing context configuration at 'file:/C:/Users/Zatonio/AppData/Local/Temp/context3615937763816850000.xml'
25-Feb-2023 20:31:18.767 INFORMACIÓN [http-nio-8080-exec-76] org.apache.catalina.core.ApplicationContext.log Manager: list: Listing contexts for virtual host 'localhost'
25-Feb-2023 20:31:18.775 INFORMACIÓN [http-nio-8080-exec-77] org.apache.catalina.core.ApplicationContext.log Manager: undeploy: Undeploying web application at '/LigaBaloncesto'
25-Feb-2023 20:31:30.050 INFORMACIÓN [http-nio-8080-exec-71] org.apache.catalina.core.ApplicationContext.log Manager: list: Listing contexts for virtual host 'localhost'
25-Feb-2023 20:32:07.695 INFORMACIÓN [http-nio-8080-exec-78] org.apache.catalina.core.ApplicationContext.log Manager: list: Listing contexts for virtual host 'localhost'
25-Feb-2023 20:32:07.705 INFORMACIÓN [http-nio-8080-exec-68] org.apache.catalina.core.ApplicationContext.log Manager: list: Listing contexts for virtual host 'localhost'
25-Feb-2023 20:32:07.721 INFORMACIÓN [http-nio-8080-exec-70] org.apache.catalina.core.ApplicationContext.log Manager: install: Installing context configuration at 'file:/C:/Users/Zatonio/AppData/Local/Temp/context4852219252210960931.xml'
25-Feb-2023 20:46:43.171 INFORMACIÓN [http-nio-8080-exec-6] org.apache.catalina.core.ApplicationContext.log Manager: init: Associated with Deployer 'Catalina:type=Deployer,host=localhost'
25-Feb-2023 20:46:43.172 INFORMACIÓN [http-nio-8080-exec-6] org.apache.catalina.core.ApplicationContext.log Manager: init: Global resources are available
25-Feb-2023 20:46:44.061 INFORMACIÓN [http-nio-8080-exec-4] org.apache.catalina.core.ApplicationContext.log Manager: list: Listing contexts for virtual host 'localhost'
25-Feb-2023 20:46:44.072 INFORMACIÓN [http-nio-8080-exec-3] org.apache.catalina.core.ApplicationContext.log Manager: list: Listing contexts for virtual host 'localhost'
25-Feb-2023 20:46:44.093 INFORMACIÓN [http-nio-8080-exec-5] org.apache.catalina.core.ApplicationContext.log Manager: undeploy: Undeploying web application at '/LigaBaloncesto'
25-Feb-2023 20:46:44.678 INFORMACIÓN [http-nio-8080-exec-2] org.apache.catalina.core.ApplicationContext.log Manager: install: Installing context configuration at 'file:/C:/Users/Zatonio/AppData/Local/Temp/context8295167064557364154.xml'
25-Feb-2023 20:46:46.924 INFORMACIÓN [http-nio-8080-exec-4] org.apache.catalina.core.ApplicationContext.log Manager: start: Starting web application '/LigaBaloncesto'
25-Feb-2023 20:47:14.891 INFORMACIÓN [http-nio-8080-exec-13] org.apache.catalina.core.ApplicationContext.log Manager: list: Listing contexts for virtual host 'localhost'
25-Feb-2023 20:47:14.908 INFORMACIÓN [http-nio-8080-exec-7] org.apache.catalina.core.ApplicationContext.log Manager: restart: Reloading web application '/LigaBaloncesto'
25-Feb-2023 20:48:29.874 INFORMACIÓN [http-nio-8080-exec-25] org.apache.catalina.core.ApplicationContext.log Manager: list: Listing contexts for virtual host 'localhost'
25-Feb-2023 20:48:29.885 INFORMACIÓN [http-nio-8080-exec-19] org.apache.catalina.core.ApplicationContext.log Manager: restart: Reloading web application '/LigaBaloncesto'
25-Feb-2023 20:48:32.126 INFORMACIÓN [http-nio-8080-exec-22] org.apache.catalina.core.ApplicationContext.log Manager: list: Listing contexts for virtual host 'localhost'
25-Feb-2023 20:48:32.135 INFORMACIÓN [http-nio-8080-exec-10] org.apache.catalina.core.ApplicationContext.log Manager: restart: Reloading web application '/LigaBaloncesto'
25-Feb-2023 20:49:13.105 INFORMACIÓN [http-nio-8080-exec-25] org.apache.catalina.core.ApplicationContext.log Manager: list: Listing contexts for virtual host 'localhost'
25-Feb-2023 20:49:13.113 INFORMACIÓN [http-nio-8080-exec-20] org.apache.catalina.core.ApplicationContext.log Manager: restart: Reloading web application '/LigaBaloncesto'
25-Feb-2023 20:49:15.291 INFORMACIÓN [http-nio-8080-exec-21] org.apache.catalina.core.ApplicationContext.log Manager: list: Listing contexts for virtual host 'localhost'
25-Feb-2023 20:49:15.303 INFORMACIÓN [http-nio-8080-exec-24] org.apache.catalina.core.ApplicationContext.log Manager: restart: Reloading web application '/LigaBaloncesto'
25-Feb-2023 20:50:40.569 INFORMACIÓN [http-nio-8080-exec-17] org.apache.catalina.core.ApplicationContext.log Manager: list: Listing contexts for virtual host 'localhost'
25-Feb-2023 20:50:40.576 INFORMACIÓN [http-nio-8080-exec-28] org.apache.catalina.core.ApplicationContext.log Manager: list: Listing contexts for virtual host 'localhost'
25-Feb-2023 20:50:40.611 INFORMACIÓN [http-nio-8080-exec-31] org.apache.catalina.core.ApplicationContext.log Manager: restart: Reloading web application '/LigaBaloncesto'
25-Feb-2023 20:55:04.262 INFORMACIÓN [http-nio-8080-exec-39] org.apache.catalina.core.ApplicationContext.log Manager: list: Listing contexts for virtual host 'localhost'
25-Feb-2023 20:55:04.271 INFORMACIÓN [http-nio-8080-exec-41] org.apache.catalina.core.ApplicationContext.log Manager: list: Listing contexts for virtual host 'localhost'
25-Feb-2023 20:55:04.288 INFORMACIÓN [http-nio-8080-exec-37] org.apache.catalina.core.ApplicationContext.log Manager: undeploy: Undeploying web application at '/LigaBaloncesto'
25-Feb-2023 20:55:04.817 INFORMACIÓN [http-nio-8080-exec-42] org.apache.catalina.core.ApplicationContext.log Manager: install: Installing context configuration at 'file:/C:/Users/Zatonio/AppData/Local/Temp/context7317473168245231987.xml'
25-Feb-2023 20:55:06.468 INFORMACIÓN [http-nio-8080-exec-36] org.apache.catalina.core.ApplicationContext.log Manager: start: Starting web application '/LigaBaloncesto'
25-Feb-2023 21:26:25.130 INFORMACIÓN [http-nio-8080-exec-52] org.apache.catalina.core.ApplicationContext.log Manager: list: Listing contexts for virtual host 'localhost'
25-Feb-2023 21:26:25.139 INFORMACIÓN [http-nio-8080-exec-44] org.apache.catalina.core.ApplicationContext.log Manager: undeploy: Undeploying web application at '/LigaBaloncesto'
25-Feb-2023 21:26:25.234 INFORMACIÓN [http-nio-8080-exec-50] org.apache.catalina.core.ApplicationContext.log Manager: list: Listing contexts for virtual host 'localhost'
25-Feb-2023 21:26:25.676 INFORMACIÓN [http-nio-8080-exec-53] org.apache.catalina.core.ApplicationContext.log Manager: restart: Reloading web application '/LigaBaloncesto'
25-Feb-2023 21:26:28.687 INFORMACIÓN [http-nio-8080-exec-45] org.apache.catalina.core.ApplicationContext.log Manager: list: Listing contexts for virtual host 'localhost'
25-Feb-2023 21:26:28.690 INFORMACIÓN [http-nio-8080-exec-53] org.apache.catalina.core.ApplicationContext.log Manager: list: Listing contexts for virtual host 'localhost'
25-Feb-2023 21:26:28.708 INFORMACIÓN [http-nio-8080-exec-47] org.apache.catalina.core.ApplicationContext.log Manager: install: Installing context configuration at 'file:/C:/Users/Zatonio/AppData/Local/Temp/context2425665709356005805.xml'
25-Feb-2023 21:26:30.263 INFORMACIÓN [http-nio-8080-exec-52] org.apache.catalina.core.ApplicationContext.log Manager: start: Starting web application '/LigaBaloncesto'
25-Feb-2023 21:27:58.595 INFORMACIÓN [http-nio-8080-exec-58] org.apache.catalina.core.ApplicationContext.log Manager: list: Listing contexts for virtual host 'localhost'
25-Feb-2023 21:27:58.600 INFORMACIÓN [http-nio-8080-exec-54] org.apache.catalina.core.ApplicationContext.log Manager: list: Listing contexts for virtual host 'localhost'
25-Feb-2023 21:27:58.637 INFORMACIÓN [http-nio-8080-exec-53] org.apache.catalina.core.ApplicationContext.log Manager: undeploy: Undeploying web application at '/LigaBaloncesto'
25-Feb-2023 21:27:59.170 INFORMACIÓN [http-nio-8080-exec-59] org.apache.catalina.core.ApplicationContext.log Manager: install: Installing context configuration at 'file:/C:/Users/Zatonio/AppData/Local/Temp/context928662932064850839.xml'
25-Feb-2023 21:28:00.690 INFORMACIÓN [http-nio-8080-exec-54] org.apache.catalina.core.ApplicationContext.log Manager: start: Starting web application '/LigaBaloncesto'
25-Feb-2023 21:28:09.239 INFORMACIÓN [http-nio-8080-exec-60] org.apache.catalina.core.ApplicationContext.log Manager: list: Listing contexts for virtual host 'localhost'
25-Feb-2023 21:28:09.247 INFORMACIÓN [http-nio-8080-exec-55] org.apache.catalina.core.ApplicationContext.log Manager: undeploy: Undeploying web application at '/LigaBaloncesto'
25-Feb-2023 21:28:13.570 INFORMACIÓN [http-nio-8080-exec-63] org.apache.catalina.core.ApplicationContext.log Manager: list: Listing contexts for virtual host 'localhost'
25-Feb-2023 21:28:17.000 INFORMACIÓN [http-nio-8080-exec-64] org.apache.catalina.core.ApplicationContext.log Manager: list: Listing contexts for virtual host 'localhost'
25-Feb-2023 21:28:17.008 INFORMACIÓN [http-nio-8080-exec-55] org.apache.catalina.core.ApplicationContext.log Manager: list: Listing contexts for virtual host 'localhost'
25-Feb-2023 21:28:17.025 INFORMACIÓN [http-nio-8080-exec-66] org.apache.catalina.core.ApplicationContext.log Manager: install: Installing context configuration at 'file:/C:/Users/Zatonio/AppData/Local/Temp/context1637761669849446811.xml'
25-Feb-2023 21:28:18.650 INFORMACIÓN [http-nio-8080-exec-54] org.apache.catalina.core.ApplicationContext.log Manager: start: Starting web application '/LigaBaloncesto'
25-Feb-2023 21:42:16.994 INFORMACIÓN [http-nio-8080-exec-74] org.apache.catalina.core.ApplicationContext.log Manager: list: Listing contexts for virtual host 'localhost'
25-Feb-2023 21:42:17.002 INFORMACIÓN [http-nio-8080-exec-75] org.apache.catalina.core.ApplicationContext.log Manager: undeploy: Undeploying web application at '/LigaBaloncesto'
25-Feb-2023 21:42:20.393 INFORMACIÓN [http-nio-8080-exec-74] org.apache.catalina.core.ApplicationContext.log Manager: list: Listing contexts for virtual host 'localhost'
25-Feb-2023 21:42:20.396 INFORMACIÓN [http-nio-8080-exec-66] org.apache.catalina.core.ApplicationContext.log Manager: list: Listing contexts for virtual host 'localhost'
25-Feb-2023 21:42:20.408 INFORMACIÓN [http-nio-8080-exec-73] org.apache.catalina.core.ApplicationContext.log Manager: install: Installing context configuration at 'file:/C:/Users/Zatonio/AppData/Local/Temp/context6298611350663747099.xml'
25-Feb-2023 21:42:21.881 INFORMACIÓN [http-nio-8080-exec-77] org.apache.catalina.core.ApplicationContext.log Manager: start: Starting web application '/LigaBaloncesto'
25-Feb-2023 21:42:51.008 INFORMACIÓN [http-nio-8080-exec-74] org.apache.catalina.core.ApplicationContext.log Manager: list: Listing contexts for virtual host 'localhost'
25-Feb-2023 21:42:51.012 INFORMACIÓN [http-nio-8080-exec-77] org.apache.catalina.core.ApplicationContext.log Manager: list: Listing contexts for virtual host 'localhost'
25-Feb-2023 21:42:51.024 INFORMACIÓN [http-nio-8080-exec-80] org.apache.catalina.core.ApplicationContext.log Manager: undeploy: Undeploying web application at '/LigaBaloncesto'
25-Feb-2023 21:42:51.548 INFORMACIÓN [http-nio-8080-exec-66] org.apache.catalina.core.ApplicationContext.log Manager: install: Installing context configuration at 'file:/C:/Users/Zatonio/AppData/Local/Temp/context3883808245417011103.xml'
25-Feb-2023 21:42:53.106 INFORMACIÓN [http-nio-8080-exec-79] org.apache.catalina.core.ApplicationContext.log Manager: start: Starting web application '/LigaBaloncesto'
25-Feb-2023 21:43:32.341 INFORMACIÓN [http-nio-8080-exec-72] org.apache.catalina.core.ApplicationContext.log Manager: list: Listing contexts for virtual host 'localhost'
25-Feb-2023 21:43:32.348 INFORMACIÓN [http-nio-8080-exec-78] org.apache.catalina.core.ApplicationContext.log Manager: restart: Reloading web application '/LigaBaloncesto'
25-Feb-2023 21:43:39.331 INFORMACIÓN [http-nio-8080-exec-84] org.apache.catalina.core.ApplicationContext.log Manager: list: Listing contexts for virtual host 'localhost'
25-Feb-2023 21:43:39.334 INFORMACIÓN [http-nio-8080-exec-76] org.apache.catalina.core.ApplicationContext.log Manager: list: Listing contexts for virtual host 'localhost'
25-Feb-2023 21:43:39.379 INFORMACIÓN [http-nio-8080-exec-88] org.apache.catalina.core.ApplicationContext.log Manager: restart: Reloading web application '/LigaBaloncesto'
25-Feb-2023 21:43:46.422 INFORMACIÓN [http-nio-8080-exec-84] org.apache.catalina.core.ApplicationContext.log Manager: list: Listing contexts for virtual host 'localhost'
25-Feb-2023 21:43:46.431 INFORMACIÓN [http-nio-8080-exec-89] org.apache.catalina.core.ApplicationContext.log Manager: undeploy: Undeploying web application at '/LigaBaloncesto'
25-Feb-2023 21:43:54.325 INFORMACIÓN [http-nio-8080-exec-89] org.apache.catalina.core.ApplicationContext.log Manager: list: Listing contexts for virtual host 'localhost'
25-Feb-2023 21:43:54.332 INFORMACIÓN [http-nio-8080-exec-87] org.apache.catalina.core.ApplicationContext.log Manager: list: Listing contexts for virtual host 'localhost'
25-Feb-2023 21:43:54.346 INFORMACIÓN [http-nio-8080-exec-93] org.apache.catalina.core.ApplicationContext.log Manager: install: Installing context configuration at 'file:/C:/Users/Zatonio/AppData/Local/Temp/context4466295368345989996.xml'
25-Feb-2023 21:43:55.805 INFORMACIÓN [http-nio-8080-exec-92] org.apache.catalina.core.ApplicationContext.log Manager: start: Starting web application '/LigaBaloncesto'
25-Feb-2023 22:02:53.685 INFORMACIÓN [http-nio-8080-exec-94] org.apache.catalina.core.ApplicationContext.log Manager: list: Listing contexts for virtual host 'localhost'
25-Feb-2023 22:02:53.694 INFORMACIÓN [http-nio-8080-exec-95] org.apache.catalina.core.ApplicationContext.log Manager: restart: Reloading web application '/LigaBaloncesto'
25-Feb-2023 22:09:31.333 INFORMACIÓN [http-nio-8080-exec-111] org.apache.catalina.core.ApplicationContext.log Manager: list: Listing contexts for virtual host 'localhost'
25-Feb-2023 22:09:31.337 INFORMACIÓN [http-nio-8080-exec-110] org.apache.catalina.core.ApplicationContext.log Manager: list: Listing contexts for virtual host 'localhost'
25-Feb-2023 22:09:31.349 INFORMACIÓN [http-nio-8080-exec-112] org.apache.catalina.core.ApplicationContext.log Manager: undeploy: Undeploying web application at '/LigaBaloncesto'
25-Feb-2023 22:09:31.876 INFORMACIÓN [http-nio-8080-exec-111] org.apache.catalina.core.ApplicationContext.log Manager: install: Installing context configuration at 'file:/C:/Users/Zatonio/AppData/Local/Temp/context1954892048999852530.xml'
25-Feb-2023 22:09:33.360 INFORMACIÓN [http-nio-8080-exec-108] org.apache.catalina.core.ApplicationContext.log Manager: start: Starting web application '/LigaBaloncesto'
25-Feb-2023 22:09:39.296 INFORMACIÓN [http-nio-8080-exec-110] org.apache.catalina.core.ApplicationContext.log Manager: list: Listing contexts for virtual host 'localhost'
25-Feb-2023 22:09:39.299 INFORMACIÓN [http-nio-8080-exec-114] org.apache.catalina.core.ApplicationContext.log Manager: list: Listing contexts for virtual host 'localhost'
25-Feb-2023 22:09:39.307 INFORMACIÓN [http-nio-8080-exec-115] org.apache.catalina.core.ApplicationContext.log Manager: undeploy: Undeploying web application at '/LigaBaloncesto'
25-Feb-2023 22:09:39.832 INFORMACIÓN [http-nio-8080-exec-114] org.apache.catalina.core.ApplicationContext.log Manager: install: Installing context configuration at 'file:/C:/Users/Zatonio/AppData/Local/Temp/context3889232069829428687.xml'
25-Feb-2023 22:09:41.221 INFORMACIÓN [http-nio-8080-exec-107] org.apache.catalina.core.ApplicationContext.log Manager: start: Starting web application '/LigaBaloncesto'
25-Feb-2023 22:09:43.976 INFORMACIÓN [http-nio-8080-exec-108] org.apache.catalina.core.ApplicationContext.log Manager: list: Listing contexts for virtual host 'localhost'
25-Feb-2023 22:09:43.981 INFORMACIÓN [http-nio-8080-exec-110] org.apache.catalina.core.ApplicationContext.log Manager: list: Listing contexts for virtual host 'localhost'
25-Feb-2023 22:09:55.656 INFORMACIÓN [http-nio-8080-exec-109] org.apache.catalina.core.ApplicationContext.log Manager: list: Listing contexts for virtual host 'localhost'
25-Feb-2023 22:09:55.659 INFORMACIÓN [http-nio-8080-exec-115] org.apache.catalina.core.ApplicationContext.log Manager: list: Listing contexts for virtual host 'localhost'
25-Feb-2023 22:09:55.675 INFORMACIÓN [http-nio-8080-exec-118] org.apache.catalina.core.ApplicationContext.log Manager: undeploy: Undeploying web application at '/LigaBaloncesto'
25-Feb-2023 22:09:56.209 INFORMACIÓN [http-nio-8080-exec-120] org.apache.catalina.core.ApplicationContext.log Manager: install: Installing context configuration at 'file:/C:/Users/Zatonio/AppData/Local/Temp/context8087223718998622381.xml'
25-Feb-2023 22:09:57.555 INFORMACIÓN [http-nio-8080-exec-113] org.apache.catalina.core.ApplicationContext.log Manager: start: Starting web application '/LigaBaloncesto'
25-Feb-2023 22:18:26.086 INFORMACIÓN [http-nio-8080-exec-121] org.apache.catalina.core.ApplicationContext.log Manager: list: Listing contexts for virtual host 'localhost'
25-Feb-2023 22:18:26.093 INFORMACIÓN [http-nio-8080-exec-125] org.apache.catalina.core.ApplicationContext.log Manager: list: Listing contexts for virtual host 'localhost'
25-Feb-2023 22:18:26.105 INFORMACIÓN [http-nio-8080-exec-128] org.apache.catalina.core.ApplicationContext.log Manager: undeploy: Undeploying web application at '/LigaBaloncesto'
25-Feb-2023 22:18:26.644 INFORMACIÓN [http-nio-8080-exec-127] org.apache.catalina.core.ApplicationContext.log Manager: install: Installing context configuration at 'file:/C:/Users/Zatonio/AppData/Local/Temp/context2739999401689207965.xml'
25-Feb-2023 22:18:28.032 INFORMACIÓN [http-nio-8080-exec-130] org.apache.catalina.core.ApplicationContext.log Manager: start: Starting web application '/LigaBaloncesto'
25-Feb-2023 22:35:03.505 INFORMACIÓN [http-nio-8080-exec-137] org.apache.catalina.core.ApplicationContext.log Manager: list: Listing contexts for virtual host 'localhost'
25-Feb-2023 22:35:03.509 INFORMACIÓN [http-nio-8080-exec-140] org.apache.catalina.core.ApplicationContext.log Manager: list: Listing contexts for virtual host 'localhost'
25-Feb-2023 22:35:03.522 INFORMACIÓN [http-nio-8080-exec-134] org.apache.catalina.core.ApplicationContext.log Manager: undeploy: Undeploying web application at '/LigaBaloncesto'
25-Feb-2023 22:35:04.057 INFORMACIÓN [http-nio-8080-exec-137] org.apache.catalina.core.ApplicationContext.log Manager: install: Installing context configuration at 'file:/C:/Users/Zatonio/AppData/Local/Temp/context5940466916884742904.xml'
25-Feb-2023 22:35:05.706 INFORMACIÓN [http-nio-8080-exec-135] org.apache.catalina.core.ApplicationContext.log Manager: start: Starting web application '/LigaBaloncesto'
25-Feb-2023 22:35:30.683 INFORMACIÓN [http-nio-8080-exec-135] org.apache.catalina.core.ApplicationContext.log Manager: list: Listing contexts for virtual host 'localhost'
25-Feb-2023 22:35:30.686 INFORMACIÓN [http-nio-8080-exec-133] org.apache.catalina.core.ApplicationContext.log Manager: list: Listing contexts for virtual host 'localhost'
25-Feb-2023 22:35:30.696 INFORMACIÓN [http-nio-8080-exec-132] org.apache.catalina.core.ApplicationContext.log Manager: undeploy: Undeploying web application at '/LigaBaloncesto'
25-Feb-2023 22:35:31.218 INFORMACIÓN [http-nio-8080-exec-143] org.apache.catalina.core.ApplicationContext.log Manager: install: Installing context configuration at 'file:/C:/Users/Zatonio/AppData/Local/Temp/context1626534969013039222.xml'
25-Feb-2023 22:35:32.363 INFORMACIÓN [http-nio-8080-exec-145] org.apache.catalina.core.ApplicationContext.log Manager: list: Listing contexts for virtual host 'localhost'
25-Feb-2023 22:35:32.366 INFORMACIÓN [http-nio-8080-exec-138] org.apache.catalina.core.ApplicationContext.log Manager: list: Listing contexts for virtual host 'localhost'
25-Feb-2023 22:35:32.699 INFORMACIÓN [http-nio-8080-exec-144] org.apache.catalina.core.ApplicationContext.log Manager: restart: Reloading web application '/LigaBaloncesto'
25-Feb-2023 22:35:34.142 INFORMACIÓN [http-nio-8080-exec-138] org.apache.catalina.core.ApplicationContext.log Manager: start: Starting web application '/LigaBaloncesto'
25-Feb-2023 22:37:21.678 INFORMACIÓN [http-nio-8080-exec-149] org.apache.catalina.core.ApplicationContext.log Manager: list: Listing contexts for virtual host 'localhost'
25-Feb-2023 22:37:21.685 INFORMACIÓN [http-nio-8080-exec-150] org.apache.catalina.core.ApplicationContext.log Manager: restart: Reloading web application '/LigaBaloncesto'
25-Feb-2023 22:39:08.490 INFORMACIÓN [http-nio-8080-exec-152] org.apache.catalina.core.ApplicationContext.log Manager: list: Listing contexts for virtual host 'localhost'
25-Feb-2023 22:39:08.498 INFORMACIÓN [http-nio-8080-exec-154] org.apache.catalina.core.ApplicationContext.log Manager: restart: Reloading web application '/LigaBaloncesto'
25-Feb-2023 22:40:45.603 INFORMACIÓN [http-nio-8080-exec-162] org.apache.catalina.core.ApplicationContext.log Manager: list: Listing contexts for virtual host 'localhost'
25-Feb-2023 22:40:45.606 INFORMACIÓN [http-nio-8080-exec-159] org.apache.catalina.core.ApplicationContext.log Manager: list: Listing contexts for virtual host 'localhost'
25-Feb-2023 22:40:45.650 INFORMACIÓN [http-nio-8080-exec-151] org.apache.catalina.core.ApplicationContext.log Manager: restart: Reloading web application '/LigaBaloncesto'
25-Feb-2023 22:41:24.318 INFORMACIÓN [http-nio-8080-exec-159] org.apache.catalina.core.ApplicationContext.log Manager: list: Listing contexts for virtual host 'localhost'
25-Feb-2023 22:41:24.327 INFORMACIÓN [http-nio-8080-exec-152] org.apache.catalina.core.ApplicationContext.log Manager: restart: Reloading web application '/LigaBaloncesto'
25-Feb-2023 22:41:27.177 INFORMACIÓN [http-nio-8080-exec-169] org.apache.catalina.core.ApplicationContext.log Manager: list: Listing contexts for virtual host 'localhost'
25-Feb-2023 22:41:27.186 INFORMACIÓN [http-nio-8080-exec-171] org.apache.catalina.core.ApplicationContext.log Manager: undeploy: Undeploying web application at '/LigaBaloncesto'
25-Feb-2023 22:41:33.554 INFORMACIÓN [http-nio-8080-exec-173] org.apache.catalina.core.ApplicationContext.log Manager: list: Listing contexts for virtual host 'localhost'
25-Feb-2023 22:41:33.558 INFORMACIÓN [http-nio-8080-exec-162] org.apache.catalina.core.ApplicationContext.log Manager: list: Listing contexts for virtual host 'localhost'
25-Feb-2023 22:41:33.570 INFORMACIÓN [http-nio-8080-exec-165] org.apache.catalina.core.ApplicationContext.log Manager: install: Installing context configuration at 'file:/C:/Users/Zatonio/AppData/Local/Temp/context1232251094631180993.xml'
25-Feb-2023 22:41:34.963 INFORMACIÓN [http-nio-8080-exec-171] org.apache.catalina.core.ApplicationContext.log Manager: start: Starting web application '/LigaBaloncesto'
25-Feb-2023 22:41:43.805 INFORMACIÓN [http-nio-8080-exec-162] org.apache.catalina.core.ApplicationContext.log Manager: list: Listing contexts for virtual host 'localhost'
25-Feb-2023 22:41:43.812 INFORMACIÓN [http-nio-8080-exec-175] org.apache.catalina.core.ApplicationContext.log Manager: undeploy: Undeploying web application at '/LigaBaloncesto'
25-Feb-2023 22:41:48.367 INFORMACIÓN [http-nio-8080-exec-175] org.apache.catalina.core.ApplicationContext.log Manager: list: Listing contexts for virtual host 'localhost'
25-Feb-2023 22:41:48.370 INFORMACIÓN [http-nio-8080-exec-162] org.apache.catalina.core.ApplicationContext.log Manager: list: Listing contexts for virtual host 'localhost'
25-Feb-2023 22:41:48.382 INFORMACIÓN [http-nio-8080-exec-166] org.apache.catalina.core.ApplicationContext.log Manager: install: Installing context configuration at 'file:/C:/Users/Zatonio/AppData/Local/Temp/context1418742046595904203.xml'
25-Feb-2023 22:41:50.006 INFORMACIÓN [http-nio-8080-exec-176] org.apache.catalina.core.ApplicationContext.log Manager: start: Starting web application '/LigaBaloncesto'
25-Feb-2023 22:41:56.993 INFORMACIÓN [http-nio-8080-exec-175] org.apache.catalina.core.ApplicationContext.log Manager: list: Listing contexts for virtual host 'localhost'
25-Feb-2023 22:41:56.995 INFORMACIÓN [http-nio-8080-exec-179] org.apache.catalina.core.ApplicationContext.log Manager: list: Listing contexts for virtual host 'localhost'
25-Feb-2023 22:41:57.003 INFORMACIÓN [http-nio-8080-exec-168] org.apache.catalina.core.ApplicationContext.log Manager: undeploy: Undeploying web application at '/LigaBaloncesto'
25-Feb-2023 22:41:57.537 INFORMACIÓN [http-nio-8080-exec-179] org.apache.catalina.core.ApplicationContext.log Manager: install: Installing context configuration at 'file:/C:/Users/Zatonio/AppData/Local/Temp/context2152162666878126535.xml'
25-Feb-2023 22:41:58.897 INFORMACIÓN [http-nio-8080-exec-174] org.apache.catalina.core.ApplicationContext.log Manager: start: Starting web application '/LigaBaloncesto'
25-Feb-2023 22:42:03.134 INFORMACIÓN [http-nio-8080-exec-174] org.apache.catalina.core.ApplicationContext.log Manager: list: Listing contexts for virtual host 'localhost'
25-Feb-2023 22:42:03.137 INFORMACIÓN [http-nio-8080-exec-178] org.apache.catalina.core.ApplicationContext.log Manager: list: Listing contexts for virtual host 'localhost'
25-Feb-2023 22:58:33.659 INFORMACIÓN [http-nio-8080-exec-187] org.apache.catalina.core.ApplicationContext.log Manager: list: Listing contexts for virtual host 'localhost'
25-Feb-2023 22:58:33.665 INFORMACIÓN [http-nio-8080-exec-182] org.apache.catalina.core.ApplicationContext.log Manager: restart: Reloading web application '/LigaBaloncesto'
25-Feb-2023 22:58:59.858 INFORMACIÓN [http-nio-8080-exec-190] org.apache.catalina.core.ApplicationContext.log Manager: list: Listing contexts for virtual host 'localhost'
25-Feb-2023 22:58:59.867 INFORMACIÓN [http-nio-8080-exec-189] org.apache.catalina.core.ApplicationContext.log Manager: restart: Reloading web application '/LigaBaloncesto'
25-Feb-2023 22:59:22.814 INFORMACIÓN [http-nio-8080-exec-185] org.apache.catalina.core.ApplicationContext.log Manager: list: Listing contexts for virtual host 'localhost'
25-Feb-2023 22:59:22.822 INFORMACIÓN [http-nio-8080-exec-192] org.apache.catalina.core.ApplicationContext.log Manager: restart: Reloading web application '/LigaBaloncesto'
25-Feb-2023 22:59:46.683 INFORMACIÓN [http-nio-8080-exec-194] org.apache.catalina.core.ApplicationContext.log Manager: list: Listing contexts for virtual host 'localhost'
25-Feb-2023 22:59:46.692 INFORMACIÓN [http-nio-8080-exec-188] org.apache.catalina.core.ApplicationContext.log Manager: restart: Reloading web application '/LigaBaloncesto'
25-Feb-2023 22:59:54.850 INFORMACIÓN [http-nio-8080-exec-199] org.apache.catalina.core.ApplicationContext.log Manager: list: Listing contexts for virtual host 'localhost'
25-Feb-2023 22:59:54.852 INFORMACIÓN [http-nio-8080-exec-197] org.apache.catalina.core.ApplicationContext.log Manager: list: Listing contexts for virtual host 'localhost'
25-Feb-2023 22:59:54.893 INFORMACIÓN [http-nio-8080-exec-191] org.apache.catalina.core.ApplicationContext.log Manager: restart: Reloading web application '/LigaBaloncesto'
25-Feb-2023 23:01:09.674 INFORMACIÓN [http-nio-8080-exec-202] org.apache.catalina.core.ApplicationContext.log Manager: list: Listing contexts for virtual host 'localhost'
25-Feb-2023 23:01:09.683 INFORMACIÓN [http-nio-8080-exec-200] org.apache.catalina.core.ApplicationContext.log Manager: restart: Reloading web application '/LigaBaloncesto'
25-Feb-2023 23:01:49.065 INFORMACIÓN [http-nio-8080-exec-209] org.apache.catalina.core.ApplicationContext.log Manager: list: Listing contexts for virtual host 'localhost'
25-Feb-2023 23:01:49.073 INFORMACIÓN [http-nio-8080-exec-201] org.apache.catalina.core.ApplicationContext.log Manager: undeploy: Undeploying web application at '/LigaBaloncesto'
25-Feb-2023 23:01:51.974 INFORMACIÓN [http-nio-8080-exec-207] org.apache.catalina.core.ApplicationContext.log Manager: list: Listing contexts for virtual host 'localhost'
25-Feb-2023 23:01:56.387 INFORMACIÓN [http-nio-8080-exec-211] org.apache.catalina.core.ApplicationContext.log Manager: list: Listing contexts for virtual host 'localhost'
25-Feb-2023 23:01:56.388 INFORMACIÓN [http-nio-8080-exec-203] org.apache.catalina.core.ApplicationContext.log Manager: list: Listing contexts for virtual host 'localhost'
25-Feb-2023 23:01:56.403 INFORMACIÓN [http-nio-8080-exec-206] org.apache.catalina.core.ApplicationContext.log Manager: install: Installing context configuration at 'file:/C:/Users/Zatonio/AppData/Local/Temp/context1976852822579046322.xml'
25-Feb-2023 23:01:57.924 INFORMACIÓN [http-nio-8080-exec-207] org.apache.catalina.core.ApplicationContext.log Manager: start: Starting web application '/LigaBaloncesto'
25-Feb-2023 23:02:01.514 INFORMACIÓN [http-nio-8080-exec-211] org.apache.catalina.core.ApplicationContext.log Manager: list: Listing contexts for virtual host 'localhost'
25-Feb-2023 23:02:01.517 INFORMACIÓN [http-nio-8080-exec-204] org.apache.catalina.core.ApplicationContext.log Manager: list: Listing contexts for virtual host 'localhost'
25-Feb-2023 23:02:01.528 INFORMACIÓN [http-nio-8080-exec-203] org.apache.catalina.core.ApplicationContext.log Manager: undeploy: Undeploying web application at '/LigaBaloncesto'
25-Feb-2023 23:02:02.063 INFORMACIÓN [http-nio-8080-exec-213] org.apache.catalina.core.ApplicationContext.log Manager: install: Installing context configuration at 'file:/C:/Users/Zatonio/AppData/Local/Temp/context5930656924913128995.xml'
25-Feb-2023 23:02:03.436 INFORMACIÓN [http-nio-8080-exec-214] org.apache.catalina.core.ApplicationContext.log Manager: start: Starting web application '/LigaBaloncesto'
25-Feb-2023 23:03:39.659 INFORMACIÓN [http-nio-8080-exec-218] org.apache.catalina.core.ApplicationContext.log Manager: list: Listing contexts for virtual host 'localhost'
25-Feb-2023 23:03:39.664 INFORMACIÓN [http-nio-8080-exec-220] org.apache.catalina.core.ApplicationContext.log Manager: restart: Reloading web application '/LigaBaloncesto'
25-Feb-2023 23:07:21.236 INFORMACIÓN [http-nio-8080-exec-225] org.apache.catalina.core.ApplicationContext.log Manager: list: Listing contexts for virtual host 'localhost'
25-Feb-2023 23:07:21.245 INFORMACIÓN [http-nio-8080-exec-228] org.apache.catalina.core.ApplicationContext.log Manager: restart: Reloading web application '/LigaBaloncesto'
25-Feb-2023 23:07:25.793 INFORMACIÓN [http-nio-8080-exec-225] org.apache.catalina.core.ApplicationContext.log Manager: list: Listing contexts for virtual host 'localhost'
25-Feb-2023 23:07:25.800 INFORMACIÓN [http-nio-8080-exec-230] org.apache.catalina.core.ApplicationContext.log Manager: restart: Reloading web application '/LigaBaloncesto'
25-Feb-2023 23:07:52.502 INFORMACIÓN [http-nio-8080-exec-234] org.apache.catalina.core.ApplicationContext.log Manager: list: Listing contexts for virtual host 'localhost'
25-Feb-2023 23:07:52.511 INFORMACIÓN [http-nio-8080-exec-227] org.apache.catalina.core.ApplicationContext.log Manager: undeploy: Undeploying web application at '/LigaBaloncesto'
25-Feb-2023 23:07:56.156 INFORMACIÓN [http-nio-8080-exec-235] org.apache.catalina.core.ApplicationContext.log Manager: list: Listing contexts for virtual host 'localhost'
25-Feb-2023 23:07:56.161 INFORMACIÓN [http-nio-8080-exec-225] org.apache.catalina.core.ApplicationContext.log Manager: list: Listing contexts for virtual host 'localhost'
25-Feb-2023 23:07:56.172 INFORMACIÓN [http-nio-8080-exec-236] org.apache.catalina.core.ApplicationContext.log Manager: install: Installing context configuration at 'file:/C:/Users/Zatonio/AppData/Local/Temp/context1071680841408879143.xml'
25-Feb-2023 23:07:57.605 INFORMACIÓN [http-nio-8080-exec-233] org.apache.catalina.core.ApplicationContext.log Manager: start: Starting web application '/LigaBaloncesto'
25-Feb-2023 23:09:10.105 INFORMACIÓN [http-nio-8080-exec-239] org.apache.catalina.core.ApplicationContext.log Manager: list: Listing contexts for virtual host 'localhost'
25-Feb-2023 23:09:10.115 INFORMACIÓN [http-nio-8080-exec-242] org.apache.catalina.core.ApplicationContext.log Manager: restart: Reloading web application '/LigaBaloncesto'
25-Feb-2023 23:09:21.959 INFORMACIÓN [http-nio-8080-exec-241] org.apache.catalina.core.ApplicationContext.log Manager: list: Listing contexts for virtual host 'localhost'
25-Feb-2023 23:09:21.962 INFORMACIÓN [http-nio-8080-exec-249] org.apache.catalina.core.ApplicationContext.log Manager: list: Listing contexts for virtual host 'localhost'
25-Feb-2023 23:09:21.975 INFORMACIÓN [http-nio-8080-exec-244] org.apache.catalina.core.ApplicationContext.log Manager: undeploy: Undeploying web application at '/LigaBaloncesto'
25-Feb-2023 23:09:22.498 INFORMACIÓN [http-nio-8080-exec-241] org.apache.catalina.core.ApplicationContext.log Manager: install: Installing context configuration at 'file:/C:/Users/Zatonio/AppData/Local/Temp/context4567444475589286533.xml'
25-Feb-2023 23:09:23.919 INFORMACIÓN [http-nio-8080-exec-246] org.apache.catalina.core.ApplicationContext.log Manager: start: Starting web application '/LigaBaloncesto'
25-Feb-2023 23:11:23.144 INFORMACIÓN [http-nio-8080-exec-251] org.apache.catalina.core.ApplicationContext.log Manager: list: Listing contexts for virtual host 'localhost'
25-Feb-2023 23:11:23.152 INFORMACIÓN [http-nio-8080-exec-253] org.apache.catalina.core.ApplicationContext.log Manager: restart: Reloading web application '/LigaBaloncesto'
25-Feb-2023 23:11:40.578 INFORMACIÓN [http-nio-8080-exec-261] org.apache.catalina.core.ApplicationContext.log Manager: list: Listing contexts for virtual host 'localhost'
25-Feb-2023 23:11:40.587 INFORMACIÓN [http-nio-8080-exec-259] org.apache.catalina.core.ApplicationContext.log Manager: restart: Reloading web application '/LigaBaloncesto'
25-Feb-2023 23:11:46.614 INFORMACIÓN [http-nio-8080-exec-263] org.apache.catalina.core.ApplicationContext.log Manager: list: Listing contexts for virtual host 'localhost'
25-Feb-2023 23:11:46.616 INFORMACIÓN [http-nio-8080-exec-255] org.apache.catalina.core.ApplicationContext.log Manager: list: Listing contexts for virtual host 'localhost'
25-Feb-2023 23:11:46.656 INFORMACIÓN [http-nio-8080-exec-261] org.apache.catalina.core.ApplicationContext.log Manager: restart: Reloading web application '/LigaBaloncesto'
25-Feb-2023 23:15:25.600 INFORMACIÓN [http-nio-8080-exec-265] org.apache.catalina.core.ApplicationContext.log Manager: list: Listing contexts for virtual host 'localhost'
25-Feb-2023 23:15:25.609 INFORMACIÓN [http-nio-8080-exec-272] org.apache.catalina.core.ApplicationContext.log Manager: restart: Reloading web application '/LigaBaloncesto'
25-Feb-2023 23:16:32.266 INFORMACIÓN [http-nio-8080-exec-273] org.apache.catalina.core.ApplicationContext.log Manager: list: Listing contexts for virtual host 'localhost'
25-Feb-2023 23:16:32.273 INFORMACIÓN [http-nio-8080-exec-264] org.apache.catalina.core.ApplicationContext.log Manager: restart: Reloading web application '/LigaBaloncesto'
25-Feb-2023 23:17:22.745 INFORMACIÓN [http-nio-8080-exec-269] org.apache.catalina.core.ApplicationContext.log Manager: list: Listing contexts for virtual host 'localhost'
25-Feb-2023 23:17:22.754 INFORMACIÓN [http-nio-8080-exec-275] org.apache.catalina.core.ApplicationContext.log Manager: undeploy: Undeploying web application at '/LigaBaloncesto'
25-Feb-2023 23:17:28.214 INFORMACIÓN [http-nio-8080-exec-280] org.apache.catalina.core.ApplicationContext.log Manager: list: Listing contexts for virtual host 'localhost'
25-Feb-2023 23:17:28.219 INFORMACIÓN [http-nio-8080-exec-277] org.apache.catalina.core.ApplicationContext.log Manager: list: Listing contexts for virtual host 'localhost'
25-Feb-2023 23:17:28.230 INFORMACIÓN [http-nio-8080-exec-279] org.apache.catalina.core.ApplicationContext.log Manager: install: Installing context configuration at 'file:/C:/Users/Zatonio/AppData/Local/Temp/context1703759382749519854.xml'
25-Feb-2023 23:17:29.644 INFORMACIÓN [http-nio-8080-exec-265] org.apache.catalina.core.ApplicationContext.log Manager: start: Starting web application '/LigaBaloncesto'
25-Feb-2023 23:18:54.062 INFORMACIÓN [http-nio-8080-exec-286] org.apache.catalina.core.ApplicationContext.log Manager: list: Listing contexts for virtual host 'localhost'
25-Feb-2023 23:18:54.069 INFORMACIÓN [http-nio-8080-exec-280] org.apache.catalina.core.ApplicationContext.log Manager: restart: Reloading web application '/LigaBaloncesto'
25-Feb-2023 23:19:06.842 INFORMACIÓN [http-nio-8080-exec-288] org.apache.catalina.core.ApplicationContext.log Manager: list: Listing contexts for virtual host 'localhost'
25-Feb-2023 23:19:06.846 INFORMACIÓN [http-nio-8080-exec-283] org.apache.catalina.core.ApplicationContext.log Manager: list: Listing contexts for virtual host 'localhost'
25-Feb-2023 23:19:06.888 INFORMACIÓN [http-nio-8080-exec-284] org.apache.catalina.core.ApplicationContext.log Manager: restart: Reloading web application '/LigaBaloncesto'
25-Feb-2023 23:34:08.919 INFORMACIÓN [http-nio-8080-exec-292] org.apache.catalina.core.ApplicationContext.log Manager: list: Listing contexts for virtual host 'localhost'
25-Feb-2023 23:34:08.931 INFORMACIÓN [http-nio-8080-exec-295] org.apache.catalina.core.ApplicationContext.log Manager: restart: Reloading web application '/LigaBaloncesto'
25-Feb-2023 23:34:15.254 INFORMACIÓN [http-nio-8080-exec-299] org.apache.catalina.core.ApplicationContext.log Manager: list: Listing contexts for virtual host 'localhost'
25-Feb-2023 23:34:15.263 INFORMACIÓN [http-nio-8080-exec-301] org.apache.catalina.core.ApplicationContext.log Manager: undeploy: Undeploying web application at '/LigaBaloncesto'
25-Feb-2023 23:34:20.442 INFORMACIÓN [http-nio-8080-exec-302] org.apache.catalina.core.ApplicationContext.log Manager: list: Listing contexts for virtual host 'localhost'
25-Feb-2023 23:34:20.449 INFORMACIÓN [http-nio-8080-exec-297] org.apache.catalina.core.ApplicationContext.log Manager: list: Listing contexts for virtual host 'localhost'
25-Feb-2023 23:34:20.460 INFORMACIÓN [http-nio-8080-exec-296] org.apache.catalina.core.ApplicationContext.log Manager: install: Installing context configuration at 'file:/C:/Users/Zatonio/AppData/Local/Temp/context5598015736374091759.xml'
25-Feb-2023 23:34:21.807 INFORMACIÓN [http-nio-8080-exec-301] org.apache.catalina.core.ApplicationContext.log Manager: start: Starting web application '/LigaBaloncesto'
25-Feb-2023 23:54:42.390 INFORMACIÓN [http-nio-8080-exec-305] org.apache.catalina.core.ApplicationContext.log Manager: list: Listing contexts for virtual host 'localhost'
25-Feb-2023 23:54:42.400 INFORMACIÓN [http-nio-8080-exec-304] org.apache.catalina.core.ApplicationContext.log Manager: restart: Reloading web application '/LigaBaloncesto'
25-Feb-2023 23:58:36.016 INFORMACIÓN [http-nio-8080-exec-315] org.apache.catalina.core.ApplicationContext.log Manager: list: Listing contexts for virtual host 'localhost'
25-Feb-2023 23:58:36.023 INFORMACIÓN [http-nio-8080-exec-317] org.apache.catalina.core.ApplicationContext.log Manager: restart: Reloading web application '/LigaBaloncesto'
25-Feb-2023 23:58:59.222 INFORMACIÓN [http-nio-8080-exec-314] org.apache.catalina.core.ApplicationContext.log Manager: list: Listing contexts for virtual host 'localhost'
25-Feb-2023 23:58:59.229 INFORMACIÓN [http-nio-8080-exec-320] org.apache.catalina.core.ApplicationContext.log Manager: list: Listing contexts for virtual host 'localhost'
25-Feb-2023 23:58:59.268 INFORMACIÓN [http-nio-8080-exec-311] org.apache.catalina.core.ApplicationContext.log Manager: restart: Reloading web application '/LigaBaloncesto'
