24-Mar-2023 18:42:19.083 INFORMACIÓN [http-nio-8080-exec-6] org.apache.catalina.core.ApplicationContext.log Manager: init: Associated with Deployer 'Catalina:type=Deployer,host=localhost'
24-Mar-2023 18:42:19.083 INFORMACIÓN [http-nio-8080-exec-6] org.apache.catalina.core.ApplicationContext.log Manager: init: Global resources are available
24-Mar-2023 18:42:19.138 INFORMACIÓN [http-nio-8080-exec-10] org.apache.catalina.core.ApplicationContext.log Manager: list: Listing contexts for virtual host 'localhost'
24-Mar-2023 18:42:19.144 INFORMACIÓN [http-nio-8080-exec-3] org.apache.catalina.core.ApplicationContext.log Manager: list: Listing contexts for virtual host 'localhost'
24-Mar-2023 18:42:19.172 INFORMACIÓN [http-nio-8080-exec-2] org.apache.catalina.core.ApplicationContext.log Manager: undeploy: Undeploying web application at '/LigaBaloncesto'
24-Mar-2023 18:42:19.749 INFORMACIÓN [http-nio-8080-exec-4] org.apache.catalina.core.ApplicationContext.log Manager: install: Installing context configuration at 'file:/C:/Users/Zatonio/AppData/Local/Temp/context1604104241237672627.xml'
24-Mar-2023 18:42:23.394 INFORMACIÓN [http-nio-8080-exec-9] org.apache.catalina.core.ApplicationContext.log Manager: start: Starting web application '/LigaBaloncesto'
24-Mar-2023 18:43:26.726 INFORMACIÓN [http-nio-8080-exec-11] org.apache.catalina.core.ApplicationContext.log Manager: list: Listing contexts for virtual host 'localhost'
24-Mar-2023 18:43:35.124 INFORMACIÓN [http-nio-8080-exec-19] org.apache.catalina.core.ApplicationContext.log Manager: list: Listing contexts for virtual host 'localhost'
24-Mar-2023 18:43:35.127 INFORMACIÓN [http-nio-8080-exec-12] org.apache.catalina.core.ApplicationContext.log Manager: list: Listing contexts for virtual host 'localhost'
24-Mar-2023 18:43:35.140 INFORMACIÓN [http-nio-8080-exec-6] org.apache.catalina.core.ApplicationContext.log Manager: undeploy: Undeploying web application at '/LigaBaloncesto'
24-Mar-2023 18:43:35.684 INFORMACIÓN [http-nio-8080-exec-11] org.apache.catalina.core.ApplicationContext.log Manager: install: Installing context configuration at 'file:/C:/Users/Zatonio/AppData/Local/Temp/context8594624490214626852.xml'
24-Mar-2023 18:43:39.738 INFORMACIÓN [http-nio-8080-exec-15] org.apache.catalina.core.ApplicationContext.log Manager: start: Starting web application '/LigaBaloncesto'
24-Mar-2023 18:44:57.899 INFORMACIÓN [http-nio-8080-exec-20] org.apache.catalina.core.ApplicationContext.log Manager: list: Listing contexts for virtual host 'localhost'
24-Mar-2023 18:44:57.903 INFORMACIÓN [http-nio-8080-exec-24] org.apache.catalina.core.ApplicationContext.log Manager: list: Listing contexts for virtual host 'localhost'
24-Mar-2023 18:44:57.915 INFORMACIÓN [http-nio-8080-exec-26] org.apache.catalina.core.ApplicationContext.log Manager: undeploy: Undeploying web application at '/LigaBaloncesto'
24-Mar-2023 18:44:58.466 INFORMACIÓN [http-nio-8080-exec-14] org.apache.catalina.core.ApplicationContext.log Manager: install: Installing context configuration at 'file:/C:/Users/Zatonio/AppData/Local/Temp/context1120787592390594210.xml'
24-Mar-2023 18:45:03.307 INFORMACIÓN [http-nio-8080-exec-27] org.apache.catalina.core.ApplicationContext.log Manager: start: Starting web application '/LigaBaloncesto'
24-Mar-2023 18:45:25.641 INFORMACIÓN [http-nio-8080-exec-33] org.apache.catalina.core.ApplicationContext.log Manager: list: Listing contexts for virtual host 'localhost'
24-Mar-2023 18:45:29.692 INFORMACIÓN [http-nio-8080-exec-25] org.apache.catalina.core.ApplicationContext.log Manager: list: Listing contexts for virtual host 'localhost'
24-Mar-2023 18:45:29.700 INFORMACIÓN [http-nio-8080-exec-29] org.apache.catalina.core.ApplicationContext.log Manager: undeploy: Undeploying web application at '/LigaBaloncesto'
24-Mar-2023 18:45:33.056 INFORMACIÓN [http-nio-8080-exec-25] org.apache.catalina.core.ApplicationContext.log Manager: list: Listing contexts for virtual host 'localhost'
24-Mar-2023 18:45:33.061 INFORMACIÓN [http-nio-8080-exec-33] org.apache.catalina.core.ApplicationContext.log Manager: list: Listing contexts for virtual host 'localhost'
24-Mar-2023 18:45:33.071 INFORMACIÓN [http-nio-8080-exec-34] org.apache.catalina.core.ApplicationContext.log Manager: install: Installing context configuration at 'file:/C:/Users/Zatonio/AppData/Local/Temp/context1076811660256569743.xml'
24-Mar-2023 18:45:37.872 INFORMACIÓN [http-nio-8080-exec-29] org.apache.catalina.core.ApplicationContext.log Manager: start: Starting web application '/LigaBaloncesto'
24-Mar-2023 18:45:57.334 INFORMACIÓN [http-nio-8080-exec-38] org.apache.catalina.core.ApplicationContext.log Manager: list: Listing contexts for virtual host 'localhost'
24-Mar-2023 18:45:57.337 INFORMACIÓN [http-nio-8080-exec-35] org.apache.catalina.core.ApplicationContext.log Manager: list: Listing contexts for virtual host 'localhost'
24-Mar-2023 18:45:57.348 INFORMACIÓN [http-nio-8080-exec-32] org.apache.catalina.core.ApplicationContext.log Manager: undeploy: Undeploying web application at '/LigaBaloncesto'
24-Mar-2023 18:45:57.899 INFORMACIÓN [http-nio-8080-exec-35] org.apache.catalina.core.ApplicationContext.log Manager: install: Installing context configuration at 'file:/C:/Users/Zatonio/AppData/Local/Temp/context4803083990405075142.xml'
24-Mar-2023 18:46:01.695 INFORMACIÓN [http-nio-8080-exec-36] org.apache.catalina.core.ApplicationContext.log Manager: start: Starting web application '/LigaBaloncesto'
24-Mar-2023 18:46:22.345 INFORMACIÓN [http-nio-8080-exec-36] org.apache.catalina.core.ApplicationContext.log Manager: list: Listing contexts for virtual host 'localhost'
24-Mar-2023 18:46:56.273 INFORMACIÓN [http-nio-8080-exec-40] org.apache.catalina.core.ApplicationContext.log Manager: list: Listing contexts for virtual host 'localhost'
24-Mar-2023 18:46:56.281 INFORMACIÓN [http-nio-8080-exec-45] org.apache.catalina.core.ApplicationContext.log Manager: undeploy: Undeploying web application at '/LigaBaloncesto'
24-Mar-2023 18:47:03.074 INFORMACIÓN [http-nio-8080-exec-45] org.apache.catalina.core.ApplicationContext.log Manager: list: Listing contexts for virtual host 'localhost'
24-Mar-2023 18:47:03.077 INFORMACIÓN [http-nio-8080-exec-37] org.apache.catalina.core.ApplicationContext.log Manager: list: Listing contexts for virtual host 'localhost'
24-Mar-2023 18:47:03.089 INFORMACIÓN [http-nio-8080-exec-20] org.apache.catalina.core.ApplicationContext.log Manager: install: Installing context configuration at 'file:/C:/Users/Zatonio/AppData/Local/Temp/context6384886190344005106.xml'
24-Mar-2023 18:47:06.585 INFORMACIÓN [http-nio-8080-exec-43] org.apache.catalina.core.ApplicationContext.log Manager: start: Starting web application '/LigaBaloncesto'
24-Mar-2023 18:47:25.342 INFORMACIÓN [http-nio-8080-exec-49] org.apache.catalina.core.ApplicationContext.log Manager: list: Listing contexts for virtual host 'localhost'
24-Mar-2023 18:47:25.351 INFORMACIÓN [http-nio-8080-exec-40] org.apache.catalina.core.ApplicationContext.log Manager: undeploy: Undeploying web application at '/LigaBaloncesto'
24-Mar-2023 18:47:30.368 INFORMACIÓN [http-nio-8080-exec-48] org.apache.catalina.core.ApplicationContext.log Manager: list: Listing contexts for virtual host 'localhost'
24-Mar-2023 18:47:30.372 INFORMACIÓN [http-nio-8080-exec-51] org.apache.catalina.core.ApplicationContext.log Manager: list: Listing contexts for virtual host 'localhost'
24-Mar-2023 18:47:30.382 INFORMACIÓN [http-nio-8080-exec-40] org.apache.catalina.core.ApplicationContext.log Manager: install: Installing context configuration at 'file:/C:/Users/Zatonio/AppData/Local/Temp/context8184033788099654600.xml'
24-Mar-2023 18:47:34.621 INFORMACIÓN [http-nio-8080-exec-52] org.apache.catalina.core.ApplicationContext.log Manager: start: Starting web application '/LigaBaloncesto'
24-Mar-2023 18:48:08.578 INFORMACIÓN [http-nio-8080-exec-56] org.apache.catalina.core.ApplicationContext.log Manager: list: Listing contexts for virtual host 'localhost'
24-Mar-2023 18:48:08.581 INFORMACIÓN [http-nio-8080-exec-51] org.apache.catalina.core.ApplicationContext.log Manager: list: Listing contexts for virtual host 'localhost'
24-Mar-2023 18:48:08.592 INFORMACIÓN [http-nio-8080-exec-58] org.apache.catalina.core.ApplicationContext.log Manager: undeploy: Undeploying web application at '/LigaBaloncesto'
24-Mar-2023 18:48:09.133 INFORMACIÓN [http-nio-8080-exec-51] org.apache.catalina.core.ApplicationContext.log Manager: install: Installing context configuration at 'file:/C:/Users/Zatonio/AppData/Local/Temp/context2601928882168805413.xml'
24-Mar-2023 18:48:12.457 INFORMACIÓN [http-nio-8080-exec-59] org.apache.catalina.core.ApplicationContext.log Manager: start: Starting web application '/LigaBaloncesto'
24-Mar-2023 19:01:26.601 INFORMACIÓN [http-nio-8080-exec-7] org.apache.catalina.core.ApplicationContext.log Manager: init: Associated with Deployer 'Catalina:type=Deployer,host=localhost'
24-Mar-2023 19:01:26.602 INFORMACIÓN [http-nio-8080-exec-7] org.apache.catalina.core.ApplicationContext.log Manager: init: Global resources are available
24-Mar-2023 19:01:26.640 INFORMACIÓN [http-nio-8080-exec-10] org.apache.catalina.core.ApplicationContext.log Manager: list: Listing contexts for virtual host 'localhost'
24-Mar-2023 19:01:26.644 INFORMACIÓN [http-nio-8080-exec-2] org.apache.catalina.core.ApplicationContext.log Manager: list: Listing contexts for virtual host 'localhost'
24-Mar-2023 19:01:26.659 INFORMACIÓN [http-nio-8080-exec-1] org.apache.catalina.core.ApplicationContext.log Manager: undeploy: Undeploying web application at '/LigaBaloncesto'
24-Mar-2023 19:01:27.268 INFORMACIÓN [http-nio-8080-exec-4] org.apache.catalina.core.ApplicationContext.log Manager: install: Installing context configuration at 'file:/C:/Users/Zatonio/AppData/Local/Temp/context6058036862219266514.xml'
24-Mar-2023 19:01:31.353 INFORMACIÓN [http-nio-8080-exec-3] org.apache.catalina.core.ApplicationContext.log Manager: start: Starting web application '/LigaBaloncesto'
24-Mar-2023 19:03:49.208 INFORMACIÓN [http-nio-8080-exec-6] org.apache.catalina.core.ApplicationContext.log Manager: init: Associated with Deployer 'Catalina:type=Deployer,host=localhost'
24-Mar-2023 19:03:49.208 INFORMACIÓN [http-nio-8080-exec-6] org.apache.catalina.core.ApplicationContext.log Manager: init: Global resources are available
24-Mar-2023 19:03:49.242 INFORMACIÓN [http-nio-8080-exec-9] org.apache.catalina.core.ApplicationContext.log Manager: list: Listing contexts for virtual host 'localhost'
24-Mar-2023 19:03:49.247 INFORMACIÓN [http-nio-8080-exec-10] org.apache.catalina.core.ApplicationContext.log Manager: list: Listing contexts for virtual host 'localhost'
24-Mar-2023 19:03:49.264 INFORMACIÓN [http-nio-8080-exec-1] org.apache.catalina.core.ApplicationContext.log Manager: undeploy: Undeploying web application at '/LigaBaloncesto'
24-Mar-2023 19:03:49.859 INFORMACIÓN [http-nio-8080-exec-7] org.apache.catalina.core.ApplicationContext.log Manager: install: Installing context configuration at 'file:/C:/Users/Zatonio/AppData/Local/Temp/context1738514781630292617.xml'
24-Mar-2023 19:03:53.860 INFORMACIÓN [http-nio-8080-exec-5] org.apache.catalina.core.ApplicationContext.log Manager: start: Starting web application '/LigaBaloncesto'
24-Mar-2023 19:09:45.892 INFORMACIÓN [http-nio-8080-exec-15] org.apache.catalina.core.ApplicationContext.log Manager: list: Listing contexts for virtual host 'localhost'
24-Mar-2023 19:09:45.902 INFORMACIÓN [http-nio-8080-exec-13] org.apache.catalina.core.ApplicationContext.log Manager: undeploy: Undeploying web application at '/LigaBaloncesto'
24-Mar-2023 19:11:10.068 INFORMACIÓN [http-nio-8080-exec-24] org.apache.catalina.core.ApplicationContext.log Manager: list: Listing contexts for virtual host 'localhost'
24-Mar-2023 19:11:13.438 INFORMACIÓN [http-nio-8080-exec-22] org.apache.catalina.core.ApplicationContext.log Manager: list: Listing contexts for virtual host 'localhost'
