20-Apr-2023 00:00:33.073 INFORMACIÓN [http-nio-8080-exec-4] org.apache.catalina.core.ApplicationContext.log Manager: init: Associated with Deployer 'Catalina:type=Deployer,host=localhost'
20-Apr-2023 00:00:33.074 INFORMACIÓN [http-nio-8080-exec-4] org.apache.catalina.core.ApplicationContext.log Manager: init: Global resources are available
20-Apr-2023 00:00:33.116 INFORMACIÓN [http-nio-8080-exec-5] org.apache.catalina.core.ApplicationContext.log Manager: list: Listing contexts for virtual host 'localhost'
20-Apr-2023 00:00:33.123 INFORMACIÓN [http-nio-8080-exec-9] org.apache.catalina.core.ApplicationContext.log Manager: list: Listing contexts for virtual host 'localhost'
20-Apr-2023 00:00:33.169 INFORMACIÓN [http-nio-8080-exec-10] org.apache.catalina.core.ApplicationContext.log Manager: undeploy: Undeploying web application at '/SecondWeaponLife'
20-Apr-2023 00:00:33.707 INFORMACIÓN [http-nio-8080-exec-9] org.apache.catalina.core.ApplicationContext.log Manager: install: Installing context configuration at 'file:/C:/Users/Zatonio/AppData/Local/Temp/context4859194883600731995.xml'
20-Apr-2023 00:00:36.219 INFORMACIÓN [http-nio-8080-exec-6] org.apache.catalina.core.ApplicationContext.log Manager: start: Starting web application '/SecondWeaponLife'
20-Apr-2023 00:06:40.413 INFORMACIÓN [http-nio-8080-exec-17] org.apache.catalina.core.ApplicationContext.log Manager: list: Listing contexts for virtual host 'localhost'
20-Apr-2023 00:07:00.660 INFORMACIÓN [http-nio-8080-exec-13] org.apache.catalina.core.ApplicationContext.log Manager: list: Listing contexts for virtual host 'localhost'
20-Apr-2023 00:07:12.136 INFORMACIÓN [http-nio-8080-exec-19] org.apache.catalina.core.ApplicationContext.log Manager: list: Listing contexts for virtual host 'localhost'
20-Apr-2023 00:07:34.361 INFORMACIÓN [http-nio-8080-exec-18] org.apache.catalina.core.ApplicationContext.log Manager: list: Listing contexts for virtual host 'localhost'
20-Apr-2023 00:08:11.228 INFORMACIÓN [http-nio-8080-exec-17] org.apache.catalina.core.ApplicationContext.log Manager: list: Listing contexts for virtual host 'localhost'
20-Apr-2023 00:08:22.918 INFORMACIÓN [http-nio-8080-exec-13] org.apache.catalina.core.ApplicationContext.log Manager: list: Listing contexts for virtual host 'localhost'
20-Apr-2023 00:09:34.479 INFORMACIÓN [http-nio-8080-exec-14] org.apache.catalina.core.ApplicationContext.log Manager: list: Listing contexts for virtual host 'localhost'
20-Apr-2023 00:09:58.558 INFORMACIÓN [http-nio-8080-exec-12] org.apache.catalina.core.ApplicationContext.log Manager: list: Listing contexts for virtual host 'localhost'
20-Apr-2023 00:10:58.939 INFORMACIÓN [http-nio-8080-exec-14] org.apache.catalina.core.ApplicationContext.log Manager: list: Listing contexts for virtual host 'localhost'
20-Apr-2023 00:12:43.319 INFORMACIÓN [http-nio-8080-exec-12] org.apache.catalina.core.ApplicationContext.log Manager: list: Listing contexts for virtual host 'localhost'
20-Apr-2023 00:14:30.335 INFORMACIÓN [http-nio-8080-exec-13] org.apache.catalina.core.ApplicationContext.log Manager: list: Listing contexts for virtual host 'localhost'
20-Apr-2023 00:15:02.675 INFORMACIÓN [http-nio-8080-exec-12] org.apache.catalina.core.ApplicationContext.log Manager: list: Listing contexts for virtual host 'localhost'
20-Apr-2023 00:18:16.681 INFORMACIÓN [http-nio-8080-exec-12] org.apache.catalina.core.ApplicationContext.log Manager: list: Listing contexts for virtual host 'localhost'
